[0.008s] Invoking command in '/home/mario/Desktop/MyS/Mario_Casero_Practica3/yet_another_ws/build/urjc_excavation_world': CMAKE_PREFIX_PATH=${CMAKE_PREFIX_PATH}:/opt/ros/jazzy DEBUGINFOD_URLS=https://debuginfod.ubuntu.com /usr/bin/cmake /home/mario/Desktop/MyS/Mario_Casero_Practica3/yet_another_ws/src/urjc-excavation-world -DCMAKE_INSTALL_PREFIX=/home/mario/Desktop/MyS/Mario_Casero_Practica3/yet_another_ws/install/urjc_excavation_world
[0.053s] -- The C compiler identification is GNU 13.3.0
[0.097s] -- The CXX compiler identification is GNU 13.3.0
[0.111s] -- Detecting C compiler ABI info
[0.190s] -- Detecting C compiler ABI info - done
[0.202s] -- Check for working C compiler: /usr/bin/cc - skipped
[0.202s] -- Detecting C compile features
[0.203s] -- Detecting C compile features - done
[0.211s] -- Detecting CXX compiler ABI info
[0.298s] -- Detecting CXX compiler ABI info - done
[0.306s] -- Check for working CXX compiler: /usr/bin/c++ - skipped
[0.306s] -- Detecting CXX compile features
[0.307s] -- Detecting CXX compile features - done
[0.309s] -- Found ros_gz_sim: 1.0.22 (/opt/ros/jazzy/share/ros_gz_sim/cmake)
[0.442s] -- Found Python3: /usr/bin/python3 (found version "3.12.3") found components: Interpreter 
[0.582s] -- Found rosidl_generator_c: 4.6.9 (/opt/ros/jazzy/share/rosidl_generator_c/cmake)
[0.597s] -- Found rosidl_generator_cpp: 4.6.9 (/opt/ros/jazzy/share/rosidl_generator_cpp/cmake)
[0.612s] -- Using all available rosidl_typesupport_c: rosidl_typesupport_fastrtps_c;rosidl_typesupport_introspection_c
[0.628s] -- Using all available rosidl_typesupport_cpp: rosidl_typesupport_fastrtps_cpp;rosidl_typesupport_introspection_cpp
[0.694s] -- Found rmw_implementation_cmake: 7.3.3 (/opt/ros/jazzy/share/rmw_implementation_cmake/cmake)
[0.697s] -- Found rmw_fastrtps_cpp: 8.4.4 (/opt/ros/jazzy/share/rmw_fastrtps_cpp/cmake)
[0.781s] -- Found OpenSSL: /usr/lib/x86_64-linux-gnu/libcrypto.so (found version "3.0.13")  
[0.802s] -- Found FastRTPS: /opt/ros/jazzy/include (Required is at least version "2.13") 
[0.827s] -- Using RMW implementation 'rmw_fastrtps_cpp' as default
[1.038s] -- Found ament_cmake_ros: 0.12.1 (/opt/ros/jazzy/share/ament_cmake_ros/cmake)
[1.124s] -- Configuring done (1.1s)
[1.127s] -- Generating done (0.0s)
[1.129s] -- Build files have been written to: /home/mario/Desktop/MyS/Mario_Casero_Practica3/yet_another_ws/build/urjc_excavation_world
[1.138s] Invoked command in '/home/mario/Desktop/MyS/Mario_Casero_Practica3/yet_another_ws/build/urjc_excavation_world' returned '0': CMAKE_PREFIX_PATH=${CMAKE_PREFIX_PATH}:/opt/ros/jazzy DEBUGINFOD_URLS=https://debuginfod.ubuntu.com /usr/bin/cmake /home/mario/Desktop/MyS/Mario_Casero_Practica3/yet_another_ws/src/urjc-excavation-world -DCMAKE_INSTALL_PREFIX=/home/mario/Desktop/MyS/Mario_Casero_Practica3/yet_another_ws/install/urjc_excavation_world
[1.139s] Invoking command in '/home/mario/Desktop/MyS/Mario_Casero_Practica3/yet_another_ws/build/urjc_excavation_world': CMAKE_PREFIX_PATH=${CMAKE_PREFIX_PATH}:/opt/ros/jazzy DEBUGINFOD_URLS=https://debuginfod.ubuntu.com /usr/bin/cmake --build /home/mario/Desktop/MyS/Mario_Casero_Practica3/yet_another_ws/build/urjc_excavation_world -- -j20 -l20
[1.187s] Invoked command in '/home/mario/Desktop/MyS/Mario_Casero_Practica3/yet_another_ws/build/urjc_excavation_world' returned '0': CMAKE_PREFIX_PATH=${CMAKE_PREFIX_PATH}:/opt/ros/jazzy DEBUGINFOD_URLS=https://debuginfod.ubuntu.com /usr/bin/cmake --build /home/mario/Desktop/MyS/Mario_Casero_Practica3/yet_another_ws/build/urjc_excavation_world -- -j20 -l20
[1.196s] Invoking command in '/home/mario/Desktop/MyS/Mario_Casero_Practica3/yet_another_ws/build/urjc_excavation_world': CMAKE_PREFIX_PATH=${CMAKE_PREFIX_PATH}:/opt/ros/jazzy DEBUGINFOD_URLS=https://debuginfod.ubuntu.com /usr/bin/cmake --install /home/mario/Desktop/MyS/Mario_Casero_Practica3/yet_another_ws/build/urjc_excavation_world
[1.202s] -- Install configuration: ""
[1.202s] -- Installing: /home/mario/Desktop/MyS/Mario_Casero_Practica3/yet_another_ws/install/urjc_excavation_world/share/urjc_excavation_world/launch
[1.202s] -- Installing: /home/mario/Desktop/MyS/Mario_Casero_Practica3/yet_another_ws/install/urjc_excavation_world/share/urjc_excavation_world/launch/urjc_excavation_msr.launch.py
[1.203s] -- Installing: /home/mario/Desktop/MyS/Mario_Casero_Practica3/yet_another_ws/install/urjc_excavation_world/share/urjc_excavation_world/launch/view_urjc_excavation.launch.py
[1.203s] -- Installing: /home/mario/Desktop/MyS/Mario_Casero_Practica3/yet_another_ws/install/urjc_excavation_world/share/urjc_excavation_world/launch/urjc_excavation.launch.py
[1.203s] -- Installing: /home/mario/Desktop/MyS/Mario_Casero_Practica3/yet_another_ws/install/urjc_excavation_world/share/urjc_excavation_world/maps
[1.203s] -- Installing: /home/mario/Desktop/MyS/Mario_Casero_Practica3/yet_another_ws/install/urjc_excavation_world/share/urjc_excavation_world/maps/excavation_urjc.pcd
[1.205s] -- Installing: /home/mario/Desktop/MyS/Mario_Casero_Practica3/yet_another_ws/install/urjc_excavation_world/share/urjc_excavation_world/maps/excavation_urjc.navmap
[1.205s] -- Installing: /home/mario/Desktop/MyS/Mario_Casero_Practica3/yet_another_ws/install/urjc_excavation_world/share/urjc_excavation_world/models
[1.205s] -- Installing: /home/mario/Desktop/MyS/Mario_Casero_Practica3/yet_another_ws/install/urjc_excavation_world/share/urjc_excavation_world/models/blue_cube
[1.206s] -- Installing: /home/mario/Desktop/MyS/Mario_Casero_Practica3/yet_another_ws/install/urjc_excavation_world/share/urjc_excavation_world/models/blue_cube/meshes
[1.206s] -- Installing: /home/mario/Desktop/MyS/Mario_Casero_Practica3/yet_another_ws/install/urjc_excavation_world/share/urjc_excavation_world/models/blue_cube/meshes/blue_cube.dae
[1.206s] -- Installing: /home/mario/Desktop/MyS/Mario_Casero_Practica3/yet_another_ws/install/urjc_excavation_world/share/urjc_excavation_world/models/blue_cube/model.config
[1.206s] -- Installing: /home/mario/Desktop/MyS/Mario_Casero_Practica3/yet_another_ws/install/urjc_excavation_world/share/urjc_excavation_world/models/blue_cube/model.sdf
[1.206s] -- Installing: /home/mario/Desktop/MyS/Mario_Casero_Practica3/yet_another_ws/install/urjc_excavation_world/share/urjc_excavation_world/models/red_cube
[1.206s] -- Installing: /home/mario/Desktop/MyS/Mario_Casero_Practica3/yet_another_ws/install/urjc_excavation_world/share/urjc_excavation_world/models/red_cube/meshes
[1.206s] -- Installing: /home/mario/Desktop/MyS/Mario_Casero_Practica3/yet_another_ws/install/urjc_excavation_world/share/urjc_excavation_world/models/red_cube/meshes/red_cube.dae
[1.209s] -- Installing: /home/mario/Desktop/MyS/Mario_Casero_Practica3/yet_another_ws/install/urjc_excavation_world/share/urjc_excavation_world/models/red_cube/model.config
[1.209s] -- Installing: /home/mario/Desktop/MyS/Mario_Casero_Practica3/yet_another_ws/install/urjc_excavation_world/share/urjc_excavation_world/models/red_cube/model.sdf
[1.209s] -- Installing: /home/mario/Desktop/MyS/Mario_Casero_Practica3/yet_another_ws/install/urjc_excavation_world/share/urjc_excavation_world/models/green_cube
[1.209s] -- Installing: /home/mario/Desktop/MyS/Mario_Casero_Practica3/yet_another_ws/install/urjc_excavation_world/share/urjc_excavation_world/models/green_cube/meshes
[1.209s] -- Installing: /home/mario/Desktop/MyS/Mario_Casero_Practica3/yet_another_ws/install/urjc_excavation_world/share/urjc_excavation_world/models/green_cube/meshes/green_cube.dae
[1.210s] -- Installing: /home/mario/Desktop/MyS/Mario_Casero_Practica3/yet_another_ws/install/urjc_excavation_world/share/urjc_excavation_world/models/green_cube/model.config
[1.210s] -- Installing: /home/mario/Desktop/MyS/Mario_Casero_Practica3/yet_another_ws/install/urjc_excavation_world/share/urjc_excavation_world/models/green_cube/model.sdf
[1.210s] -- Installing: /home/mario/Desktop/MyS/Mario_Casero_Practica3/yet_another_ws/install/urjc_excavation_world/share/urjc_excavation_world/models/urjc_excavation
[1.210s] -- Installing: /home/mario/Desktop/MyS/Mario_Casero_Practica3/yet_another_ws/install/urjc_excavation_world/share/urjc_excavation_world/models/urjc_excavation/meshes
[1.210s] -- Installing: /home/mario/Desktop/MyS/Mario_Casero_Practica3/yet_another_ws/install/urjc_excavation_world/share/urjc_excavation_world/models/urjc_excavation/meshes/Image_0.095.jpg
[1.210s] -- Installing: /home/mario/Desktop/MyS/Mario_Casero_Practica3/yet_another_ws/install/urjc_excavation_world/share/urjc_excavation_world/models/urjc_excavation/meshes/Image_0.090.jpg
[1.210s] -- Installing: /home/mario/Desktop/MyS/Mario_Casero_Practica3/yet_another_ws/install/urjc_excavation_world/share/urjc_excavation_world/models/urjc_excavation/meshes/Image_0.099.jpg
[1.211s] -- Installing: /home/mario/Desktop/MyS/Mario_Casero_Practica3/yet_another_ws/install/urjc_excavation_world/share/urjc_excavation_world/models/urjc_excavation/meshes/Image_0.077.jpg
[1.211s] -- Installing: /home/mario/Desktop/MyS/Mario_Casero_Practica3/yet_another_ws/install/urjc_excavation_world/share/urjc_excavation_world/models/urjc_excavation/meshes/Image_0.091.jpg
[1.211s] -- Installing: /home/mario/Desktop/MyS/Mario_Casero_Practica3/yet_another_ws/install/urjc_excavation_world/share/urjc_excavation_world/models/urjc_excavation/meshes/Image_0.093.jpg
[1.211s] -- Installing: /home/mario/Desktop/MyS/Mario_Casero_Practica3/yet_another_ws/install/urjc_excavation_world/share/urjc_excavation_world/models/urjc_excavation/meshes/URJC_excavation.dae
[1.211s] -- Installing: /home/mario/Desktop/MyS/Mario_Casero_Practica3/yet_another_ws/install/urjc_excavation_world/share/urjc_excavation_world/models/urjc_excavation/meshes/Image_1.016.jpg
[1.211s] -- Installing: /home/mario/Desktop/MyS/Mario_Casero_Practica3/yet_another_ws/install/urjc_excavation_world/share/urjc_excavation_world/models/urjc_excavation/meshes/Image_0.092.jpg
[1.211s] -- Installing: /home/mario/Desktop/MyS/Mario_Casero_Practica3/yet_another_ws/install/urjc_excavation_world/share/urjc_excavation_world/models/urjc_excavation/meshes/Image_0.079.jpg
[1.211s] -- Installing: /home/mario/Desktop/MyS/Mario_Casero_Practica3/yet_another_ws/install/urjc_excavation_world/share/urjc_excavation_world/models/urjc_excavation/meshes/Image_0.098.jpg
[1.211s] -- Installing: /home/mario/Desktop/MyS/Mario_Casero_Practica3/yet_another_ws/install/urjc_excavation_world/share/urjc_excavation_world/models/urjc_excavation/meshes/Image_0.094.jpg
[1.212s] -- Installing: /home/mario/Desktop/MyS/Mario_Casero_Practica3/yet_another_ws/install/urjc_excavation_world/share/urjc_excavation_world/models/urjc_excavation/meshes/Image_1.014.jpg
[1.212s] -- Installing: /home/mario/Desktop/MyS/Mario_Casero_Practica3/yet_another_ws/install/urjc_excavation_world/share/urjc_excavation_world/models/urjc_excavation/meshes/Image_0.089.jpg
[1.212s] -- Installing: /home/mario/Desktop/MyS/Mario_Casero_Practica3/yet_another_ws/install/urjc_excavation_world/share/urjc_excavation_world/models/urjc_excavation/meshes/Image_0.087.jpg
[1.212s] -- Installing: /home/mario/Desktop/MyS/Mario_Casero_Practica3/yet_another_ws/install/urjc_excavation_world/share/urjc_excavation_world/models/urjc_excavation/meshes/URJC_excavation.stl
[1.212s] -- Installing: /home/mario/Desktop/MyS/Mario_Casero_Practica3/yet_another_ws/install/urjc_excavation_world/share/urjc_excavation_world/models/urjc_excavation/meshes/Image_0.088.jpg
[1.212s] -- Installing: /home/mario/Desktop/MyS/Mario_Casero_Practica3/yet_another_ws/install/urjc_excavation_world/share/urjc_excavation_world/models/urjc_excavation/meshes/Image_0.086.jpg
[1.212s] -- Installing: /home/mario/Desktop/MyS/Mario_Casero_Practica3/yet_another_ws/install/urjc_excavation_world/share/urjc_excavation_world/models/urjc_excavation/meshes/Image_1.017.jpg
[1.212s] -- Installing: /home/mario/Desktop/MyS/Mario_Casero_Practica3/yet_another_ws/install/urjc_excavation_world/share/urjc_excavation_world/models/urjc_excavation/meshes/Image_0.083.jpg
[1.212s] -- Installing: /home/mario/Desktop/MyS/Mario_Casero_Practica3/yet_another_ws/install/urjc_excavation_world/share/urjc_excavation_world/models/urjc_excavation/model.config
[1.212s] -- Installing: /home/mario/Desktop/MyS/Mario_Casero_Practica3/yet_another_ws/install/urjc_excavation_world/share/urjc_excavation_world/models/urjc_excavation/model.sdf
[1.213s] -- Installing: /home/mario/Desktop/MyS/Mario_Casero_Practica3/yet_another_ws/install/urjc_excavation_world/share/urjc_excavation_world/worlds
[1.213s] -- Installing: /home/mario/Desktop/MyS/Mario_Casero_Practica3/yet_another_ws/install/urjc_excavation_world/share/urjc_excavation_world/worlds/urjc_excavation_msr.world
[1.213s] -- Installing: /home/mario/Desktop/MyS/Mario_Casero_Practica3/yet_another_ws/install/urjc_excavation_world/share/urjc_excavation_world/worlds/urjc_excavation.world
[1.213s] -- Installing: /home/mario/Desktop/MyS/Mario_Casero_Practica3/yet_another_ws/install/urjc_excavation_world/share/urjc_excavation_world/worlds/urjc_excavation.sdf
[1.213s] -- Installing: /home/mario/Desktop/MyS/Mario_Casero_Practica3/yet_another_ws/install/urjc_excavation_world/share/urjc_excavation_world/environment/urjc_excavation_world.dsv
[1.214s] -- Installing: /home/mario/Desktop/MyS/Mario_Casero_Practica3/yet_another_ws/install/urjc_excavation_world/share/ament_index/resource_index/package_run_dependencies/urjc_excavation_world
[1.214s] -- Installing: /home/mario/Desktop/MyS/Mario_Casero_Practica3/yet_another_ws/install/urjc_excavation_world/share/ament_index/resource_index/parent_prefix_path/urjc_excavation_world
[1.214s] -- Installing: /home/mario/Desktop/MyS/Mario_Casero_Practica3/yet_another_ws/install/urjc_excavation_world/share/urjc_excavation_world/environment/ament_prefix_path.sh
[1.214s] -- Installing: /home/mario/Desktop/MyS/Mario_Casero_Practica3/yet_another_ws/install/urjc_excavation_world/share/urjc_excavation_world/environment/ament_prefix_path.dsv
[1.214s] -- Installing: /home/mario/Desktop/MyS/Mario_Casero_Practica3/yet_another_ws/install/urjc_excavation_world/share/urjc_excavation_world/environment/path.sh
[1.215s] -- Installing: /home/mario/Desktop/MyS/Mario_Casero_Practica3/yet_another_ws/install/urjc_excavation_world/share/urjc_excavation_world/environment/path.dsv
[1.215s] -- Installing: /home/mario/Desktop/MyS/Mario_Casero_Practica3/yet_another_ws/install/urjc_excavation_world/share/urjc_excavation_world/local_setup.bash
[1.215s] -- Installing: /home/mario/Desktop/MyS/Mario_Casero_Practica3/yet_another_ws/install/urjc_excavation_world/share/urjc_excavation_world/local_setup.sh
[1.215s] -- Installing: /home/mario/Desktop/MyS/Mario_Casero_Practica3/yet_another_ws/install/urjc_excavation_world/share/urjc_excavation_world/local_setup.zsh
[1.215s] -- Installing: /home/mario/Desktop/MyS/Mario_Casero_Practica3/yet_another_ws/install/urjc_excavation_world/share/urjc_excavation_world/local_setup.dsv
[1.215s] -- Installing: /home/mario/Desktop/MyS/Mario_Casero_Practica3/yet_another_ws/install/urjc_excavation_world/share/urjc_excavation_world/package.dsv
[1.216s] -- Installing: /home/mario/Desktop/MyS/Mario_Casero_Practica3/yet_another_ws/install/urjc_excavation_world/share/ament_index/resource_index/packages/urjc_excavation_world
[1.216s] -- Installing: /home/mario/Desktop/MyS/Mario_Casero_Practica3/yet_another_ws/install/urjc_excavation_world/share/urjc_excavation_world/cmake/ament_cmake_export_dependencies-extras.cmake
[1.217s] -- Installing: /home/mario/Desktop/MyS/Mario_Casero_Practica3/yet_another_ws/install/urjc_excavation_world/share/urjc_excavation_world/cmake/urjc_excavation_worldConfig.cmake
[1.217s] -- Installing: /home/mario/Desktop/MyS/Mario_Casero_Practica3/yet_another_ws/install/urjc_excavation_world/share/urjc_excavation_world/cmake/urjc_excavation_worldConfig-version.cmake
[1.217s] -- Installing: /home/mario/Desktop/MyS/Mario_Casero_Practica3/yet_another_ws/install/urjc_excavation_world/share/urjc_excavation_world/package.xml
[1.217s] Invoked command in '/home/mario/Desktop/MyS/Mario_Casero_Practica3/yet_another_ws/build/urjc_excavation_world' returned '0': CMAKE_PREFIX_PATH=${CMAKE_PREFIX_PATH}:/opt/ros/jazzy DEBUGINFOD_URLS=https://debuginfod.ubuntu.com /usr/bin/cmake --install /home/mario/Desktop/MyS/Mario_Casero_Practica3/yet_another_ws/build/urjc_excavation_world
