[0.070s] DEBUG:colcon:Command line arguments: ['/usr/bin/colcon', 'build']
[0.070s] DEBUG:colcon:Parsed command line arguments: Namespace(log_base=None, log_level=None, verb_name='build', build_base='build', install_base='install', merge_install=False, symlink_install=False, test_result_base=None, continue_on_error=False, executor='parallel', parallel_workers=20, event_handlers=None, ignore_user_meta=False, metas=['./colcon.meta'], base_paths=['.'], packages_ignore=None, packages_ignore_regex=None, paths=None, packages_up_to=None, packages_up_to_regex=None, packages_above=None, packages_above_and_dependencies=None, packages_above_depth=None, packages_select_by_dep=None, packages_skip_by_dep=None, packages_skip_up_to=None, packages_select_build_failed=False, packages_skip_build_finished=False, packages_select_test_failures=False, packages_skip_test_passed=False, packages_select=None, packages_skip=None, packages_select_regex=None, packages_skip_regex=None, packages_start=None, packages_end=None, allow_overriding=[], cmake_args=None, cmake_target=None, cmake_target_skip_unavailable=False, cmake_clean_cache=False, cmake_clean_first=False, cmake_force_configure=False, ament_cmake_args=None, catkin_cmake_args=None, catkin_skip_building_tests=False, mixin_files=None, mixin=None, verb_parser=<colcon_mixin.mixin.mixin_argument.MixinArgumentDecorator object at 0x7f33125b8620>, verb_extension=<colcon_core.verb.build.BuildVerb object at 0x7f33125ba4e0>, main=<bound method BuildVerb.main of <colcon_core.verb.build.BuildVerb object at 0x7f33125ba4e0>>, mixin_verb=('build',))
[0.095s] Level 1:colcon.colcon_core.package_discovery:discover_packages(colcon_meta) check parameters
[0.095s] Level 1:colcon.colcon_core.package_discovery:discover_packages(recursive) check parameters
[0.095s] Level 1:colcon.colcon_core.package_discovery:discover_packages(ignore) check parameters
[0.095s] Level 1:colcon.colcon_core.package_discovery:discover_packages(path) check parameters
[0.095s] Level 1:colcon.colcon_core.package_discovery:discover_packages(colcon_meta) discover
[0.095s] Level 1:colcon.colcon_core.package_discovery:discover_packages(recursive) discover
[0.095s] INFO:colcon.colcon_core.package_discovery:Crawling recursively for packages in '/home/mario/Desktop/MyS/Rover_modelado-simulaci-n/ros2_ws'
[0.095s] Level 1:colcon.colcon_core.package_identification:_identify(.) by extensions ['ignore', 'ignore_ament_install']
[0.095s] Level 1:colcon.colcon_core.package_identification:_identify(.) by extension 'ignore'
[0.095s] Level 1:colcon.colcon_core.package_identification:_identify(.) by extension 'ignore_ament_install'
[0.095s] Level 1:colcon.colcon_core.package_identification:_identify(.) by extensions ['colcon_pkg']
[0.095s] Level 1:colcon.colcon_core.package_identification:_identify(.) by extension 'colcon_pkg'
[0.095s] Level 1:colcon.colcon_core.package_identification:_identify(.) by extensions ['colcon_meta']
[0.095s] Level 1:colcon.colcon_core.package_identification:_identify(.) by extension 'colcon_meta'
[0.095s] Level 1:colcon.colcon_core.package_identification:_identify(.) by extensions ['ros']
[0.095s] Level 1:colcon.colcon_core.package_identification:_identify(.) by extension 'ros'
[0.113s] Level 1:colcon.colcon_core.package_identification:_identify(.) by extensions ['cmake', 'python']
[0.113s] Level 1:colcon.colcon_core.package_identification:_identify(.) by extension 'cmake'
[0.113s] Level 1:colcon.colcon_core.package_identification:_identify(.) by extension 'python'
[0.113s] Level 1:colcon.colcon_core.package_identification:_identify(.) by extensions ['python_setup_py']
[0.113s] Level 1:colcon.colcon_core.package_identification:_identify(.) by extension 'python_setup_py'
[0.113s] Level 1:colcon.colcon_core.package_identification:_identify(build) by extensions ['ignore', 'ignore_ament_install']
[0.113s] Level 1:colcon.colcon_core.package_identification:_identify(build) by extension 'ignore'
[0.113s] Level 1:colcon.colcon_core.package_identification:_identify(build) ignored
[0.113s] Level 1:colcon.colcon_core.package_identification:_identify(install) by extensions ['ignore', 'ignore_ament_install']
[0.113s] Level 1:colcon.colcon_core.package_identification:_identify(install) by extension 'ignore'
[0.113s] Level 1:colcon.colcon_core.package_identification:_identify(install) ignored
[0.113s] Level 1:colcon.colcon_core.package_identification:_identify(log) by extensions ['ignore', 'ignore_ament_install']
[0.113s] Level 1:colcon.colcon_core.package_identification:_identify(log) by extension 'ignore'
[0.113s] Level 1:colcon.colcon_core.package_identification:_identify(log) ignored
[0.113s] Level 1:colcon.colcon_core.package_identification:_identify(src) by extensions ['ignore', 'ignore_ament_install']
[0.113s] Level 1:colcon.colcon_core.package_identification:_identify(src) by extension 'ignore'
[0.113s] Level 1:colcon.colcon_core.package_identification:_identify(src) by extension 'ignore_ament_install'
[0.113s] Level 1:colcon.colcon_core.package_identification:_identify(src) by extensions ['colcon_pkg']
[0.113s] Level 1:colcon.colcon_core.package_identification:_identify(src) by extension 'colcon_pkg'
[0.113s] Level 1:colcon.colcon_core.package_identification:_identify(src) by extensions ['colcon_meta']
[0.113s] Level 1:colcon.colcon_core.package_identification:_identify(src) by extension 'colcon_meta'
[0.113s] Level 1:colcon.colcon_core.package_identification:_identify(src) by extensions ['ros']
[0.113s] Level 1:colcon.colcon_core.package_identification:_identify(src) by extension 'ros'
[0.113s] Level 1:colcon.colcon_core.package_identification:_identify(src) by extensions ['cmake', 'python']
[0.114s] Level 1:colcon.colcon_core.package_identification:_identify(src) by extension 'cmake'
[0.114s] Level 1:colcon.colcon_core.package_identification:_identify(src) by extension 'python'
[0.114s] Level 1:colcon.colcon_core.package_identification:_identify(src) by extensions ['python_setup_py']
[0.114s] Level 1:colcon.colcon_core.package_identification:_identify(src) by extension 'python_setup_py'
[0.114s] Level 1:colcon.colcon_core.package_identification:_identify(src/rover_bringup) by extensions ['ignore', 'ignore_ament_install']
[0.114s] Level 1:colcon.colcon_core.package_identification:_identify(src/rover_bringup) by extension 'ignore'
[0.114s] Level 1:colcon.colcon_core.package_identification:_identify(src/rover_bringup) by extension 'ignore_ament_install'
[0.114s] Level 1:colcon.colcon_core.package_identification:_identify(src/rover_bringup) by extensions ['colcon_pkg']
[0.114s] Level 1:colcon.colcon_core.package_identification:_identify(src/rover_bringup) by extension 'colcon_pkg'
[0.114s] Level 1:colcon.colcon_core.package_identification:_identify(src/rover_bringup) by extensions ['colcon_meta']
[0.114s] Level 1:colcon.colcon_core.package_identification:_identify(src/rover_bringup) by extension 'colcon_meta'
[0.114s] Level 1:colcon.colcon_core.package_identification:_identify(src/rover_bringup) by extensions ['ros']
[0.114s] Level 1:colcon.colcon_core.package_identification:_identify(src/rover_bringup) by extension 'ros'
[0.116s] DEBUG:colcon.colcon_core.package_identification:Package 'src/rover_bringup' with type 'ros.ament_cmake' and name 'rover_bringup'
[0.116s] Level 1:colcon.colcon_core.package_identification:_identify(src/rover_description) by extensions ['ignore', 'ignore_ament_install']
[0.116s] Level 1:colcon.colcon_core.package_identification:_identify(src/rover_description) by extension 'ignore'
[0.116s] Level 1:colcon.colcon_core.package_identification:_identify(src/rover_description) by extension 'ignore_ament_install'
[0.116s] Level 1:colcon.colcon_core.package_identification:_identify(src/rover_description) by extensions ['colcon_pkg']
[0.116s] Level 1:colcon.colcon_core.package_identification:_identify(src/rover_description) by extension 'colcon_pkg'
[0.116s] Level 1:colcon.colcon_core.package_identification:_identify(src/rover_description) by extensions ['colcon_meta']
[0.116s] Level 1:colcon.colcon_core.package_identification:_identify(src/rover_description) by extension 'colcon_meta'
[0.116s] Level 1:colcon.colcon_core.package_identification:_identify(src/rover_description) by extensions ['ros']
[0.116s] Level 1:colcon.colcon_core.package_identification:_identify(src/rover_description) by extension 'ros'
[0.116s] DEBUG:colcon.colcon_core.package_identification:Package 'src/rover_description' with type 'ros.ament_cmake' and name 'rover_description'
[0.116s] Level 1:colcon.colcon_core.package_identification:_identify(src/rover_moveit_config) by extensions ['ignore', 'ignore_ament_install']
[0.116s] Level 1:colcon.colcon_core.package_identification:_identify(src/rover_moveit_config) by extension 'ignore'
[0.116s] Level 1:colcon.colcon_core.package_identification:_identify(src/rover_moveit_config) by extension 'ignore_ament_install'
[0.116s] Level 1:colcon.colcon_core.package_identification:_identify(src/rover_moveit_config) by extensions ['colcon_pkg']
[0.116s] Level 1:colcon.colcon_core.package_identification:_identify(src/rover_moveit_config) by extension 'colcon_pkg'
[0.116s] Level 1:colcon.colcon_core.package_identification:_identify(src/rover_moveit_config) by extensions ['colcon_meta']
[0.116s] Level 1:colcon.colcon_core.package_identification:_identify(src/rover_moveit_config) by extension 'colcon_meta'
[0.116s] Level 1:colcon.colcon_core.package_identification:_identify(src/rover_moveit_config) by extensions ['ros']
[0.117s] Level 1:colcon.colcon_core.package_identification:_identify(src/rover_moveit_config) by extension 'ros'
[0.117s] DEBUG:colcon.colcon_core.package_identification:Package 'src/rover_moveit_config' with type 'ros.ament_cmake' and name 'rover_moveit_config'
[0.117s] Level 1:colcon.colcon_core.package_identification:_identify(src/urjc-excavation-world) by extensions ['ignore', 'ignore_ament_install']
[0.117s] Level 1:colcon.colcon_core.package_identification:_identify(src/urjc-excavation-world) by extension 'ignore'
[0.117s] Level 1:colcon.colcon_core.package_identification:_identify(src/urjc-excavation-world) by extension 'ignore_ament_install'
[0.117s] Level 1:colcon.colcon_core.package_identification:_identify(src/urjc-excavation-world) by extensions ['colcon_pkg']
[0.117s] Level 1:colcon.colcon_core.package_identification:_identify(src/urjc-excavation-world) by extension 'colcon_pkg'
[0.117s] Level 1:colcon.colcon_core.package_identification:_identify(src/urjc-excavation-world) by extensions ['colcon_meta']
[0.117s] Level 1:colcon.colcon_core.package_identification:_identify(src/urjc-excavation-world) by extension 'colcon_meta'
[0.117s] Level 1:colcon.colcon_core.package_identification:_identify(src/urjc-excavation-world) by extensions ['ros']
[0.117s] Level 1:colcon.colcon_core.package_identification:_identify(src/urjc-excavation-world) by extension 'ros'
[0.118s] DEBUG:colcon.colcon_core.package_identification:Package 'src/urjc-excavation-world' with type 'ros.ament_cmake' and name 'urjc_excavation_world'
[0.118s] Level 1:colcon.colcon_core.package_discovery:discover_packages(recursive) using defaults
[0.118s] Level 1:colcon.colcon_core.package_discovery:discover_packages(ignore) discover
[0.118s] Level 1:colcon.colcon_core.package_discovery:discover_packages(ignore) using defaults
[0.118s] Level 1:colcon.colcon_core.package_discovery:discover_packages(path) discover
[0.118s] Level 1:colcon.colcon_core.package_discovery:discover_packages(path) using defaults
[0.130s] Level 1:colcon.colcon_core.package_discovery:discover_packages(prefix_path) check parameters
[0.130s] Level 1:colcon.colcon_core.package_discovery:discover_packages(prefix_path) discover
[0.132s] DEBUG:colcon.colcon_installed_package_information.package_discovery:Found 517 installed packages in /opt/ros/jazzy
[0.133s] Level 1:colcon.colcon_core.package_discovery:discover_packages(prefix_path) using defaults
[0.177s] Level 5:colcon.colcon_core.verb:set package 'rover_description' build argument 'cmake_args' from command line to 'None'
[0.177s] Level 5:colcon.colcon_core.verb:set package 'rover_description' build argument 'cmake_target' from command line to 'None'
[0.177s] Level 5:colcon.colcon_core.verb:set package 'rover_description' build argument 'cmake_target_skip_unavailable' from command line to 'False'
[0.178s] Level 5:colcon.colcon_core.verb:set package 'rover_description' build argument 'cmake_clean_cache' from command line to 'False'
[0.178s] Level 5:colcon.colcon_core.verb:set package 'rover_description' build argument 'cmake_clean_first' from command line to 'False'
[0.178s] Level 5:colcon.colcon_core.verb:set package 'rover_description' build argument 'cmake_force_configure' from command line to 'False'
[0.178s] Level 5:colcon.colcon_core.verb:set package 'rover_description' build argument 'ament_cmake_args' from command line to 'None'
[0.178s] Level 5:colcon.colcon_core.verb:set package 'rover_description' build argument 'catkin_cmake_args' from command line to 'None'
[0.178s] Level 5:colcon.colcon_core.verb:set package 'rover_description' build argument 'catkin_skip_building_tests' from command line to 'False'
[0.178s] DEBUG:colcon.colcon_core.verb:Building package 'rover_description' with the following arguments: {'ament_cmake_args': None, 'build_base': '/home/mario/Desktop/MyS/Rover_modelado-simulaci-n/ros2_ws/build/rover_description', 'catkin_cmake_args': None, 'catkin_skip_building_tests': False, 'cmake_args': None, 'cmake_clean_cache': False, 'cmake_clean_first': False, 'cmake_force_configure': False, 'cmake_target': None, 'cmake_target_skip_unavailable': False, 'install_base': '/home/mario/Desktop/MyS/Rover_modelado-simulaci-n/ros2_ws/install/rover_description', 'merge_install': False, 'path': '/home/mario/Desktop/MyS/Rover_modelado-simulaci-n/ros2_ws/src/rover_description', 'symlink_install': False, 'test_result_base': None}
[0.178s] Level 5:colcon.colcon_core.verb:set package 'urjc_excavation_world' build argument 'cmake_args' from command line to 'None'
[0.178s] Level 5:colcon.colcon_core.verb:set package 'urjc_excavation_world' build argument 'cmake_target' from command line to 'None'
[0.178s] Level 5:colcon.colcon_core.verb:set package 'urjc_excavation_world' build argument 'cmake_target_skip_unavailable' from command line to 'False'
[0.178s] Level 5:colcon.colcon_core.verb:set package 'urjc_excavation_world' build argument 'cmake_clean_cache' from command line to 'False'
[0.178s] Level 5:colcon.colcon_core.verb:set package 'urjc_excavation_world' build argument 'cmake_clean_first' from command line to 'False'
[0.178s] Level 5:colcon.colcon_core.verb:set package 'urjc_excavation_world' build argument 'cmake_force_configure' from command line to 'False'
[0.178s] Level 5:colcon.colcon_core.verb:set package 'urjc_excavation_world' build argument 'ament_cmake_args' from command line to 'None'
[0.178s] Level 5:colcon.colcon_core.verb:set package 'urjc_excavation_world' build argument 'catkin_cmake_args' from command line to 'None'
[0.178s] Level 5:colcon.colcon_core.verb:set package 'urjc_excavation_world' build argument 'catkin_skip_building_tests' from command line to 'False'
[0.178s] DEBUG:colcon.colcon_core.verb:Building package 'urjc_excavation_world' with the following arguments: {'ament_cmake_args': None, 'build_base': '/home/mario/Desktop/MyS/Rover_modelado-simulaci-n/ros2_ws/build/urjc_excavation_world', 'catkin_cmake_args': None, 'catkin_skip_building_tests': False, 'cmake_args': None, 'cmake_clean_cache': False, 'cmake_clean_first': False, 'cmake_force_configure': False, 'cmake_target': None, 'cmake_target_skip_unavailable': False, 'install_base': '/home/mario/Desktop/MyS/Rover_modelado-simulaci-n/ros2_ws/install/urjc_excavation_world', 'merge_install': False, 'path': '/home/mario/Desktop/MyS/Rover_modelado-simulaci-n/ros2_ws/src/urjc-excavation-world', 'symlink_install': False, 'test_result_base': None}
[0.178s] Level 5:colcon.colcon_core.verb:set package 'rover_bringup' build argument 'cmake_args' from command line to 'None'
[0.178s] Level 5:colcon.colcon_core.verb:set package 'rover_bringup' build argument 'cmake_target' from command line to 'None'
[0.178s] Level 5:colcon.colcon_core.verb:set package 'rover_bringup' build argument 'cmake_target_skip_unavailable' from command line to 'False'
[0.178s] Level 5:colcon.colcon_core.verb:set package 'rover_bringup' build argument 'cmake_clean_cache' from command line to 'False'
[0.178s] Level 5:colcon.colcon_core.verb:set package 'rover_bringup' build argument 'cmake_clean_first' from command line to 'False'
[0.178s] Level 5:colcon.colcon_core.verb:set package 'rover_bringup' build argument 'cmake_force_configure' from command line to 'False'
[0.178s] Level 5:colcon.colcon_core.verb:set package 'rover_bringup' build argument 'ament_cmake_args' from command line to 'None'
[0.178s] Level 5:colcon.colcon_core.verb:set package 'rover_bringup' build argument 'catkin_cmake_args' from command line to 'None'
[0.178s] Level 5:colcon.colcon_core.verb:set package 'rover_bringup' build argument 'catkin_skip_building_tests' from command line to 'False'
[0.178s] DEBUG:colcon.colcon_core.verb:Building package 'rover_bringup' with the following arguments: {'ament_cmake_args': None, 'build_base': '/home/mario/Desktop/MyS/Rover_modelado-simulaci-n/ros2_ws/build/rover_bringup', 'catkin_cmake_args': None, 'catkin_skip_building_tests': False, 'cmake_args': None, 'cmake_clean_cache': False, 'cmake_clean_first': False, 'cmake_force_configure': False, 'cmake_target': None, 'cmake_target_skip_unavailable': False, 'install_base': '/home/mario/Desktop/MyS/Rover_modelado-simulaci-n/ros2_ws/install/rover_bringup', 'merge_install': False, 'path': '/home/mario/Desktop/MyS/Rover_modelado-simulaci-n/ros2_ws/src/rover_bringup', 'symlink_install': False, 'test_result_base': None}
[0.178s] Level 5:colcon.colcon_core.verb:set package 'rover_moveit_config' build argument 'cmake_args' from command line to 'None'
[0.178s] Level 5:colcon.colcon_core.verb:set package 'rover_moveit_config' build argument 'cmake_target' from command line to 'None'
[0.178s] Level 5:colcon.colcon_core.verb:set package 'rover_moveit_config' build argument 'cmake_target_skip_unavailable' from command line to 'False'
[0.178s] Level 5:colcon.colcon_core.verb:set package 'rover_moveit_config' build argument 'cmake_clean_cache' from command line to 'False'
[0.178s] Level 5:colcon.colcon_core.verb:set package 'rover_moveit_config' build argument 'cmake_clean_first' from command line to 'False'
[0.178s] Level 5:colcon.colcon_core.verb:set package 'rover_moveit_config' build argument 'cmake_force_configure' from command line to 'False'
[0.178s] Level 5:colcon.colcon_core.verb:set package 'rover_moveit_config' build argument 'ament_cmake_args' from command line to 'None'
[0.178s] Level 5:colcon.colcon_core.verb:set package 'rover_moveit_config' build argument 'catkin_cmake_args' from command line to 'None'
[0.178s] Level 5:colcon.colcon_core.verb:set package 'rover_moveit_config' build argument 'catkin_skip_building_tests' from command line to 'False'
[0.178s] DEBUG:colcon.colcon_core.verb:Building package 'rover_moveit_config' with the following arguments: {'ament_cmake_args': None, 'build_base': '/home/mario/Desktop/MyS/Rover_modelado-simulaci-n/ros2_ws/build/rover_moveit_config', 'catkin_cmake_args': None, 'catkin_skip_building_tests': False, 'cmake_args': None, 'cmake_clean_cache': False, 'cmake_clean_first': False, 'cmake_force_configure': False, 'cmake_target': None, 'cmake_target_skip_unavailable': False, 'install_base': '/home/mario/Desktop/MyS/Rover_modelado-simulaci-n/ros2_ws/install/rover_moveit_config', 'merge_install': False, 'path': '/home/mario/Desktop/MyS/Rover_modelado-simulaci-n/ros2_ws/src/rover_moveit_config', 'symlink_install': False, 'test_result_base': None}
[0.178s] INFO:colcon.colcon_core.executor:Executing jobs using 'parallel' executor
[0.179s] DEBUG:colcon.colcon_parallel_executor.executor.parallel:run_until_complete
[0.179s] INFO:colcon.colcon_ros.task.ament_cmake.build:Building ROS package in '/home/mario/Desktop/MyS/Rover_modelado-simulaci-n/ros2_ws/src/rover_description' with build type 'ament_cmake'
[0.180s] INFO:colcon.colcon_cmake.task.cmake.build:Building CMake package in '/home/mario/Desktop/MyS/Rover_modelado-simulaci-n/ros2_ws/src/rover_description'
[0.181s] INFO:colcon.colcon_core.plugin_system:Skipping extension 'colcon_core.shell.bat': Not used on non-Windows systems
[0.181s] INFO:colcon.colcon_core.shell:Skip shell extension 'powershell' for command environment: Not usable outside of PowerShell
[0.181s] DEBUG:colcon.colcon_core.shell:Skip shell extension 'dsv' for command environment
[0.183s] INFO:colcon.colcon_ros.task.ament_cmake.build:Building ROS package in '/home/mario/Desktop/MyS/Rover_modelado-simulaci-n/ros2_ws/src/urjc-excavation-world' with build type 'ament_cmake'
[0.183s] INFO:colcon.colcon_cmake.task.cmake.build:Building CMake package in '/home/mario/Desktop/MyS/Rover_modelado-simulaci-n/ros2_ws/src/urjc-excavation-world'
[0.184s] INFO:colcon.colcon_core.shell:Skip shell extension 'powershell' for command environment: Not usable outside of PowerShell
[0.184s] DEBUG:colcon.colcon_core.shell:Skip shell extension 'dsv' for command environment
[0.188s] DEBUG:colcon.colcon_core.event_handler.log_command:Invoking command in '/home/mario/Desktop/MyS/Rover_modelado-simulaci-n/ros2_ws/build/rover_description': CMAKE_PREFIX_PATH=${CMAKE_PREFIX_PATH}:/opt/ros/jazzy DEBUGINFOD_URLS=https://debuginfod.ubuntu.com /usr/bin/cmake /home/mario/Desktop/MyS/Rover_modelado-simulaci-n/ros2_ws/src/rover_description -DCMAKE_INSTALL_PREFIX=/home/mario/Desktop/MyS/Rover_modelado-simulaci-n/ros2_ws/install/rover_description
[0.191s] DEBUG:colcon.colcon_core.event_handler.log_command:Invoking command in '/home/mario/Desktop/MyS/Rover_modelado-simulaci-n/ros2_ws/build/urjc_excavation_world': CMAKE_PREFIX_PATH=${CMAKE_PREFIX_PATH}:/opt/ros/jazzy DEBUGINFOD_URLS=https://debuginfod.ubuntu.com /usr/bin/cmake /home/mario/Desktop/MyS/Rover_modelado-simulaci-n/ros2_ws/src/urjc-excavation-world -DCMAKE_INSTALL_PREFIX=/home/mario/Desktop/MyS/Rover_modelado-simulaci-n/ros2_ws/install/urjc_excavation_world
[0.916s] DEBUG:colcon.colcon_core.event_handler.log_command:Invoked command in '/home/mario/Desktop/MyS/Rover_modelado-simulaci-n/ros2_ws/build/rover_description' returned '0': CMAKE_PREFIX_PATH=${CMAKE_PREFIX_PATH}:/opt/ros/jazzy DEBUGINFOD_URLS=https://debuginfod.ubuntu.com /usr/bin/cmake /home/mario/Desktop/MyS/Rover_modelado-simulaci-n/ros2_ws/src/rover_description -DCMAKE_INSTALL_PREFIX=/home/mario/Desktop/MyS/Rover_modelado-simulaci-n/ros2_ws/install/rover_description
[0.917s] DEBUG:colcon.colcon_core.event_handler.log_command:Invoking command in '/home/mario/Desktop/MyS/Rover_modelado-simulaci-n/ros2_ws/build/rover_description': CMAKE_PREFIX_PATH=${CMAKE_PREFIX_PATH}:/opt/ros/jazzy DEBUGINFOD_URLS=https://debuginfod.ubuntu.com /usr/bin/cmake --build /home/mario/Desktop/MyS/Rover_modelado-simulaci-n/ros2_ws/build/rover_description -- -j20 -l20
[0.949s] DEBUG:colcon.colcon_core.event_handler.log_command:Invoked command in '/home/mario/Desktop/MyS/Rover_modelado-simulaci-n/ros2_ws/build/rover_description' returned '0': CMAKE_PREFIX_PATH=${CMAKE_PREFIX_PATH}:/opt/ros/jazzy DEBUGINFOD_URLS=https://debuginfod.ubuntu.com /usr/bin/cmake --build /home/mario/Desktop/MyS/Rover_modelado-simulaci-n/ros2_ws/build/rover_description -- -j20 -l20
[0.957s] DEBUG:colcon.colcon_core.event_handler.log_command:Invoking command in '/home/mario/Desktop/MyS/Rover_modelado-simulaci-n/ros2_ws/build/rover_description': CMAKE_PREFIX_PATH=${CMAKE_PREFIX_PATH}:/opt/ros/jazzy DEBUGINFOD_URLS=https://debuginfod.ubuntu.com /usr/bin/cmake --install /home/mario/Desktop/MyS/Rover_modelado-simulaci-n/ros2_ws/build/rover_description
[0.969s] Level 1:colcon.colcon_core.environment:create_environment_scripts_only(rover_description)
[0.969s] DEBUG:colcon.colcon_core.event_handler.log_command:Invoked command in '/home/mario/Desktop/MyS/Rover_modelado-simulaci-n/ros2_ws/build/rover_description' returned '0': CMAKE_PREFIX_PATH=${CMAKE_PREFIX_PATH}:/opt/ros/jazzy DEBUGINFOD_URLS=https://debuginfod.ubuntu.com /usr/bin/cmake --install /home/mario/Desktop/MyS/Rover_modelado-simulaci-n/ros2_ws/build/rover_description
[0.972s] Level 1:colcon.colcon_core.environment:checking '/home/mario/Desktop/MyS/Rover_modelado-simulaci-n/ros2_ws/install/rover_description' for CMake module files
[0.972s] Level 1:colcon.colcon_core.environment:checking '/home/mario/Desktop/MyS/Rover_modelado-simulaci-n/ros2_ws/install/rover_description' for CMake config files
[0.972s] Level 1:colcon.colcon_core.shell:create_environment_hook('rover_description', 'cmake_prefix_path')
[0.972s] INFO:colcon.colcon_core.shell:Creating environment hook '/home/mario/Desktop/MyS/Rover_modelado-simulaci-n/ros2_ws/install/rover_description/share/rover_description/hook/cmake_prefix_path.ps1'
[0.973s] INFO:colcon.colcon_core.shell:Creating environment descriptor '/home/mario/Desktop/MyS/Rover_modelado-simulaci-n/ros2_ws/install/rover_description/share/rover_description/hook/cmake_prefix_path.dsv'
[0.973s] INFO:colcon.colcon_core.shell:Creating environment hook '/home/mario/Desktop/MyS/Rover_modelado-simulaci-n/ros2_ws/install/rover_description/share/rover_description/hook/cmake_prefix_path.sh'
[0.973s] Level 1:colcon.colcon_core.environment:checking '/home/mario/Desktop/MyS/Rover_modelado-simulaci-n/ros2_ws/install/rover_description/bin'
[0.973s] Level 1:colcon.colcon_core.environment:checking '/home/mario/Desktop/MyS/Rover_modelado-simulaci-n/ros2_ws/install/rover_description/lib/pkgconfig/rover_description.pc'
[0.973s] Level 1:colcon.colcon_core.environment:checking '/home/mario/Desktop/MyS/Rover_modelado-simulaci-n/ros2_ws/install/rover_description/lib/python3.12/site-packages'
[0.974s] Level 1:colcon.colcon_core.environment:checking '/home/mario/Desktop/MyS/Rover_modelado-simulaci-n/ros2_ws/install/rover_description/bin'
[0.974s] INFO:colcon.colcon_core.shell:Creating package script '/home/mario/Desktop/MyS/Rover_modelado-simulaci-n/ros2_ws/install/rover_description/share/rover_description/package.ps1'
[0.974s] INFO:colcon.colcon_core.shell:Creating package descriptor '/home/mario/Desktop/MyS/Rover_modelado-simulaci-n/ros2_ws/install/rover_description/share/rover_description/package.dsv'
[0.975s] INFO:colcon.colcon_core.shell:Creating package script '/home/mario/Desktop/MyS/Rover_modelado-simulaci-n/ros2_ws/install/rover_description/share/rover_description/package.sh'
[0.975s] INFO:colcon.colcon_core.shell:Creating package script '/home/mario/Desktop/MyS/Rover_modelado-simulaci-n/ros2_ws/install/rover_description/share/rover_description/package.bash'
[0.975s] INFO:colcon.colcon_core.shell:Creating package script '/home/mario/Desktop/MyS/Rover_modelado-simulaci-n/ros2_ws/install/rover_description/share/rover_description/package.zsh'
[0.976s] Level 1:colcon.colcon_core.environment:create_file_with_runtime_dependencies(/home/mario/Desktop/MyS/Rover_modelado-simulaci-n/ros2_ws/install/rover_description/share/colcon-core/packages/rover_description)
[0.976s] Level 1:colcon.colcon_core.environment:create_environment_scripts_only(rover_description)
[0.976s] Level 1:colcon.colcon_core.environment:checking '/home/mario/Desktop/MyS/Rover_modelado-simulaci-n/ros2_ws/install/rover_description' for CMake module files
[0.976s] Level 1:colcon.colcon_core.environment:checking '/home/mario/Desktop/MyS/Rover_modelado-simulaci-n/ros2_ws/install/rover_description' for CMake config files
[0.976s] Level 1:colcon.colcon_core.shell:create_environment_hook('rover_description', 'cmake_prefix_path')
[0.977s] INFO:colcon.colcon_core.shell:Creating environment hook '/home/mario/Desktop/MyS/Rover_modelado-simulaci-n/ros2_ws/install/rover_description/share/rover_description/hook/cmake_prefix_path.ps1'
[0.977s] INFO:colcon.colcon_core.shell:Creating environment descriptor '/home/mario/Desktop/MyS/Rover_modelado-simulaci-n/ros2_ws/install/rover_description/share/rover_description/hook/cmake_prefix_path.dsv'
[0.977s] INFO:colcon.colcon_core.shell:Creating environment hook '/home/mario/Desktop/MyS/Rover_modelado-simulaci-n/ros2_ws/install/rover_description/share/rover_description/hook/cmake_prefix_path.sh'
[0.977s] Level 1:colcon.colcon_core.environment:checking '/home/mario/Desktop/MyS/Rover_modelado-simulaci-n/ros2_ws/install/rover_description/bin'
[0.977s] Level 1:colcon.colcon_core.environment:checking '/home/mario/Desktop/MyS/Rover_modelado-simulaci-n/ros2_ws/install/rover_description/lib/pkgconfig/rover_description.pc'
[0.977s] Level 1:colcon.colcon_core.environment:checking '/home/mario/Desktop/MyS/Rover_modelado-simulaci-n/ros2_ws/install/rover_description/lib/python3.12/site-packages'
[0.978s] Level 1:colcon.colcon_core.environment:checking '/home/mario/Desktop/MyS/Rover_modelado-simulaci-n/ros2_ws/install/rover_description/bin'
[0.978s] INFO:colcon.colcon_core.shell:Creating package script '/home/mario/Desktop/MyS/Rover_modelado-simulaci-n/ros2_ws/install/rover_description/share/rover_description/package.ps1'
[0.978s] INFO:colcon.colcon_core.shell:Creating package descriptor '/home/mario/Desktop/MyS/Rover_modelado-simulaci-n/ros2_ws/install/rover_description/share/rover_description/package.dsv'
[0.978s] INFO:colcon.colcon_core.shell:Creating package script '/home/mario/Desktop/MyS/Rover_modelado-simulaci-n/ros2_ws/install/rover_description/share/rover_description/package.sh'
[0.979s] INFO:colcon.colcon_core.shell:Creating package script '/home/mario/Desktop/MyS/Rover_modelado-simulaci-n/ros2_ws/install/rover_description/share/rover_description/package.bash'
[0.979s] INFO:colcon.colcon_core.shell:Creating package script '/home/mario/Desktop/MyS/Rover_modelado-simulaci-n/ros2_ws/install/rover_description/share/rover_description/package.zsh'
[0.979s] Level 1:colcon.colcon_core.environment:create_file_with_runtime_dependencies(/home/mario/Desktop/MyS/Rover_modelado-simulaci-n/ros2_ws/install/rover_description/share/colcon-core/packages/rover_description)
[0.979s] INFO:colcon.colcon_ros.task.ament_cmake.build:Building ROS package in '/home/mario/Desktop/MyS/Rover_modelado-simulaci-n/ros2_ws/src/rover_bringup' with build type 'ament_cmake'
[0.979s] INFO:colcon.colcon_cmake.task.cmake.build:Building CMake package in '/home/mario/Desktop/MyS/Rover_modelado-simulaci-n/ros2_ws/src/rover_bringup'
[0.979s] INFO:colcon.colcon_core.shell:Skip shell extension 'powershell' for command environment: Not usable outside of PowerShell
[0.979s] DEBUG:colcon.colcon_core.shell:Skip shell extension 'dsv' for command environment
[0.982s] INFO:colcon.colcon_ros.task.ament_cmake.build:Building ROS package in '/home/mario/Desktop/MyS/Rover_modelado-simulaci-n/ros2_ws/src/rover_moveit_config' with build type 'ament_cmake'
[0.982s] INFO:colcon.colcon_cmake.task.cmake.build:Building CMake package in '/home/mario/Desktop/MyS/Rover_modelado-simulaci-n/ros2_ws/src/rover_moveit_config'
[0.982s] INFO:colcon.colcon_core.shell:Skip shell extension 'powershell' for command environment: Not usable outside of PowerShell
[0.982s] DEBUG:colcon.colcon_core.shell:Skip shell extension 'dsv' for command environment
[0.986s] DEBUG:colcon.colcon_core.event_handler.log_command:Invoking command in '/home/mario/Desktop/MyS/Rover_modelado-simulaci-n/ros2_ws/build/rover_bringup': AMENT_PREFIX_PATH=/home/mario/Desktop/MyS/Rover_modelado-simulaci-n/ros2_ws/install/rover_description:${AMENT_PREFIX_PATH} CMAKE_PREFIX_PATH=/home/mario/Desktop/MyS/Rover_modelado-simulaci-n/ros2_ws/install/rover_description:/opt/ros/jazzy/opt/gz_sim_vendor:/opt/ros/jazzy/opt/gz_sensors_vendor:/opt/ros/jazzy/opt/gz_physics_vendor:/opt/ros/jazzy/opt/sdformat_vendor:/opt/ros/jazzy/opt/gz_gui_vendor:/opt/ros/jazzy/opt/gz_transport_vendor:/opt/ros/jazzy/opt/gz_rendering_vendor:/opt/ros/jazzy/opt/gz_plugin_vendor:/opt/ros/jazzy/opt/gz_fuel_tools_vendor:/opt/ros/jazzy/opt/gz_msgs_vendor:/opt/ros/jazzy/opt/gz_common_vendor:/opt/ros/jazzy/opt/gz_math_vendor:/opt/ros/jazzy/opt/gz_utils_vendor:/opt/ros/jazzy/opt/gz_tools_vendor:/opt/ros/jazzy/opt/gz_ogre_next_vendor:/opt/ros/jazzy/opt/gz_dartsim_vendor:/opt/ros/jazzy/opt/gz_cmake_vendor:/opt/ros/jazzy DEBUGINFOD_URLS=https://debuginfod.ubuntu.com /usr/bin/cmake /home/mario/Desktop/MyS/Rover_modelado-simulaci-n/ros2_ws/src/rover_bringup -DCMAKE_INSTALL_PREFIX=/home/mario/Desktop/MyS/Rover_modelado-simulaci-n/ros2_ws/install/rover_bringup
[0.988s] DEBUG:colcon.colcon_core.event_handler.log_command:Invoking command in '/home/mario/Desktop/MyS/Rover_modelado-simulaci-n/ros2_ws/build/rover_moveit_config': AMENT_PREFIX_PATH=/home/mario/Desktop/MyS/Rover_modelado-simulaci-n/ros2_ws/install/rover_description:${AMENT_PREFIX_PATH} CMAKE_PREFIX_PATH=/home/mario/Desktop/MyS/Rover_modelado-simulaci-n/ros2_ws/install/rover_description:/opt/ros/jazzy/opt/gz_sim_vendor:/opt/ros/jazzy/opt/gz_sensors_vendor:/opt/ros/jazzy/opt/gz_physics_vendor:/opt/ros/jazzy/opt/sdformat_vendor:/opt/ros/jazzy/opt/gz_gui_vendor:/opt/ros/jazzy/opt/gz_transport_vendor:/opt/ros/jazzy/opt/gz_rendering_vendor:/opt/ros/jazzy/opt/gz_plugin_vendor:/opt/ros/jazzy/opt/gz_fuel_tools_vendor:/opt/ros/jazzy/opt/gz_msgs_vendor:/opt/ros/jazzy/opt/gz_common_vendor:/opt/ros/jazzy/opt/gz_math_vendor:/opt/ros/jazzy/opt/gz_utils_vendor:/opt/ros/jazzy/opt/gz_tools_vendor:/opt/ros/jazzy/opt/gz_ogre_next_vendor:/opt/ros/jazzy/opt/gz_dartsim_vendor:/opt/ros/jazzy/opt/gz_cmake_vendor:/opt/ros/jazzy DEBUGINFOD_URLS=https://debuginfod.ubuntu.com /usr/bin/cmake /home/mario/Desktop/MyS/Rover_modelado-simulaci-n/ros2_ws/src/rover_moveit_config -DCMAKE_INSTALL_PREFIX=/home/mario/Desktop/MyS/Rover_modelado-simulaci-n/ros2_ws/install/rover_moveit_config
[1.423s] DEBUG:colcon.colcon_core.event_handler.log_command:Invoked command in '/home/mario/Desktop/MyS/Rover_modelado-simulaci-n/ros2_ws/build/urjc_excavation_world' returned '0': CMAKE_PREFIX_PATH=${CMAKE_PREFIX_PATH}:/opt/ros/jazzy DEBUGINFOD_URLS=https://debuginfod.ubuntu.com /usr/bin/cmake /home/mario/Desktop/MyS/Rover_modelado-simulaci-n/ros2_ws/src/urjc-excavation-world -DCMAKE_INSTALL_PREFIX=/home/mario/Desktop/MyS/Rover_modelado-simulaci-n/ros2_ws/install/urjc_excavation_world
[1.424s] DEBUG:colcon.colcon_core.event_handler.log_command:Invoking command in '/home/mario/Desktop/MyS/Rover_modelado-simulaci-n/ros2_ws/build/urjc_excavation_world': CMAKE_PREFIX_PATH=${CMAKE_PREFIX_PATH}:/opt/ros/jazzy DEBUGINFOD_URLS=https://debuginfod.ubuntu.com /usr/bin/cmake --build /home/mario/Desktop/MyS/Rover_modelado-simulaci-n/ros2_ws/build/urjc_excavation_world -- -j20 -l20
[1.458s] DEBUG:colcon.colcon_core.event_handler.log_command:Invoked command in '/home/mario/Desktop/MyS/Rover_modelado-simulaci-n/ros2_ws/build/urjc_excavation_world' returned '0': CMAKE_PREFIX_PATH=${CMAKE_PREFIX_PATH}:/opt/ros/jazzy DEBUGINFOD_URLS=https://debuginfod.ubuntu.com /usr/bin/cmake --build /home/mario/Desktop/MyS/Rover_modelado-simulaci-n/ros2_ws/build/urjc_excavation_world -- -j20 -l20
[1.459s] DEBUG:colcon.colcon_core.event_handler.log_command:Invoking command in '/home/mario/Desktop/MyS/Rover_modelado-simulaci-n/ros2_ws/build/urjc_excavation_world': CMAKE_PREFIX_PATH=${CMAKE_PREFIX_PATH}:/opt/ros/jazzy DEBUGINFOD_URLS=https://debuginfod.ubuntu.com /usr/bin/cmake --install /home/mario/Desktop/MyS/Rover_modelado-simulaci-n/ros2_ws/build/urjc_excavation_world
[1.477s] Level 1:colcon.colcon_core.environment:create_environment_scripts_only(urjc_excavation_world)
[1.477s] Level 1:colcon.colcon_core.environment:checking '/home/mario/Desktop/MyS/Rover_modelado-simulaci-n/ros2_ws/install/urjc_excavation_world' for CMake module files
[1.477s] DEBUG:colcon.colcon_core.event_handler.log_command:Invoked command in '/home/mario/Desktop/MyS/Rover_modelado-simulaci-n/ros2_ws/build/urjc_excavation_world' returned '0': CMAKE_PREFIX_PATH=${CMAKE_PREFIX_PATH}:/opt/ros/jazzy DEBUGINFOD_URLS=https://debuginfod.ubuntu.com /usr/bin/cmake --install /home/mario/Desktop/MyS/Rover_modelado-simulaci-n/ros2_ws/build/urjc_excavation_world
[1.478s] Level 1:colcon.colcon_core.environment:checking '/home/mario/Desktop/MyS/Rover_modelado-simulaci-n/ros2_ws/install/urjc_excavation_world' for CMake config files
[1.478s] Level 1:colcon.colcon_core.shell:create_environment_hook('urjc_excavation_world', 'cmake_prefix_path')
[1.479s] INFO:colcon.colcon_core.shell:Creating environment hook '/home/mario/Desktop/MyS/Rover_modelado-simulaci-n/ros2_ws/install/urjc_excavation_world/share/urjc_excavation_world/hook/cmake_prefix_path.ps1'
[1.479s] INFO:colcon.colcon_core.shell:Creating environment descriptor '/home/mario/Desktop/MyS/Rover_modelado-simulaci-n/ros2_ws/install/urjc_excavation_world/share/urjc_excavation_world/hook/cmake_prefix_path.dsv'
[1.479s] INFO:colcon.colcon_core.shell:Creating environment hook '/home/mario/Desktop/MyS/Rover_modelado-simulaci-n/ros2_ws/install/urjc_excavation_world/share/urjc_excavation_world/hook/cmake_prefix_path.sh'
[1.480s] Level 1:colcon.colcon_core.environment:checking '/home/mario/Desktop/MyS/Rover_modelado-simulaci-n/ros2_ws/install/urjc_excavation_world/bin'
[1.480s] Level 1:colcon.colcon_core.environment:checking '/home/mario/Desktop/MyS/Rover_modelado-simulaci-n/ros2_ws/install/urjc_excavation_world/lib/pkgconfig/urjc_excavation_world.pc'
[1.480s] Level 1:colcon.colcon_core.environment:checking '/home/mario/Desktop/MyS/Rover_modelado-simulaci-n/ros2_ws/install/urjc_excavation_world/lib/python3.12/site-packages'
[1.481s] Level 1:colcon.colcon_core.environment:checking '/home/mario/Desktop/MyS/Rover_modelado-simulaci-n/ros2_ws/install/urjc_excavation_world/bin'
[1.481s] INFO:colcon.colcon_core.shell:Creating package script '/home/mario/Desktop/MyS/Rover_modelado-simulaci-n/ros2_ws/install/urjc_excavation_world/share/urjc_excavation_world/package.ps1'
[1.482s] INFO:colcon.colcon_core.shell:Creating package descriptor '/home/mario/Desktop/MyS/Rover_modelado-simulaci-n/ros2_ws/install/urjc_excavation_world/share/urjc_excavation_world/package.dsv'
[1.482s] INFO:colcon.colcon_core.shell:Creating package script '/home/mario/Desktop/MyS/Rover_modelado-simulaci-n/ros2_ws/install/urjc_excavation_world/share/urjc_excavation_world/package.sh'
[1.482s] INFO:colcon.colcon_core.shell:Creating package script '/home/mario/Desktop/MyS/Rover_modelado-simulaci-n/ros2_ws/install/urjc_excavation_world/share/urjc_excavation_world/package.bash'
[1.483s] INFO:colcon.colcon_core.shell:Creating package script '/home/mario/Desktop/MyS/Rover_modelado-simulaci-n/ros2_ws/install/urjc_excavation_world/share/urjc_excavation_world/package.zsh'
[1.483s] Level 1:colcon.colcon_core.environment:create_file_with_runtime_dependencies(/home/mario/Desktop/MyS/Rover_modelado-simulaci-n/ros2_ws/install/urjc_excavation_world/share/colcon-core/packages/urjc_excavation_world)
[1.484s] Level 1:colcon.colcon_core.environment:create_environment_scripts_only(urjc_excavation_world)
[1.484s] Level 1:colcon.colcon_core.environment:checking '/home/mario/Desktop/MyS/Rover_modelado-simulaci-n/ros2_ws/install/urjc_excavation_world' for CMake module files
[1.484s] Level 1:colcon.colcon_core.environment:checking '/home/mario/Desktop/MyS/Rover_modelado-simulaci-n/ros2_ws/install/urjc_excavation_world' for CMake config files
[1.485s] Level 1:colcon.colcon_core.shell:create_environment_hook('urjc_excavation_world', 'cmake_prefix_path')
[1.485s] INFO:colcon.colcon_core.shell:Creating environment hook '/home/mario/Desktop/MyS/Rover_modelado-simulaci-n/ros2_ws/install/urjc_excavation_world/share/urjc_excavation_world/hook/cmake_prefix_path.ps1'
[1.485s] INFO:colcon.colcon_core.shell:Creating environment descriptor '/home/mario/Desktop/MyS/Rover_modelado-simulaci-n/ros2_ws/install/urjc_excavation_world/share/urjc_excavation_world/hook/cmake_prefix_path.dsv'
[1.486s] INFO:colcon.colcon_core.shell:Creating environment hook '/home/mario/Desktop/MyS/Rover_modelado-simulaci-n/ros2_ws/install/urjc_excavation_world/share/urjc_excavation_world/hook/cmake_prefix_path.sh'
[1.486s] Level 1:colcon.colcon_core.environment:checking '/home/mario/Desktop/MyS/Rover_modelado-simulaci-n/ros2_ws/install/urjc_excavation_world/bin'
[1.486s] Level 1:colcon.colcon_core.environment:checking '/home/mario/Desktop/MyS/Rover_modelado-simulaci-n/ros2_ws/install/urjc_excavation_world/lib/pkgconfig/urjc_excavation_world.pc'
[1.486s] Level 1:colcon.colcon_core.environment:checking '/home/mario/Desktop/MyS/Rover_modelado-simulaci-n/ros2_ws/install/urjc_excavation_world/lib/python3.12/site-packages'
[1.487s] Level 1:colcon.colcon_core.environment:checking '/home/mario/Desktop/MyS/Rover_modelado-simulaci-n/ros2_ws/install/urjc_excavation_world/bin'
[1.487s] INFO:colcon.colcon_core.shell:Creating package script '/home/mario/Desktop/MyS/Rover_modelado-simulaci-n/ros2_ws/install/urjc_excavation_world/share/urjc_excavation_world/package.ps1'
[1.488s] INFO:colcon.colcon_core.shell:Creating package descriptor '/home/mario/Desktop/MyS/Rover_modelado-simulaci-n/ros2_ws/install/urjc_excavation_world/share/urjc_excavation_world/package.dsv'
[1.488s] INFO:colcon.colcon_core.shell:Creating package script '/home/mario/Desktop/MyS/Rover_modelado-simulaci-n/ros2_ws/install/urjc_excavation_world/share/urjc_excavation_world/package.sh'
[1.488s] INFO:colcon.colcon_core.shell:Creating package script '/home/mario/Desktop/MyS/Rover_modelado-simulaci-n/ros2_ws/install/urjc_excavation_world/share/urjc_excavation_world/package.bash'
[1.488s] INFO:colcon.colcon_core.shell:Creating package script '/home/mario/Desktop/MyS/Rover_modelado-simulaci-n/ros2_ws/install/urjc_excavation_world/share/urjc_excavation_world/package.zsh'
[1.488s] Level 1:colcon.colcon_core.environment:create_file_with_runtime_dependencies(/home/mario/Desktop/MyS/Rover_modelado-simulaci-n/ros2_ws/install/urjc_excavation_world/share/colcon-core/packages/urjc_excavation_world)
[1.582s] DEBUG:colcon.colcon_core.event_handler.log_command:Invoked command in '/home/mario/Desktop/MyS/Rover_modelado-simulaci-n/ros2_ws/build/rover_moveit_config' returned '0': AMENT_PREFIX_PATH=/home/mario/Desktop/MyS/Rover_modelado-simulaci-n/ros2_ws/install/rover_description:${AMENT_PREFIX_PATH} CMAKE_PREFIX_PATH=/home/mario/Desktop/MyS/Rover_modelado-simulaci-n/ros2_ws/install/rover_description:/opt/ros/jazzy/opt/gz_sim_vendor:/opt/ros/jazzy/opt/gz_sensors_vendor:/opt/ros/jazzy/opt/gz_physics_vendor:/opt/ros/jazzy/opt/sdformat_vendor:/opt/ros/jazzy/opt/gz_gui_vendor:/opt/ros/jazzy/opt/gz_transport_vendor:/opt/ros/jazzy/opt/gz_rendering_vendor:/opt/ros/jazzy/opt/gz_plugin_vendor:/opt/ros/jazzy/opt/gz_fuel_tools_vendor:/opt/ros/jazzy/opt/gz_msgs_vendor:/opt/ros/jazzy/opt/gz_common_vendor:/opt/ros/jazzy/opt/gz_math_vendor:/opt/ros/jazzy/opt/gz_utils_vendor:/opt/ros/jazzy/opt/gz_tools_vendor:/opt/ros/jazzy/opt/gz_ogre_next_vendor:/opt/ros/jazzy/opt/gz_dartsim_vendor:/opt/ros/jazzy/opt/gz_cmake_vendor:/opt/ros/jazzy DEBUGINFOD_URLS=https://debuginfod.ubuntu.com /usr/bin/cmake /home/mario/Desktop/MyS/Rover_modelado-simulaci-n/ros2_ws/src/rover_moveit_config -DCMAKE_INSTALL_PREFIX=/home/mario/Desktop/MyS/Rover_modelado-simulaci-n/ros2_ws/install/rover_moveit_config
[1.583s] DEBUG:colcon.colcon_core.event_handler.log_command:Invoking command in '/home/mario/Desktop/MyS/Rover_modelado-simulaci-n/ros2_ws/build/rover_moveit_config': AMENT_PREFIX_PATH=/home/mario/Desktop/MyS/Rover_modelado-simulaci-n/ros2_ws/install/rover_description:${AMENT_PREFIX_PATH} CMAKE_PREFIX_PATH=/home/mario/Desktop/MyS/Rover_modelado-simulaci-n/ros2_ws/install/rover_description:/opt/ros/jazzy/opt/gz_sim_vendor:/opt/ros/jazzy/opt/gz_sensors_vendor:/opt/ros/jazzy/opt/gz_physics_vendor:/opt/ros/jazzy/opt/sdformat_vendor:/opt/ros/jazzy/opt/gz_gui_vendor:/opt/ros/jazzy/opt/gz_transport_vendor:/opt/ros/jazzy/opt/gz_rendering_vendor:/opt/ros/jazzy/opt/gz_plugin_vendor:/opt/ros/jazzy/opt/gz_fuel_tools_vendor:/opt/ros/jazzy/opt/gz_msgs_vendor:/opt/ros/jazzy/opt/gz_common_vendor:/opt/ros/jazzy/opt/gz_math_vendor:/opt/ros/jazzy/opt/gz_utils_vendor:/opt/ros/jazzy/opt/gz_tools_vendor:/opt/ros/jazzy/opt/gz_ogre_next_vendor:/opt/ros/jazzy/opt/gz_dartsim_vendor:/opt/ros/jazzy/opt/gz_cmake_vendor:/opt/ros/jazzy DEBUGINFOD_URLS=https://debuginfod.ubuntu.com /usr/bin/cmake --build /home/mario/Desktop/MyS/Rover_modelado-simulaci-n/ros2_ws/build/rover_moveit_config -- -j20 -l20
[1.584s] DEBUG:colcon.colcon_core.event_handler.log_command:Invoked command in '/home/mario/Desktop/MyS/Rover_modelado-simulaci-n/ros2_ws/build/rover_bringup' returned '0': AMENT_PREFIX_PATH=/home/mario/Desktop/MyS/Rover_modelado-simulaci-n/ros2_ws/install/rover_description:${AMENT_PREFIX_PATH} CMAKE_PREFIX_PATH=/home/mario/Desktop/MyS/Rover_modelado-simulaci-n/ros2_ws/install/rover_description:/opt/ros/jazzy/opt/gz_sim_vendor:/opt/ros/jazzy/opt/gz_sensors_vendor:/opt/ros/jazzy/opt/gz_physics_vendor:/opt/ros/jazzy/opt/sdformat_vendor:/opt/ros/jazzy/opt/gz_gui_vendor:/opt/ros/jazzy/opt/gz_transport_vendor:/opt/ros/jazzy/opt/gz_rendering_vendor:/opt/ros/jazzy/opt/gz_plugin_vendor:/opt/ros/jazzy/opt/gz_fuel_tools_vendor:/opt/ros/jazzy/opt/gz_msgs_vendor:/opt/ros/jazzy/opt/gz_common_vendor:/opt/ros/jazzy/opt/gz_math_vendor:/opt/ros/jazzy/opt/gz_utils_vendor:/opt/ros/jazzy/opt/gz_tools_vendor:/opt/ros/jazzy/opt/gz_ogre_next_vendor:/opt/ros/jazzy/opt/gz_dartsim_vendor:/opt/ros/jazzy/opt/gz_cmake_vendor:/opt/ros/jazzy DEBUGINFOD_URLS=https://debuginfod.ubuntu.com /usr/bin/cmake /home/mario/Desktop/MyS/Rover_modelado-simulaci-n/ros2_ws/src/rover_bringup -DCMAKE_INSTALL_PREFIX=/home/mario/Desktop/MyS/Rover_modelado-simulaci-n/ros2_ws/install/rover_bringup
[1.585s] DEBUG:colcon.colcon_core.event_handler.log_command:Invoking command in '/home/mario/Desktop/MyS/Rover_modelado-simulaci-n/ros2_ws/build/rover_bringup': AMENT_PREFIX_PATH=/home/mario/Desktop/MyS/Rover_modelado-simulaci-n/ros2_ws/install/rover_description:${AMENT_PREFIX_PATH} CMAKE_PREFIX_PATH=/home/mario/Desktop/MyS/Rover_modelado-simulaci-n/ros2_ws/install/rover_description:/opt/ros/jazzy/opt/gz_sim_vendor:/opt/ros/jazzy/opt/gz_sensors_vendor:/opt/ros/jazzy/opt/gz_physics_vendor:/opt/ros/jazzy/opt/sdformat_vendor:/opt/ros/jazzy/opt/gz_gui_vendor:/opt/ros/jazzy/opt/gz_transport_vendor:/opt/ros/jazzy/opt/gz_rendering_vendor:/opt/ros/jazzy/opt/gz_plugin_vendor:/opt/ros/jazzy/opt/gz_fuel_tools_vendor:/opt/ros/jazzy/opt/gz_msgs_vendor:/opt/ros/jazzy/opt/gz_common_vendor:/opt/ros/jazzy/opt/gz_math_vendor:/opt/ros/jazzy/opt/gz_utils_vendor:/opt/ros/jazzy/opt/gz_tools_vendor:/opt/ros/jazzy/opt/gz_ogre_next_vendor:/opt/ros/jazzy/opt/gz_dartsim_vendor:/opt/ros/jazzy/opt/gz_cmake_vendor:/opt/ros/jazzy DEBUGINFOD_URLS=https://debuginfod.ubuntu.com /usr/bin/cmake --build /home/mario/Desktop/MyS/Rover_modelado-simulaci-n/ros2_ws/build/rover_bringup -- -j20 -l20
[1.619s] DEBUG:colcon.colcon_core.event_handler.log_command:Invoked command in '/home/mario/Desktop/MyS/Rover_modelado-simulaci-n/ros2_ws/build/rover_moveit_config' returned '0': AMENT_PREFIX_PATH=/home/mario/Desktop/MyS/Rover_modelado-simulaci-n/ros2_ws/install/rover_description:${AMENT_PREFIX_PATH} CMAKE_PREFIX_PATH=/home/mario/Desktop/MyS/Rover_modelado-simulaci-n/ros2_ws/install/rover_description:/opt/ros/jazzy/opt/gz_sim_vendor:/opt/ros/jazzy/opt/gz_sensors_vendor:/opt/ros/jazzy/opt/gz_physics_vendor:/opt/ros/jazzy/opt/sdformat_vendor:/opt/ros/jazzy/opt/gz_gui_vendor:/opt/ros/jazzy/opt/gz_transport_vendor:/opt/ros/jazzy/opt/gz_rendering_vendor:/opt/ros/jazzy/opt/gz_plugin_vendor:/opt/ros/jazzy/opt/gz_fuel_tools_vendor:/opt/ros/jazzy/opt/gz_msgs_vendor:/opt/ros/jazzy/opt/gz_common_vendor:/opt/ros/jazzy/opt/gz_math_vendor:/opt/ros/jazzy/opt/gz_utils_vendor:/opt/ros/jazzy/opt/gz_tools_vendor:/opt/ros/jazzy/opt/gz_ogre_next_vendor:/opt/ros/jazzy/opt/gz_dartsim_vendor:/opt/ros/jazzy/opt/gz_cmake_vendor:/opt/ros/jazzy DEBUGINFOD_URLS=https://debuginfod.ubuntu.com /usr/bin/cmake --build /home/mario/Desktop/MyS/Rover_modelado-simulaci-n/ros2_ws/build/rover_moveit_config -- -j20 -l20
[1.620s] DEBUG:colcon.colcon_core.event_handler.log_command:Invoking command in '/home/mario/Desktop/MyS/Rover_modelado-simulaci-n/ros2_ws/build/rover_moveit_config': AMENT_PREFIX_PATH=/home/mario/Desktop/MyS/Rover_modelado-simulaci-n/ros2_ws/install/rover_description:${AMENT_PREFIX_PATH} CMAKE_PREFIX_PATH=/home/mario/Desktop/MyS/Rover_modelado-simulaci-n/ros2_ws/install/rover_description:/opt/ros/jazzy/opt/gz_sim_vendor:/opt/ros/jazzy/opt/gz_sensors_vendor:/opt/ros/jazzy/opt/gz_physics_vendor:/opt/ros/jazzy/opt/sdformat_vendor:/opt/ros/jazzy/opt/gz_gui_vendor:/opt/ros/jazzy/opt/gz_transport_vendor:/opt/ros/jazzy/opt/gz_rendering_vendor:/opt/ros/jazzy/opt/gz_plugin_vendor:/opt/ros/jazzy/opt/gz_fuel_tools_vendor:/opt/ros/jazzy/opt/gz_msgs_vendor:/opt/ros/jazzy/opt/gz_common_vendor:/opt/ros/jazzy/opt/gz_math_vendor:/opt/ros/jazzy/opt/gz_utils_vendor:/opt/ros/jazzy/opt/gz_tools_vendor:/opt/ros/jazzy/opt/gz_ogre_next_vendor:/opt/ros/jazzy/opt/gz_dartsim_vendor:/opt/ros/jazzy/opt/gz_cmake_vendor:/opt/ros/jazzy DEBUGINFOD_URLS=https://debuginfod.ubuntu.com /usr/bin/cmake --install /home/mario/Desktop/MyS/Rover_modelado-simulaci-n/ros2_ws/build/rover_moveit_config
[1.623s] DEBUG:colcon.colcon_core.event_handler.log_command:Invoked command in '/home/mario/Desktop/MyS/Rover_modelado-simulaci-n/ros2_ws/build/rover_bringup' returned '0': AMENT_PREFIX_PATH=/home/mario/Desktop/MyS/Rover_modelado-simulaci-n/ros2_ws/install/rover_description:${AMENT_PREFIX_PATH} CMAKE_PREFIX_PATH=/home/mario/Desktop/MyS/Rover_modelado-simulaci-n/ros2_ws/install/rover_description:/opt/ros/jazzy/opt/gz_sim_vendor:/opt/ros/jazzy/opt/gz_sensors_vendor:/opt/ros/jazzy/opt/gz_physics_vendor:/opt/ros/jazzy/opt/sdformat_vendor:/opt/ros/jazzy/opt/gz_gui_vendor:/opt/ros/jazzy/opt/gz_transport_vendor:/opt/ros/jazzy/opt/gz_rendering_vendor:/opt/ros/jazzy/opt/gz_plugin_vendor:/opt/ros/jazzy/opt/gz_fuel_tools_vendor:/opt/ros/jazzy/opt/gz_msgs_vendor:/opt/ros/jazzy/opt/gz_common_vendor:/opt/ros/jazzy/opt/gz_math_vendor:/opt/ros/jazzy/opt/gz_utils_vendor:/opt/ros/jazzy/opt/gz_tools_vendor:/opt/ros/jazzy/opt/gz_ogre_next_vendor:/opt/ros/jazzy/opt/gz_dartsim_vendor:/opt/ros/jazzy/opt/gz_cmake_vendor:/opt/ros/jazzy DEBUGINFOD_URLS=https://debuginfod.ubuntu.com /usr/bin/cmake --build /home/mario/Desktop/MyS/Rover_modelado-simulaci-n/ros2_ws/build/rover_bringup -- -j20 -l20
[1.623s] DEBUG:colcon.colcon_core.event_handler.log_command:Invoking command in '/home/mario/Desktop/MyS/Rover_modelado-simulaci-n/ros2_ws/build/rover_bringup': AMENT_PREFIX_PATH=/home/mario/Desktop/MyS/Rover_modelado-simulaci-n/ros2_ws/install/rover_description:${AMENT_PREFIX_PATH} CMAKE_PREFIX_PATH=/home/mario/Desktop/MyS/Rover_modelado-simulaci-n/ros2_ws/install/rover_description:/opt/ros/jazzy/opt/gz_sim_vendor:/opt/ros/jazzy/opt/gz_sensors_vendor:/opt/ros/jazzy/opt/gz_physics_vendor:/opt/ros/jazzy/opt/sdformat_vendor:/opt/ros/jazzy/opt/gz_gui_vendor:/opt/ros/jazzy/opt/gz_transport_vendor:/opt/ros/jazzy/opt/gz_rendering_vendor:/opt/ros/jazzy/opt/gz_plugin_vendor:/opt/ros/jazzy/opt/gz_fuel_tools_vendor:/opt/ros/jazzy/opt/gz_msgs_vendor:/opt/ros/jazzy/opt/gz_common_vendor:/opt/ros/jazzy/opt/gz_math_vendor:/opt/ros/jazzy/opt/gz_utils_vendor:/opt/ros/jazzy/opt/gz_tools_vendor:/opt/ros/jazzy/opt/gz_ogre_next_vendor:/opt/ros/jazzy/opt/gz_dartsim_vendor:/opt/ros/jazzy/opt/gz_cmake_vendor:/opt/ros/jazzy DEBUGINFOD_URLS=https://debuginfod.ubuntu.com /usr/bin/cmake --install /home/mario/Desktop/MyS/Rover_modelado-simulaci-n/ros2_ws/build/rover_bringup
[1.633s] Level 1:colcon.colcon_core.environment:create_environment_scripts_only(rover_bringup)
[1.634s] Level 1:colcon.colcon_core.environment:checking '/home/mario/Desktop/MyS/Rover_modelado-simulaci-n/ros2_ws/install/rover_bringup' for CMake module files
[1.634s] DEBUG:colcon.colcon_core.event_handler.log_command:Invoked command in '/home/mario/Desktop/MyS/Rover_modelado-simulaci-n/ros2_ws/build/rover_bringup' returned '0': AMENT_PREFIX_PATH=/home/mario/Desktop/MyS/Rover_modelado-simulaci-n/ros2_ws/install/rover_description:${AMENT_PREFIX_PATH} CMAKE_PREFIX_PATH=/home/mario/Desktop/MyS/Rover_modelado-simulaci-n/ros2_ws/install/rover_description:/opt/ros/jazzy/opt/gz_sim_vendor:/opt/ros/jazzy/opt/gz_sensors_vendor:/opt/ros/jazzy/opt/gz_physics_vendor:/opt/ros/jazzy/opt/sdformat_vendor:/opt/ros/jazzy/opt/gz_gui_vendor:/opt/ros/jazzy/opt/gz_transport_vendor:/opt/ros/jazzy/opt/gz_rendering_vendor:/opt/ros/jazzy/opt/gz_plugin_vendor:/opt/ros/jazzy/opt/gz_fuel_tools_vendor:/opt/ros/jazzy/opt/gz_msgs_vendor:/opt/ros/jazzy/opt/gz_common_vendor:/opt/ros/jazzy/opt/gz_math_vendor:/opt/ros/jazzy/opt/gz_utils_vendor:/opt/ros/jazzy/opt/gz_tools_vendor:/opt/ros/jazzy/opt/gz_ogre_next_vendor:/opt/ros/jazzy/opt/gz_dartsim_vendor:/opt/ros/jazzy/opt/gz_cmake_vendor:/opt/ros/jazzy DEBUGINFOD_URLS=https://debuginfod.ubuntu.com /usr/bin/cmake --install /home/mario/Desktop/MyS/Rover_modelado-simulaci-n/ros2_ws/build/rover_bringup
[1.635s] Level 1:colcon.colcon_core.environment:checking '/home/mario/Desktop/MyS/Rover_modelado-simulaci-n/ros2_ws/install/rover_bringup' for CMake config files
[1.635s] Level 1:colcon.colcon_core.shell:create_environment_hook('rover_bringup', 'cmake_prefix_path')
[1.635s] INFO:colcon.colcon_core.shell:Creating environment hook '/home/mario/Desktop/MyS/Rover_modelado-simulaci-n/ros2_ws/install/rover_bringup/share/rover_bringup/hook/cmake_prefix_path.ps1'
[1.636s] INFO:colcon.colcon_core.shell:Creating environment descriptor '/home/mario/Desktop/MyS/Rover_modelado-simulaci-n/ros2_ws/install/rover_bringup/share/rover_bringup/hook/cmake_prefix_path.dsv'
[1.636s] INFO:colcon.colcon_core.shell:Creating environment hook '/home/mario/Desktop/MyS/Rover_modelado-simulaci-n/ros2_ws/install/rover_bringup/share/rover_bringup/hook/cmake_prefix_path.sh'
[1.636s] Level 1:colcon.colcon_core.environment:checking '/home/mario/Desktop/MyS/Rover_modelado-simulaci-n/ros2_ws/install/rover_bringup/bin'
[1.637s] Level 1:colcon.colcon_core.environment:checking '/home/mario/Desktop/MyS/Rover_modelado-simulaci-n/ros2_ws/install/rover_bringup/lib/pkgconfig/rover_bringup.pc'
[1.637s] Level 1:colcon.colcon_core.environment:checking '/home/mario/Desktop/MyS/Rover_modelado-simulaci-n/ros2_ws/install/rover_bringup/lib/python3.12/site-packages'
[1.637s] Level 1:colcon.colcon_core.environment:checking '/home/mario/Desktop/MyS/Rover_modelado-simulaci-n/ros2_ws/install/rover_bringup/bin'
[1.637s] INFO:colcon.colcon_core.shell:Creating package script '/home/mario/Desktop/MyS/Rover_modelado-simulaci-n/ros2_ws/install/rover_bringup/share/rover_bringup/package.ps1'
[1.638s] INFO:colcon.colcon_core.shell:Creating package descriptor '/home/mario/Desktop/MyS/Rover_modelado-simulaci-n/ros2_ws/install/rover_bringup/share/rover_bringup/package.dsv'
[1.638s] INFO:colcon.colcon_core.shell:Creating package script '/home/mario/Desktop/MyS/Rover_modelado-simulaci-n/ros2_ws/install/rover_bringup/share/rover_bringup/package.sh'
[1.638s] INFO:colcon.colcon_core.shell:Creating package script '/home/mario/Desktop/MyS/Rover_modelado-simulaci-n/ros2_ws/install/rover_bringup/share/rover_bringup/package.bash'
[1.638s] INFO:colcon.colcon_core.shell:Creating package script '/home/mario/Desktop/MyS/Rover_modelado-simulaci-n/ros2_ws/install/rover_bringup/share/rover_bringup/package.zsh'
[1.639s] Level 1:colcon.colcon_core.environment:create_file_with_runtime_dependencies(/home/mario/Desktop/MyS/Rover_modelado-simulaci-n/ros2_ws/install/rover_bringup/share/colcon-core/packages/rover_bringup)
[1.639s] Level 1:colcon.colcon_core.environment:create_environment_scripts_only(rover_bringup)
[1.639s] Level 1:colcon.colcon_core.environment:checking '/home/mario/Desktop/MyS/Rover_modelado-simulaci-n/ros2_ws/install/rover_bringup' for CMake module files
[1.640s] Level 1:colcon.colcon_core.environment:checking '/home/mario/Desktop/MyS/Rover_modelado-simulaci-n/ros2_ws/install/rover_bringup' for CMake config files
[1.640s] Level 1:colcon.colcon_core.shell:create_environment_hook('rover_bringup', 'cmake_prefix_path')
[1.640s] INFO:colcon.colcon_core.shell:Creating environment hook '/home/mario/Desktop/MyS/Rover_modelado-simulaci-n/ros2_ws/install/rover_bringup/share/rover_bringup/hook/cmake_prefix_path.ps1'
[1.640s] INFO:colcon.colcon_core.shell:Creating environment descriptor '/home/mario/Desktop/MyS/Rover_modelado-simulaci-n/ros2_ws/install/rover_bringup/share/rover_bringup/hook/cmake_prefix_path.dsv'
[1.641s] INFO:colcon.colcon_core.shell:Creating environment hook '/home/mario/Desktop/MyS/Rover_modelado-simulaci-n/ros2_ws/install/rover_bringup/share/rover_bringup/hook/cmake_prefix_path.sh'
[1.641s] Level 1:colcon.colcon_core.environment:checking '/home/mario/Desktop/MyS/Rover_modelado-simulaci-n/ros2_ws/install/rover_bringup/bin'
[1.641s] Level 1:colcon.colcon_core.environment:checking '/home/mario/Desktop/MyS/Rover_modelado-simulaci-n/ros2_ws/install/rover_bringup/lib/pkgconfig/rover_bringup.pc'
[1.641s] Level 1:colcon.colcon_core.environment:checking '/home/mario/Desktop/MyS/Rover_modelado-simulaci-n/ros2_ws/install/rover_bringup/lib/python3.12/site-packages'
[1.642s] Level 1:colcon.colcon_core.environment:checking '/home/mario/Desktop/MyS/Rover_modelado-simulaci-n/ros2_ws/install/rover_bringup/bin'
[1.642s] INFO:colcon.colcon_core.shell:Creating package script '/home/mario/Desktop/MyS/Rover_modelado-simulaci-n/ros2_ws/install/rover_bringup/share/rover_bringup/package.ps1'
[1.643s] INFO:colcon.colcon_core.shell:Creating package descriptor '/home/mario/Desktop/MyS/Rover_modelado-simulaci-n/ros2_ws/install/rover_bringup/share/rover_bringup/package.dsv'
[1.643s] INFO:colcon.colcon_core.shell:Creating package script '/home/mario/Desktop/MyS/Rover_modelado-simulaci-n/ros2_ws/install/rover_bringup/share/rover_bringup/package.sh'
[1.644s] INFO:colcon.colcon_core.shell:Creating package script '/home/mario/Desktop/MyS/Rover_modelado-simulaci-n/ros2_ws/install/rover_bringup/share/rover_bringup/package.bash'
[1.644s] INFO:colcon.colcon_core.shell:Creating package script '/home/mario/Desktop/MyS/Rover_modelado-simulaci-n/ros2_ws/install/rover_bringup/share/rover_bringup/package.zsh'
[1.644s] Level 1:colcon.colcon_core.environment:create_file_with_runtime_dependencies(/home/mario/Desktop/MyS/Rover_modelado-simulaci-n/ros2_ws/install/rover_bringup/share/colcon-core/packages/rover_bringup)
[1.645s] Level 1:colcon.colcon_core.environment:create_environment_scripts_only(rover_moveit_config)
[1.645s] DEBUG:colcon.colcon_core.event_handler.log_command:Invoked command in '/home/mario/Desktop/MyS/Rover_modelado-simulaci-n/ros2_ws/build/rover_moveit_config' returned '0': AMENT_PREFIX_PATH=/home/mario/Desktop/MyS/Rover_modelado-simulaci-n/ros2_ws/install/rover_description:${AMENT_PREFIX_PATH} CMAKE_PREFIX_PATH=/home/mario/Desktop/MyS/Rover_modelado-simulaci-n/ros2_ws/install/rover_description:/opt/ros/jazzy/opt/gz_sim_vendor:/opt/ros/jazzy/opt/gz_sensors_vendor:/opt/ros/jazzy/opt/gz_physics_vendor:/opt/ros/jazzy/opt/sdformat_vendor:/opt/ros/jazzy/opt/gz_gui_vendor:/opt/ros/jazzy/opt/gz_transport_vendor:/opt/ros/jazzy/opt/gz_rendering_vendor:/opt/ros/jazzy/opt/gz_plugin_vendor:/opt/ros/jazzy/opt/gz_fuel_tools_vendor:/opt/ros/jazzy/opt/gz_msgs_vendor:/opt/ros/jazzy/opt/gz_common_vendor:/opt/ros/jazzy/opt/gz_math_vendor:/opt/ros/jazzy/opt/gz_utils_vendor:/opt/ros/jazzy/opt/gz_tools_vendor:/opt/ros/jazzy/opt/gz_ogre_next_vendor:/opt/ros/jazzy/opt/gz_dartsim_vendor:/opt/ros/jazzy/opt/gz_cmake_vendor:/opt/ros/jazzy DEBUGINFOD_URLS=https://debuginfod.ubuntu.com /usr/bin/cmake --install /home/mario/Desktop/MyS/Rover_modelado-simulaci-n/ros2_ws/build/rover_moveit_config
[1.646s] Level 1:colcon.colcon_core.environment:checking '/home/mario/Desktop/MyS/Rover_modelado-simulaci-n/ros2_ws/install/rover_moveit_config' for CMake module files
[1.646s] Level 1:colcon.colcon_core.environment:checking '/home/mario/Desktop/MyS/Rover_modelado-simulaci-n/ros2_ws/install/rover_moveit_config' for CMake config files
[1.646s] Level 1:colcon.colcon_core.shell:create_environment_hook('rover_moveit_config', 'cmake_prefix_path')
[1.646s] INFO:colcon.colcon_core.shell:Creating environment hook '/home/mario/Desktop/MyS/Rover_modelado-simulaci-n/ros2_ws/install/rover_moveit_config/share/rover_moveit_config/hook/cmake_prefix_path.ps1'
[1.647s] INFO:colcon.colcon_core.shell:Creating environment descriptor '/home/mario/Desktop/MyS/Rover_modelado-simulaci-n/ros2_ws/install/rover_moveit_config/share/rover_moveit_config/hook/cmake_prefix_path.dsv'
[1.647s] INFO:colcon.colcon_core.shell:Creating environment hook '/home/mario/Desktop/MyS/Rover_modelado-simulaci-n/ros2_ws/install/rover_moveit_config/share/rover_moveit_config/hook/cmake_prefix_path.sh'
[1.648s] Level 1:colcon.colcon_core.environment:checking '/home/mario/Desktop/MyS/Rover_modelado-simulaci-n/ros2_ws/install/rover_moveit_config/bin'
[1.648s] Level 1:colcon.colcon_core.environment:checking '/home/mario/Desktop/MyS/Rover_modelado-simulaci-n/ros2_ws/install/rover_moveit_config/lib/pkgconfig/rover_moveit_config.pc'
[1.648s] Level 1:colcon.colcon_core.environment:checking '/home/mario/Desktop/MyS/Rover_modelado-simulaci-n/ros2_ws/install/rover_moveit_config/lib/python3.12/site-packages'
[1.648s] Level 1:colcon.colcon_core.environment:checking '/home/mario/Desktop/MyS/Rover_modelado-simulaci-n/ros2_ws/install/rover_moveit_config/bin'
[1.648s] INFO:colcon.colcon_core.shell:Creating package script '/home/mario/Desktop/MyS/Rover_modelado-simulaci-n/ros2_ws/install/rover_moveit_config/share/rover_moveit_config/package.ps1'
[1.649s] INFO:colcon.colcon_core.shell:Creating package descriptor '/home/mario/Desktop/MyS/Rover_modelado-simulaci-n/ros2_ws/install/rover_moveit_config/share/rover_moveit_config/package.dsv'
[1.649s] INFO:colcon.colcon_core.shell:Creating package script '/home/mario/Desktop/MyS/Rover_modelado-simulaci-n/ros2_ws/install/rover_moveit_config/share/rover_moveit_config/package.sh'
[1.649s] INFO:colcon.colcon_core.shell:Creating package script '/home/mario/Desktop/MyS/Rover_modelado-simulaci-n/ros2_ws/install/rover_moveit_config/share/rover_moveit_config/package.bash'
[1.649s] INFO:colcon.colcon_core.shell:Creating package script '/home/mario/Desktop/MyS/Rover_modelado-simulaci-n/ros2_ws/install/rover_moveit_config/share/rover_moveit_config/package.zsh'
[1.650s] Level 1:colcon.colcon_core.environment:create_file_with_runtime_dependencies(/home/mario/Desktop/MyS/Rover_modelado-simulaci-n/ros2_ws/install/rover_moveit_config/share/colcon-core/packages/rover_moveit_config)
[1.650s] Level 1:colcon.colcon_core.environment:create_environment_scripts_only(rover_moveit_config)
[1.650s] Level 1:colcon.colcon_core.environment:checking '/home/mario/Desktop/MyS/Rover_modelado-simulaci-n/ros2_ws/install/rover_moveit_config' for CMake module files
[1.650s] Level 1:colcon.colcon_core.environment:checking '/home/mario/Desktop/MyS/Rover_modelado-simulaci-n/ros2_ws/install/rover_moveit_config' for CMake config files
[1.650s] Level 1:colcon.colcon_core.shell:create_environment_hook('rover_moveit_config', 'cmake_prefix_path')
[1.650s] INFO:colcon.colcon_core.shell:Creating environment hook '/home/mario/Desktop/MyS/Rover_modelado-simulaci-n/ros2_ws/install/rover_moveit_config/share/rover_moveit_config/hook/cmake_prefix_path.ps1'
[1.651s] INFO:colcon.colcon_core.shell:Creating environment descriptor '/home/mario/Desktop/MyS/Rover_modelado-simulaci-n/ros2_ws/install/rover_moveit_config/share/rover_moveit_config/hook/cmake_prefix_path.dsv'
[1.651s] INFO:colcon.colcon_core.shell:Creating environment hook '/home/mario/Desktop/MyS/Rover_modelado-simulaci-n/ros2_ws/install/rover_moveit_config/share/rover_moveit_config/hook/cmake_prefix_path.sh'
[1.651s] Level 1:colcon.colcon_core.environment:checking '/home/mario/Desktop/MyS/Rover_modelado-simulaci-n/ros2_ws/install/rover_moveit_config/bin'
[1.651s] Level 1:colcon.colcon_core.environment:checking '/home/mario/Desktop/MyS/Rover_modelado-simulaci-n/ros2_ws/install/rover_moveit_config/lib/pkgconfig/rover_moveit_config.pc'
[1.651s] Level 1:colcon.colcon_core.environment:checking '/home/mario/Desktop/MyS/Rover_modelado-simulaci-n/ros2_ws/install/rover_moveit_config/lib/python3.12/site-packages'
[1.652s] Level 1:colcon.colcon_core.environment:checking '/home/mario/Desktop/MyS/Rover_modelado-simulaci-n/ros2_ws/install/rover_moveit_config/bin'
[1.652s] INFO:colcon.colcon_core.shell:Creating package script '/home/mario/Desktop/MyS/Rover_modelado-simulaci-n/ros2_ws/install/rover_moveit_config/share/rover_moveit_config/package.ps1'
[1.652s] INFO:colcon.colcon_core.shell:Creating package descriptor '/home/mario/Desktop/MyS/Rover_modelado-simulaci-n/ros2_ws/install/rover_moveit_config/share/rover_moveit_config/package.dsv'
[1.652s] INFO:colcon.colcon_core.shell:Creating package script '/home/mario/Desktop/MyS/Rover_modelado-simulaci-n/ros2_ws/install/rover_moveit_config/share/rover_moveit_config/package.sh'
[1.652s] INFO:colcon.colcon_core.shell:Creating package script '/home/mario/Desktop/MyS/Rover_modelado-simulaci-n/ros2_ws/install/rover_moveit_config/share/rover_moveit_config/package.bash'
[1.653s] INFO:colcon.colcon_core.shell:Creating package script '/home/mario/Desktop/MyS/Rover_modelado-simulaci-n/ros2_ws/install/rover_moveit_config/share/rover_moveit_config/package.zsh'
[1.653s] Level 1:colcon.colcon_core.environment:create_file_with_runtime_dependencies(/home/mario/Desktop/MyS/Rover_modelado-simulaci-n/ros2_ws/install/rover_moveit_config/share/colcon-core/packages/rover_moveit_config)
[1.653s] DEBUG:colcon.colcon_parallel_executor.executor.parallel:closing loop
[1.653s] DEBUG:colcon.colcon_parallel_executor.executor.parallel:loop closed
[1.653s] DEBUG:colcon.colcon_parallel_executor.executor.parallel:run_until_complete finished with '0'
[1.653s] DEBUG:colcon.colcon_core.event_reactor:joining thread
[1.657s] INFO:colcon.colcon_core.plugin_system:Skipping extension 'colcon_notification.desktop_notification.terminal_notifier': Not used on non-Darwin systems
[1.657s] INFO:colcon.colcon_core.plugin_system:Skipping extension 'colcon_notification.desktop_notification.win32': Not used on non-Windows systems
[1.657s] INFO:colcon.colcon_notification.desktop_notification:Sending desktop notification using 'notify2'
[1.678s] DEBUG:colcon.colcon_core.event_reactor:joined thread
[1.679s] INFO:colcon.colcon_core.shell:Creating prefix script '/home/mario/Desktop/MyS/Rover_modelado-simulaci-n/ros2_ws/install/local_setup.ps1'
[1.683s] INFO:colcon.colcon_core.shell:Creating prefix util module '/home/mario/Desktop/MyS/Rover_modelado-simulaci-n/ros2_ws/install/_local_setup_util_ps1.py'
[1.685s] INFO:colcon.colcon_core.shell:Creating prefix chain script '/home/mario/Desktop/MyS/Rover_modelado-simulaci-n/ros2_ws/install/setup.ps1'
[1.687s] INFO:colcon.colcon_core.shell:Creating prefix script '/home/mario/Desktop/MyS/Rover_modelado-simulaci-n/ros2_ws/install/local_setup.sh'
[1.688s] INFO:colcon.colcon_core.shell:Creating prefix util module '/home/mario/Desktop/MyS/Rover_modelado-simulaci-n/ros2_ws/install/_local_setup_util_sh.py'
[1.689s] INFO:colcon.colcon_core.shell:Creating prefix chain script '/home/mario/Desktop/MyS/Rover_modelado-simulaci-n/ros2_ws/install/setup.sh'
[1.691s] INFO:colcon.colcon_core.shell:Creating prefix script '/home/mario/Desktop/MyS/Rover_modelado-simulaci-n/ros2_ws/install/local_setup.bash'
[1.691s] INFO:colcon.colcon_core.shell:Creating prefix chain script '/home/mario/Desktop/MyS/Rover_modelado-simulaci-n/ros2_ws/install/setup.bash'
[1.692s] INFO:colcon.colcon_core.shell:Creating prefix script '/home/mario/Desktop/MyS/Rover_modelado-simulaci-n/ros2_ws/install/local_setup.zsh'
[1.693s] INFO:colcon.colcon_core.shell:Creating prefix chain script '/home/mario/Desktop/MyS/Rover_modelado-simulaci-n/ros2_ws/install/setup.zsh'
