[0.006s] Invoking command in '/home/mario/Desktop/MyS/Rover_modelado-simulaci-n/ros2_ws/build/rover_moveit_config': AMENT_PREFIX_PATH=/home/mario/Desktop/MyS/Rover_modelado-simulaci-n/ros2_ws/install/rover_description:${AMENT_PREFIX_PATH} CMAKE_PREFIX_PATH=/home/mario/Desktop/MyS/Rover_modelado-simulaci-n/ros2_ws/install/rover_description:/opt/ros/jazzy/opt/gz_sim_vendor:/opt/ros/jazzy/opt/gz_sensors_vendor:/opt/ros/jazzy/opt/gz_physics_vendor:/opt/ros/jazzy/opt/sdformat_vendor:/opt/ros/jazzy/opt/gz_gui_vendor:/opt/ros/jazzy/opt/gz_transport_vendor:/opt/ros/jazzy/opt/gz_rendering_vendor:/opt/ros/jazzy/opt/gz_plugin_vendor:/opt/ros/jazzy/opt/gz_fuel_tools_vendor:/opt/ros/jazzy/opt/gz_msgs_vendor:/opt/ros/jazzy/opt/gz_common_vendor:/opt/ros/jazzy/opt/gz_math_vendor:/opt/ros/jazzy/opt/gz_utils_vendor:/opt/ros/jazzy/opt/gz_tools_vendor:/opt/ros/jazzy/opt/gz_ogre_next_vendor:/opt/ros/jazzy/opt/gz_dartsim_vendor:/opt/ros/jazzy/opt/gz_cmake_vendor:/opt/ros/jazzy DEBUGINFOD_URLS=https://debuginfod.ubuntu.com /usr/bin/cmake /home/mario/Desktop/MyS/Rover_modelado-simulaci-n/ros2_ws/src/rover_moveit_config -DCMAKE_INSTALL_PREFIX=/home/mario/Desktop/MyS/Rover_modelado-simulaci-n/ros2_ws/install/rover_moveit_config
[0.056s] -- The C compiler identification is GNU 13.3.0
[0.102s] -- The CXX compiler identification is GNU 13.3.0
[0.118s] -- Detecting C compiler ABI info
[0.199s] -- Detecting C compiler ABI info - done
[0.208s] -- Check for working C compiler: /usr/bin/cc - skipped
[0.208s] -- Detecting C compile features
[0.209s] -- Detecting C compile features - done
[0.217s] -- Detecting CXX compiler ABI info
[0.303s] -- Detecting CXX compiler ABI info - done
[0.309s] -- Check for working CXX compiler: /usr/bin/c++ - skipped
[0.309s] -- Detecting CXX compile features
[0.310s] -- Detecting CXX compile features - done
[0.313s] -- Found ament_cmake: 2.5.6 (/opt/ros/jazzy/share/ament_cmake/cmake)
[0.435s] -- Found Python3: /usr/bin/python3 (found version "3.12.3") found components: Interpreter 
[0.594s] -- Configuring done (0.6s)
[0.595s] -- Generating done (0.0s)
[0.596s] -- Build files have been written to: /home/mario/Desktop/MyS/Rover_modelado-simulaci-n/ros2_ws/build/rover_moveit_config
[0.600s] Invoked command in '/home/mario/Desktop/MyS/Rover_modelado-simulaci-n/ros2_ws/build/rover_moveit_config' returned '0': AMENT_PREFIX_PATH=/home/mario/Desktop/MyS/Rover_modelado-simulaci-n/ros2_ws/install/rover_description:${AMENT_PREFIX_PATH} CMAKE_PREFIX_PATH=/home/mario/Desktop/MyS/Rover_modelado-simulaci-n/ros2_ws/install/rover_description:/opt/ros/jazzy/opt/gz_sim_vendor:/opt/ros/jazzy/opt/gz_sensors_vendor:/opt/ros/jazzy/opt/gz_physics_vendor:/opt/ros/jazzy/opt/sdformat_vendor:/opt/ros/jazzy/opt/gz_gui_vendor:/opt/ros/jazzy/opt/gz_transport_vendor:/opt/ros/jazzy/opt/gz_rendering_vendor:/opt/ros/jazzy/opt/gz_plugin_vendor:/opt/ros/jazzy/opt/gz_fuel_tools_vendor:/opt/ros/jazzy/opt/gz_msgs_vendor:/opt/ros/jazzy/opt/gz_common_vendor:/opt/ros/jazzy/opt/gz_math_vendor:/opt/ros/jazzy/opt/gz_utils_vendor:/opt/ros/jazzy/opt/gz_tools_vendor:/opt/ros/jazzy/opt/gz_ogre_next_vendor:/opt/ros/jazzy/opt/gz_dartsim_vendor:/opt/ros/jazzy/opt/gz_cmake_vendor:/opt/ros/jazzy DEBUGINFOD_URLS=https://debuginfod.ubuntu.com /usr/bin/cmake /home/mario/Desktop/MyS/Rover_modelado-simulaci-n/ros2_ws/src/rover_moveit_config -DCMAKE_INSTALL_PREFIX=/home/mario/Desktop/MyS/Rover_modelado-simulaci-n/ros2_ws/install/rover_moveit_config
[0.600s] Invoking command in '/home/mario/Desktop/MyS/Rover_modelado-simulaci-n/ros2_ws/build/rover_moveit_config': AMENT_PREFIX_PATH=/home/mario/Desktop/MyS/Rover_modelado-simulaci-n/ros2_ws/install/rover_description:${AMENT_PREFIX_PATH} CMAKE_PREFIX_PATH=/home/mario/Desktop/MyS/Rover_modelado-simulaci-n/ros2_ws/install/rover_description:/opt/ros/jazzy/opt/gz_sim_vendor:/opt/ros/jazzy/opt/gz_sensors_vendor:/opt/ros/jazzy/opt/gz_physics_vendor:/opt/ros/jazzy/opt/sdformat_vendor:/opt/ros/jazzy/opt/gz_gui_vendor:/opt/ros/jazzy/opt/gz_transport_vendor:/opt/ros/jazzy/opt/gz_rendering_vendor:/opt/ros/jazzy/opt/gz_plugin_vendor:/opt/ros/jazzy/opt/gz_fuel_tools_vendor:/opt/ros/jazzy/opt/gz_msgs_vendor:/opt/ros/jazzy/opt/gz_common_vendor:/opt/ros/jazzy/opt/gz_math_vendor:/opt/ros/jazzy/opt/gz_utils_vendor:/opt/ros/jazzy/opt/gz_tools_vendor:/opt/ros/jazzy/opt/gz_ogre_next_vendor:/opt/ros/jazzy/opt/gz_dartsim_vendor:/opt/ros/jazzy/opt/gz_cmake_vendor:/opt/ros/jazzy DEBUGINFOD_URLS=https://debuginfod.ubuntu.com /usr/bin/cmake --build /home/mario/Desktop/MyS/Rover_modelado-simulaci-n/ros2_ws/build/rover_moveit_config -- -j20 -l20
[0.637s] Invoked command in '/home/mario/Desktop/MyS/Rover_modelado-simulaci-n/ros2_ws/build/rover_moveit_config' returned '0': AMENT_PREFIX_PATH=/home/mario/Desktop/MyS/Rover_modelado-simulaci-n/ros2_ws/install/rover_description:${AMENT_PREFIX_PATH} CMAKE_PREFIX_PATH=/home/mario/Desktop/MyS/Rover_modelado-simulaci-n/ros2_ws/install/rover_description:/opt/ros/jazzy/opt/gz_sim_vendor:/opt/ros/jazzy/opt/gz_sensors_vendor:/opt/ros/jazzy/opt/gz_physics_vendor:/opt/ros/jazzy/opt/sdformat_vendor:/opt/ros/jazzy/opt/gz_gui_vendor:/opt/ros/jazzy/opt/gz_transport_vendor:/opt/ros/jazzy/opt/gz_rendering_vendor:/opt/ros/jazzy/opt/gz_plugin_vendor:/opt/ros/jazzy/opt/gz_fuel_tools_vendor:/opt/ros/jazzy/opt/gz_msgs_vendor:/opt/ros/jazzy/opt/gz_common_vendor:/opt/ros/jazzy/opt/gz_math_vendor:/opt/ros/jazzy/opt/gz_utils_vendor:/opt/ros/jazzy/opt/gz_tools_vendor:/opt/ros/jazzy/opt/gz_ogre_next_vendor:/opt/ros/jazzy/opt/gz_dartsim_vendor:/opt/ros/jazzy/opt/gz_cmake_vendor:/opt/ros/jazzy DEBUGINFOD_URLS=https://debuginfod.ubuntu.com /usr/bin/cmake --build /home/mario/Desktop/MyS/Rover_modelado-simulaci-n/ros2_ws/build/rover_moveit_config -- -j20 -l20
[0.638s] Invoking command in '/home/mario/Desktop/MyS/Rover_modelado-simulaci-n/ros2_ws/build/rover_moveit_config': AMENT_PREFIX_PATH=/home/mario/Desktop/MyS/Rover_modelado-simulaci-n/ros2_ws/install/rover_description:${AMENT_PREFIX_PATH} CMAKE_PREFIX_PATH=/home/mario/Desktop/MyS/Rover_modelado-simulaci-n/ros2_ws/install/rover_description:/opt/ros/jazzy/opt/gz_sim_vendor:/opt/ros/jazzy/opt/gz_sensors_vendor:/opt/ros/jazzy/opt/gz_physics_vendor:/opt/ros/jazzy/opt/sdformat_vendor:/opt/ros/jazzy/opt/gz_gui_vendor:/opt/ros/jazzy/opt/gz_transport_vendor:/opt/ros/jazzy/opt/gz_rendering_vendor:/opt/ros/jazzy/opt/gz_plugin_vendor:/opt/ros/jazzy/opt/gz_fuel_tools_vendor:/opt/ros/jazzy/opt/gz_msgs_vendor:/opt/ros/jazzy/opt/gz_common_vendor:/opt/ros/jazzy/opt/gz_math_vendor:/opt/ros/jazzy/opt/gz_utils_vendor:/opt/ros/jazzy/opt/gz_tools_vendor:/opt/ros/jazzy/opt/gz_ogre_next_vendor:/opt/ros/jazzy/opt/gz_dartsim_vendor:/opt/ros/jazzy/opt/gz_cmake_vendor:/opt/ros/jazzy DEBUGINFOD_URLS=https://debuginfod.ubuntu.com /usr/bin/cmake --install /home/mario/Desktop/MyS/Rover_modelado-simulaci-n/ros2_ws/build/rover_moveit_config
[0.647s] -- Install configuration: ""
[0.647s] -- Installing: /home/mario/Desktop/MyS/Rover_modelado-simulaci-n/ros2_ws/install/rover_moveit_config/share/ament_index/resource_index/package_run_dependencies/rover_moveit_config
[0.647s] -- Installing: /home/mario/Desktop/MyS/Rover_modelado-simulaci-n/ros2_ws/install/rover_moveit_config/share/ament_index/resource_index/parent_prefix_path/rover_moveit_config
[0.647s] -- Installing: /home/mario/Desktop/MyS/Rover_modelado-simulaci-n/ros2_ws/install/rover_moveit_config/share/rover_moveit_config/environment/ament_prefix_path.sh
[0.647s] -- Installing: /home/mario/Desktop/MyS/Rover_modelado-simulaci-n/ros2_ws/install/rover_moveit_config/share/rover_moveit_config/environment/ament_prefix_path.dsv
[0.648s] -- Installing: /home/mario/Desktop/MyS/Rover_modelado-simulaci-n/ros2_ws/install/rover_moveit_config/share/rover_moveit_config/environment/path.sh
[0.648s] -- Installing: /home/mario/Desktop/MyS/Rover_modelado-simulaci-n/ros2_ws/install/rover_moveit_config/share/rover_moveit_config/environment/path.dsv
[0.648s] -- Installing: /home/mario/Desktop/MyS/Rover_modelado-simulaci-n/ros2_ws/install/rover_moveit_config/share/rover_moveit_config/local_setup.bash
[0.648s] -- Installing: /home/mario/Desktop/MyS/Rover_modelado-simulaci-n/ros2_ws/install/rover_moveit_config/share/rover_moveit_config/local_setup.sh
[0.648s] -- Installing: /home/mario/Desktop/MyS/Rover_modelado-simulaci-n/ros2_ws/install/rover_moveit_config/share/rover_moveit_config/local_setup.zsh
[0.648s] -- Installing: /home/mario/Desktop/MyS/Rover_modelado-simulaci-n/ros2_ws/install/rover_moveit_config/share/rover_moveit_config/local_setup.dsv
[0.648s] -- Installing: /home/mario/Desktop/MyS/Rover_modelado-simulaci-n/ros2_ws/install/rover_moveit_config/share/rover_moveit_config/package.dsv
[0.649s] -- Installing: /home/mario/Desktop/MyS/Rover_modelado-simulaci-n/ros2_ws/install/rover_moveit_config/share/ament_index/resource_index/packages/rover_moveit_config
[0.649s] -- Installing: /home/mario/Desktop/MyS/Rover_modelado-simulaci-n/ros2_ws/install/rover_moveit_config/share/rover_moveit_config/cmake/rover_moveit_configConfig.cmake
[0.649s] -- Installing: /home/mario/Desktop/MyS/Rover_modelado-simulaci-n/ros2_ws/install/rover_moveit_config/share/rover_moveit_config/cmake/rover_moveit_configConfig-version.cmake
[0.649s] -- Installing: /home/mario/Desktop/MyS/Rover_modelado-simulaci-n/ros2_ws/install/rover_moveit_config/share/rover_moveit_config/package.xml
[0.649s] -- Installing: /home/mario/Desktop/MyS/Rover_modelado-simulaci-n/ros2_ws/install/rover_moveit_config/share/rover_moveit_config/launch
[0.649s] -- Installing: /home/mario/Desktop/MyS/Rover_modelado-simulaci-n/ros2_ws/install/rover_moveit_config/share/rover_moveit_config/launch/rsp.launch.py
[0.649s] -- Installing: /home/mario/Desktop/MyS/Rover_modelado-simulaci-n/ros2_ws/install/rover_moveit_config/share/rover_moveit_config/launch/moveit_rviz.launch.py
[0.649s] -- Installing: /home/mario/Desktop/MyS/Rover_modelado-simulaci-n/ros2_ws/install/rover_moveit_config/share/rover_moveit_config/launch/static_virtual_joint_tfs.launch.py
[0.650s] -- Installing: /home/mario/Desktop/MyS/Rover_modelado-simulaci-n/ros2_ws/install/rover_moveit_config/share/rover_moveit_config/launch/spawn_controllers.launch.py
[0.650s] -- Installing: /home/mario/Desktop/MyS/Rover_modelado-simulaci-n/ros2_ws/install/rover_moveit_config/share/rover_moveit_config/launch/move_group.launch.py
[0.650s] -- Installing: /home/mario/Desktop/MyS/Rover_modelado-simulaci-n/ros2_ws/install/rover_moveit_config/share/rover_moveit_config/launch/demo.launch.py
[0.650s] -- Installing: /home/mario/Desktop/MyS/Rover_modelado-simulaci-n/ros2_ws/install/rover_moveit_config/share/rover_moveit_config/launch/warehouse_db.launch.py
[0.650s] -- Installing: /home/mario/Desktop/MyS/Rover_modelado-simulaci-n/ros2_ws/install/rover_moveit_config/share/rover_moveit_config/launch/setup_assistant.launch.py
[0.650s] -- Installing: /home/mario/Desktop/MyS/Rover_modelado-simulaci-n/ros2_ws/install/rover_moveit_config/share/rover_moveit_config/config
[0.650s] -- Installing: /home/mario/Desktop/MyS/Rover_modelado-simulaci-n/ros2_ws/install/rover_moveit_config/share/rover_moveit_config/config/kinematics.yaml
[0.650s] -- Installing: /home/mario/Desktop/MyS/Rover_modelado-simulaci-n/ros2_ws/install/rover_moveit_config/share/rover_moveit_config/config/rover_robot.ros2_control.xacro
[0.650s] -- Installing: /home/mario/Desktop/MyS/Rover_modelado-simulaci-n/ros2_ws/install/rover_moveit_config/share/rover_moveit_config/config/rover_robot.srdf
[0.650s] -- Installing: /home/mario/Desktop/MyS/Rover_modelado-simulaci-n/ros2_ws/install/rover_moveit_config/share/rover_moveit_config/config/rover_robot.urdf.xacro
[0.650s] -- Installing: /home/mario/Desktop/MyS/Rover_modelado-simulaci-n/ros2_ws/install/rover_moveit_config/share/rover_moveit_config/config/moveit_controllers.yaml
[0.651s] -- Installing: /home/mario/Desktop/MyS/Rover_modelado-simulaci-n/ros2_ws/install/rover_moveit_config/share/rover_moveit_config/config/initial_positions.yaml
[0.651s] -- Installing: /home/mario/Desktop/MyS/Rover_modelado-simulaci-n/ros2_ws/install/rover_moveit_config/share/rover_moveit_config/config/joint_limits.yaml
[0.651s] -- Installing: /home/mario/Desktop/MyS/Rover_modelado-simulaci-n/ros2_ws/install/rover_moveit_config/share/rover_moveit_config/config/ros2_controllers.yaml
[0.651s] -- Installing: /home/mario/Desktop/MyS/Rover_modelado-simulaci-n/ros2_ws/install/rover_moveit_config/share/rover_moveit_config/config/moveit.rviz
[0.651s] -- Installing: /home/mario/Desktop/MyS/Rover_modelado-simulaci-n/ros2_ws/install/rover_moveit_config/share/rover_moveit_config/config/pilz_cartesian_limits.yaml
[0.652s] -- Installing: /home/mario/Desktop/MyS/Rover_modelado-simulaci-n/ros2_ws/install/rover_moveit_config/share/rover_moveit_config/.setup_assistant
[0.663s] Invoked command in '/home/mario/Desktop/MyS/Rover_modelado-simulaci-n/ros2_ws/build/rover_moveit_config' returned '0': AMENT_PREFIX_PATH=/home/mario/Desktop/MyS/Rover_modelado-simulaci-n/ros2_ws/install/rover_description:${AMENT_PREFIX_PATH} CMAKE_PREFIX_PATH=/home/mario/Desktop/MyS/Rover_modelado-simulaci-n/ros2_ws/install/rover_description:/opt/ros/jazzy/opt/gz_sim_vendor:/opt/ros/jazzy/opt/gz_sensors_vendor:/opt/ros/jazzy/opt/gz_physics_vendor:/opt/ros/jazzy/opt/sdformat_vendor:/opt/ros/jazzy/opt/gz_gui_vendor:/opt/ros/jazzy/opt/gz_transport_vendor:/opt/ros/jazzy/opt/gz_rendering_vendor:/opt/ros/jazzy/opt/gz_plugin_vendor:/opt/ros/jazzy/opt/gz_fuel_tools_vendor:/opt/ros/jazzy/opt/gz_msgs_vendor:/opt/ros/jazzy/opt/gz_common_vendor:/opt/ros/jazzy/opt/gz_math_vendor:/opt/ros/jazzy/opt/gz_utils_vendor:/opt/ros/jazzy/opt/gz_tools_vendor:/opt/ros/jazzy/opt/gz_ogre_next_vendor:/opt/ros/jazzy/opt/gz_dartsim_vendor:/opt/ros/jazzy/opt/gz_cmake_vendor:/opt/ros/jazzy DEBUGINFOD_URLS=https://debuginfod.ubuntu.com /usr/bin/cmake --install /home/mario/Desktop/MyS/Rover_modelado-simulaci-n/ros2_ws/build/rover_moveit_config
