-- Install configuration: ""
-- Up-to-date: /home/mario/Desktop/MyS/Mario_Casero_Practica3/yet_another_ws/install/rover_description/share/rover_description/urdf
-- Up-to-date: /home/mario/Desktop/MyS/Mario_Casero_Practica3/yet_another_ws/install/rover_description/share/rover_description/urdf/cube.urdf
-- Up-to-date: /home/mario/Desktop/MyS/Mario_Casero_Practica3/yet_another_ws/install/rover_description/share/rover_description/urdf/base
-- Up-to-date: /home/mario/Desktop/MyS/Mario_Casero_Practica3/yet_another_ws/install/rover_description/share/rover_description/urdf/base/rover_base.urdf.xacro
-- Up-to-date: /home/mario/Desktop/MyS/Mario_Casero_Practica3/yet_another_ws/install/rover_description/share/rover_description/urdf/ros2_control.urdf.xacro
-- Up-to-date: /home/mario/Desktop/MyS/Mario_Casero_Practica3/yet_another_ws/install/rover_description/share/rover_description/urdf/arm
-- Up-to-date: /home/mario/Desktop/MyS/Mario_Casero_Practica3/yet_another_ws/install/rover_description/share/rover_description/urdf/arm/rover_scara.urdf.xacro
-- Up-to-date: /home/mario/Desktop/MyS/Mario_Casero_Practica3/yet_another_ws/install/rover_description/share/rover_description/urdf/sensors
-- Up-to-date: /home/mario/Desktop/MyS/Mario_Casero_Practica3/yet_another_ws/install/rover_description/share/rover_description/urdf/sensors/camera_arm.urdf.xacro
-- Up-to-date: /home/mario/Desktop/MyS/Mario_Casero_Practica3/yet_another_ws/install/rover_description/share/rover_description/urdf/sensors/imu_sensor.urdf.xacro
-- Up-to-date: /home/mario/Desktop/MyS/Mario_Casero_Practica3/yet_another_ws/install/rover_description/share/rover_description/urdf/sensors/camera_front.urdf.xacro
-- Up-to-date: /home/mario/Desktop/MyS/Mario_Casero_Practica3/yet_another_ws/install/rover_description/share/rover_description/urdf/wheels
-- Up-to-date: /home/mario/Desktop/MyS/Mario_Casero_Practica3/yet_another_ws/install/rover_description/share/rover_description/urdf/wheels/rover_wheel.urdf.xacro
-- Up-to-date: /home/mario/Desktop/MyS/Mario_Casero_Practica3/yet_another_ws/install/rover_description/share/rover_description/launch
-- Up-to-date: /home/mario/Desktop/MyS/Mario_Casero_Practica3/yet_another_ws/install/rover_description/share/rover_description/launch/robot_state_publisher.launch.py
-- Up-to-date: /home/mario/Desktop/MyS/Mario_Casero_Practica3/yet_another_ws/install/rover_description/share/rover_description/rviz
-- Up-to-date: /home/mario/Desktop/MyS/Mario_Casero_Practica3/yet_another_ws/install/rover_description/share/rover_description/rviz/robot_moveit.rviz
-- Up-to-date: /home/mario/Desktop/MyS/Mario_Casero_Practica3/yet_another_ws/install/rover_description/share/rover_description/rviz/robot.rviz
-- Up-to-date: /home/mario/Desktop/MyS/Mario_Casero_Practica3/yet_another_ws/install/rover_description/share/rover_description/config
-- Installing: /home/mario/Desktop/MyS/Mario_Casero_Practica3/yet_another_ws/install/rover_description/share/rover_description/config/robot_controllers.yaml
-- Up-to-date: /home/mario/Desktop/MyS/Mario_Casero_Practica3/yet_another_ws/install/rover_description/share/rover_description/meshes
-- Up-to-date: /home/mario/Desktop/MyS/Mario_Casero_Practica3/yet_another_ws/install/rover_description/share/rover_description/meshes/dae
-- Up-to-date: /home/mario/Desktop/MyS/Mario_Casero_Practica3/yet_another_ws/install/rover_description/share/rover_description/meshes/dae/Cylinder.010.dae
-- Up-to-date: /home/mario/Desktop/MyS/Mario_Casero_Practica3/yet_another_ws/install/rover_description/share/rover_description/meshes/dae/Torus.011.dae
-- Up-to-date: /home/mario/Desktop/MyS/Mario_Casero_Practica3/yet_another_ws/install/rover_description/share/rover_description/meshes/dae/Torus.006.dae_history.log
-- Up-to-date: /home/mario/Desktop/MyS/Mario_Casero_Practica3/yet_another_ws/install/rover_description/share/rover_description/meshes/dae/Cube.122.dae_history.log
-- Up-to-date: /home/mario/Desktop/MyS/Mario_Casero_Practica3/yet_another_ws/install/rover_description/share/rover_description/meshes/dae/Cylinder.002.dae
-- Up-to-date: /home/mario/Desktop/MyS/Mario_Casero_Practica3/yet_another_ws/install/rover_description/share/rover_description/meshes/dae/Cylinder.007.dae
-- Up-to-date: /home/mario/Desktop/MyS/Mario_Casero_Practica3/yet_another_ws/install/rover_description/share/rover_description/meshes/dae/Torus.002.dae_history.log
-- Up-to-date: /home/mario/Desktop/MyS/Mario_Casero_Practica3/yet_another_ws/install/rover_description/share/rover_description/meshes/dae/Cylinder.dae
-- Up-to-date: /home/mario/Desktop/MyS/Mario_Casero_Practica3/yet_another_ws/install/rover_description/share/rover_description/meshes/dae/Torus.010.dae
-- Up-to-date: /home/mario/Desktop/MyS/Mario_Casero_Practica3/yet_another_ws/install/rover_description/share/rover_description/meshes/dae/Torus.011.dae_history.log
-- Up-to-date: /home/mario/Desktop/MyS/Mario_Casero_Practica3/yet_another_ws/install/rover_description/share/rover_description/meshes/dae/Torus.003.dae
-- Up-to-date: /home/mario/Desktop/MyS/Mario_Casero_Practica3/yet_another_ws/install/rover_description/share/rover_description/meshes/dae/Cylinder.001.dae_history.log
-- Up-to-date: /home/mario/Desktop/MyS/Mario_Casero_Practica3/yet_another_ws/install/rover_description/share/rover_description/meshes/dae/Torus.009.dae
-- Up-to-date: /home/mario/Desktop/MyS/Mario_Casero_Practica3/yet_another_ws/install/rover_description/share/rover_description/meshes/dae/Torus.008.dae_history.log
-- Up-to-date: /home/mario/Desktop/MyS/Mario_Casero_Practica3/yet_another_ws/install/rover_description/share/rover_description/meshes/dae/Cylinder.010.dae_history.log
-- Up-to-date: /home/mario/Desktop/MyS/Mario_Casero_Practica3/yet_another_ws/install/rover_description/share/rover_description/meshes/dae/Cylinder.006.dae
-- Up-to-date: /home/mario/Desktop/MyS/Mario_Casero_Practica3/yet_another_ws/install/rover_description/share/rover_description/meshes/dae/Cube.122.dae
-- Up-to-date: /home/mario/Desktop/MyS/Mario_Casero_Practica3/yet_another_ws/install/rover_description/share/rover_description/meshes/dae/Cube.001.dae_history.log
-- Up-to-date: /home/mario/Desktop/MyS/Mario_Casero_Practica3/yet_another_ws/install/rover_description/share/rover_description/meshes/dae/Cube.073.dae
-- Up-to-date: /home/mario/Desktop/MyS/Mario_Casero_Practica3/yet_another_ws/install/rover_description/share/rover_description/meshes/dae/Torus.004.dae_history.log
-- Up-to-date: /home/mario/Desktop/MyS/Mario_Casero_Practica3/yet_another_ws/install/rover_description/share/rover_description/meshes/dae/Cylinder.007.dae_history.log
-- Up-to-date: /home/mario/Desktop/MyS/Mario_Casero_Practica3/yet_another_ws/install/rover_description/share/rover_description/meshes/dae/Cylinder.009.dae_history.log
-- Up-to-date: /home/mario/Desktop/MyS/Mario_Casero_Practica3/yet_another_ws/install/rover_description/share/rover_description/meshes/dae/Cylinder.006.dae_history.log
-- Up-to-date: /home/mario/Desktop/MyS/Mario_Casero_Practica3/yet_another_ws/install/rover_description/share/rover_description/meshes/dae/Torus.007.dae_history.log
-- Up-to-date: /home/mario/Desktop/MyS/Mario_Casero_Practica3/yet_another_ws/install/rover_description/share/rover_description/meshes/dae/Cube.124.dae
-- Up-to-date: /home/mario/Desktop/MyS/Mario_Casero_Practica3/yet_another_ws/install/rover_description/share/rover_description/meshes/dae/Torus.005.dae
-- Up-to-date: /home/mario/Desktop/MyS/Mario_Casero_Practica3/yet_another_ws/install/rover_description/share/rover_description/meshes/dae/Cylinder.001.dae
-- Up-to-date: /home/mario/Desktop/MyS/Mario_Casero_Practica3/yet_another_ws/install/rover_description/share/rover_description/meshes/dae/Cylinder.008.dae
-- Up-to-date: /home/mario/Desktop/MyS/Mario_Casero_Practica3/yet_another_ws/install/rover_description/share/rover_description/meshes/dae/Torus.010.dae_history.log
-- Up-to-date: /home/mario/Desktop/MyS/Mario_Casero_Practica3/yet_another_ws/install/rover_description/share/rover_description/meshes/dae/Cylinder.002.dae_history.log
-- Up-to-date: /home/mario/Desktop/MyS/Mario_Casero_Practica3/yet_another_ws/install/rover_description/share/rover_description/meshes/dae/Torus.002.dae
-- Up-to-date: /home/mario/Desktop/MyS/Mario_Casero_Practica3/yet_another_ws/install/rover_description/share/rover_description/meshes/dae/Cube.125.dae_history.log
-- Up-to-date: /home/mario/Desktop/MyS/Mario_Casero_Practica3/yet_another_ws/install/rover_description/share/rover_description/meshes/dae/Torus.001.dae_history.log
-- Up-to-date: /home/mario/Desktop/MyS/Mario_Casero_Practica3/yet_another_ws/install/rover_description/share/rover_description/meshes/dae/Cube.001.dae
-- Up-to-date: /home/mario/Desktop/MyS/Mario_Casero_Practica3/yet_another_ws/install/rover_description/share/rover_description/meshes/dae/Torus.009.dae_history.log
-- Up-to-date: /home/mario/Desktop/MyS/Mario_Casero_Practica3/yet_another_ws/install/rover_description/share/rover_description/meshes/dae/Torus.007.dae
-- Up-to-date: /home/mario/Desktop/MyS/Mario_Casero_Practica3/yet_another_ws/install/rover_description/share/rover_description/meshes/dae/Torus.004.dae
-- Up-to-date: /home/mario/Desktop/MyS/Mario_Casero_Practica3/yet_another_ws/install/rover_description/share/rover_description/meshes/dae/Cube.073.dae_history.log
-- Up-to-date: /home/mario/Desktop/MyS/Mario_Casero_Practica3/yet_another_ws/install/rover_description/share/rover_description/meshes/dae/Torus.006.dae
-- Up-to-date: /home/mario/Desktop/MyS/Mario_Casero_Practica3/yet_another_ws/install/rover_description/share/rover_description/meshes/dae/Torus.012.dae_history.log
-- Up-to-date: /home/mario/Desktop/MyS/Mario_Casero_Practica3/yet_another_ws/install/rover_description/share/rover_description/meshes/dae/Cube.124.dae_history.log
-- Up-to-date: /home/mario/Desktop/MyS/Mario_Casero_Practica3/yet_another_ws/install/rover_description/share/rover_description/meshes/dae/Torus.005.dae_history.log
-- Up-to-date: /home/mario/Desktop/MyS/Mario_Casero_Practica3/yet_another_ws/install/rover_description/share/rover_description/meshes/dae/Cylinder.dae_history.log
-- Up-to-date: /home/mario/Desktop/MyS/Mario_Casero_Practica3/yet_another_ws/install/rover_description/share/rover_description/meshes/dae/Cylinder.009.dae
-- Up-to-date: /home/mario/Desktop/MyS/Mario_Casero_Practica3/yet_another_ws/install/rover_description/share/rover_description/meshes/dae/Torus.012.dae
-- Up-to-date: /home/mario/Desktop/MyS/Mario_Casero_Practica3/yet_another_ws/install/rover_description/share/rover_description/meshes/dae/Cube.125.dae
-- Up-to-date: /home/mario/Desktop/MyS/Mario_Casero_Practica3/yet_another_ws/install/rover_description/share/rover_description/meshes/dae/Torus.008.dae
-- Up-to-date: /home/mario/Desktop/MyS/Mario_Casero_Practica3/yet_another_ws/install/rover_description/share/rover_description/meshes/dae/Cylinder.008.dae_history.log
-- Up-to-date: /home/mario/Desktop/MyS/Mario_Casero_Practica3/yet_another_ws/install/rover_description/share/rover_description/meshes/dae/Torus.003.dae_history.log
-- Up-to-date: /home/mario/Desktop/MyS/Mario_Casero_Practica3/yet_another_ws/install/rover_description/share/rover_description/meshes/dae/Torus.001.dae
-- Up-to-date: /home/mario/Desktop/MyS/Mario_Casero_Practica3/yet_another_ws/install/rover_description/share/rover_description/robots
-- Up-to-date: /home/mario/Desktop/MyS/Mario_Casero_Practica3/yet_another_ws/install/rover_description/share/rover_description/robots/final_rover.urdf.xacro
-- Up-to-date: /home/mario/Desktop/MyS/Mario_Casero_Practica3/yet_another_ws/install/rover_description/share/ament_index/resource_index/package_run_dependencies/rover_description
-- Up-to-date: /home/mario/Desktop/MyS/Mario_Casero_Practica3/yet_another_ws/install/rover_description/share/ament_index/resource_index/parent_prefix_path/rover_description
-- Up-to-date: /home/mario/Desktop/MyS/Mario_Casero_Practica3/yet_another_ws/install/rover_description/share/rover_description/environment/ament_prefix_path.sh
-- Up-to-date: /home/mario/Desktop/MyS/Mario_Casero_Practica3/yet_another_ws/install/rover_description/share/rover_description/environment/ament_prefix_path.dsv
-- Up-to-date: /home/mario/Desktop/MyS/Mario_Casero_Practica3/yet_another_ws/install/rover_description/share/rover_description/environment/path.sh
-- Up-to-date: /home/mario/Desktop/MyS/Mario_Casero_Practica3/yet_another_ws/install/rover_description/share/rover_description/environment/path.dsv
-- Up-to-date: /home/mario/Desktop/MyS/Mario_Casero_Practica3/yet_another_ws/install/rover_description/share/rover_description/local_setup.bash
-- Up-to-date: /home/mario/Desktop/MyS/Mario_Casero_Practica3/yet_another_ws/install/rover_description/share/rover_description/local_setup.sh
-- Up-to-date: /home/mario/Desktop/MyS/Mario_Casero_Practica3/yet_another_ws/install/rover_description/share/rover_description/local_setup.zsh
-- Up-to-date: /home/mario/Desktop/MyS/Mario_Casero_Practica3/yet_another_ws/install/rover_description/share/rover_description/local_setup.dsv
-- Installing: /home/mario/Desktop/MyS/Mario_Casero_Practica3/yet_another_ws/install/rover_description/share/rover_description/package.dsv
-- Up-to-date: /home/mario/Desktop/MyS/Mario_Casero_Practica3/yet_another_ws/install/rover_description/share/ament_index/resource_index/packages/rover_description
-- Up-to-date: /home/mario/Desktop/MyS/Mario_Casero_Practica3/yet_another_ws/install/rover_description/share/rover_description/cmake/rover_descriptionConfig.cmake
-- Up-to-date: /home/mario/Desktop/MyS/Mario_Casero_Practica3/yet_another_ws/install/rover_description/share/rover_description/cmake/rover_descriptionConfig-version.cmake
-- Up-to-date: /home/mario/Desktop/MyS/Mario_Casero_Practica3/yet_another_ws/install/rover_description/share/rover_description/package.xml
