[0.008s] Invoking command in '/home/mario/Desktop/MyS/Rover_modelado-simulaci-n/ros2_ws/build/rover_description': CMAKE_PREFIX_PATH=${CMAKE_PREFIX_PATH}:/opt/ros/jazzy DEBUGINFOD_URLS=https://debuginfod.ubuntu.com /usr/bin/cmake /home/mario/Desktop/MyS/Rover_modelado-simulaci-n/ros2_ws/src/rover_description -DCMAKE_INSTALL_PREFIX=/home/mario/Desktop/MyS/Rover_modelado-simulaci-n/ros2_ws/install/rover_description
[0.070s] -- The C compiler identification is GNU 13.3.0
[0.118s] -- The CXX compiler identification is GNU 13.3.0
[0.137s] -- Detecting C compiler ABI info
[0.281s] -- Detecting C compiler ABI info - done
[0.288s] -- Check for working C compiler: /usr/bin/cc - skipped
[0.288s] -- Detecting C compile features
[0.288s] -- Detecting C compile features - done
[0.297s] -- Detecting CXX compiler ABI info
[0.436s] -- Detecting CXX compiler ABI info - done
[0.447s] -- Check for working CXX compiler: /usr/bin/c++ - skipped
[0.447s] -- Detecting CXX compile features
[0.448s] -- Detecting CXX compile features - done
[0.450s] -- Found ament_cmake: 2.5.6 (/opt/ros/jazzy/share/ament_cmake/cmake)
[0.578s] -- Found Python3: /usr/bin/python3 (found version "3.12.3") found components: Interpreter 
[0.666s] -- Found ament_lint_auto: 0.17.5 (/opt/ros/jazzy/share/ament_lint_auto/cmake)
[0.730s] -- Configuring done (0.7s)
[0.731s] -- Generating done (0.0s)
[0.732s] -- Build files have been written to: /home/mario/Desktop/MyS/Rover_modelado-simulaci-n/ros2_ws/build/rover_description
[0.736s] Invoked command in '/home/mario/Desktop/MyS/Rover_modelado-simulaci-n/ros2_ws/build/rover_description' returned '0': CMAKE_PREFIX_PATH=${CMAKE_PREFIX_PATH}:/opt/ros/jazzy DEBUGINFOD_URLS=https://debuginfod.ubuntu.com /usr/bin/cmake /home/mario/Desktop/MyS/Rover_modelado-simulaci-n/ros2_ws/src/rover_description -DCMAKE_INSTALL_PREFIX=/home/mario/Desktop/MyS/Rover_modelado-simulaci-n/ros2_ws/install/rover_description
[0.737s] Invoking command in '/home/mario/Desktop/MyS/Rover_modelado-simulaci-n/ros2_ws/build/rover_description': CMAKE_PREFIX_PATH=${CMAKE_PREFIX_PATH}:/opt/ros/jazzy DEBUGINFOD_URLS=https://debuginfod.ubuntu.com /usr/bin/cmake --build /home/mario/Desktop/MyS/Rover_modelado-simulaci-n/ros2_ws/build/rover_description -- -j20 -l20
[0.769s] Invoked command in '/home/mario/Desktop/MyS/Rover_modelado-simulaci-n/ros2_ws/build/rover_description' returned '0': CMAKE_PREFIX_PATH=${CMAKE_PREFIX_PATH}:/opt/ros/jazzy DEBUGINFOD_URLS=https://debuginfod.ubuntu.com /usr/bin/cmake --build /home/mario/Desktop/MyS/Rover_modelado-simulaci-n/ros2_ws/build/rover_description -- -j20 -l20
[0.777s] Invoking command in '/home/mario/Desktop/MyS/Rover_modelado-simulaci-n/ros2_ws/build/rover_description': CMAKE_PREFIX_PATH=${CMAKE_PREFIX_PATH}:/opt/ros/jazzy DEBUGINFOD_URLS=https://debuginfod.ubuntu.com /usr/bin/cmake --install /home/mario/Desktop/MyS/Rover_modelado-simulaci-n/ros2_ws/build/rover_description
[0.784s] -- Install configuration: ""
[0.784s] -- Installing: /home/mario/Desktop/MyS/Rover_modelado-simulaci-n/ros2_ws/install/rover_description/share/rover_description/urdf
[0.784s] -- Installing: /home/mario/Desktop/MyS/Rover_modelado-simulaci-n/ros2_ws/install/rover_description/share/rover_description/urdf/cube.urdf
[0.784s] -- Installing: /home/mario/Desktop/MyS/Rover_modelado-simulaci-n/ros2_ws/install/rover_description/share/rover_description/urdf/base
[0.784s] -- Installing: /home/mario/Desktop/MyS/Rover_modelado-simulaci-n/ros2_ws/install/rover_description/share/rover_description/urdf/base/rover_base.urdf.xacro
[0.784s] -- Installing: /home/mario/Desktop/MyS/Rover_modelado-simulaci-n/ros2_ws/install/rover_description/share/rover_description/urdf/ros2_control.urdf.xacro
[0.784s] -- Installing: /home/mario/Desktop/MyS/Rover_modelado-simulaci-n/ros2_ws/install/rover_description/share/rover_description/urdf/arm
[0.784s] -- Installing: /home/mario/Desktop/MyS/Rover_modelado-simulaci-n/ros2_ws/install/rover_description/share/rover_description/urdf/arm/rover_scara.urdf.xacro
[0.784s] -- Installing: /home/mario/Desktop/MyS/Rover_modelado-simulaci-n/ros2_ws/install/rover_description/share/rover_description/urdf/sensors
[0.784s] -- Installing: /home/mario/Desktop/MyS/Rover_modelado-simulaci-n/ros2_ws/install/rover_description/share/rover_description/urdf/sensors/camera_arm.urdf.xacro
[0.784s] -- Installing: /home/mario/Desktop/MyS/Rover_modelado-simulaci-n/ros2_ws/install/rover_description/share/rover_description/urdf/sensors/imu_sensor.urdf.xacro
[0.784s] -- Installing: /home/mario/Desktop/MyS/Rover_modelado-simulaci-n/ros2_ws/install/rover_description/share/rover_description/urdf/sensors/camera_front.urdf.xacro
[0.784s] -- Installing: /home/mario/Desktop/MyS/Rover_modelado-simulaci-n/ros2_ws/install/rover_description/share/rover_description/urdf/wheels
[0.784s] -- Installing: /home/mario/Desktop/MyS/Rover_modelado-simulaci-n/ros2_ws/install/rover_description/share/rover_description/urdf/wheels/rover_wheel.urdf.xacro
[0.784s] -- Installing: /home/mario/Desktop/MyS/Rover_modelado-simulaci-n/ros2_ws/install/rover_description/share/rover_description/launch
[0.784s] -- Installing: /home/mario/Desktop/MyS/Rover_modelado-simulaci-n/ros2_ws/install/rover_description/share/rover_description/launch/launch.py
[0.784s] -- Installing: /home/mario/Desktop/MyS/Rover_modelado-simulaci-n/ros2_ws/install/rover_description/share/rover_description/rviz
[0.785s] -- Installing: /home/mario/Desktop/MyS/Rover_modelado-simulaci-n/ros2_ws/install/rover_description/share/rover_description/rviz/rover.rviz
[0.785s] -- Installing: /home/mario/Desktop/MyS/Rover_modelado-simulaci-n/ros2_ws/install/rover_description/share/rover_description/rviz/robot_moveit.rviz
[0.785s] -- Installing: /home/mario/Desktop/MyS/Rover_modelado-simulaci-n/ros2_ws/install/rover_description/share/rover_description/config
[0.785s] -- Installing: /home/mario/Desktop/MyS/Rover_modelado-simulaci-n/ros2_ws/install/rover_description/share/rover_description/config/robot_controllers.yaml
[0.785s] -- Installing: /home/mario/Desktop/MyS/Rover_modelado-simulaci-n/ros2_ws/install/rover_description/share/rover_description/meshes
[0.785s] -- Installing: /home/mario/Desktop/MyS/Rover_modelado-simulaci-n/ros2_ws/install/rover_description/share/rover_description/meshes/dae
[0.785s] -- Installing: /home/mario/Desktop/MyS/Rover_modelado-simulaci-n/ros2_ws/install/rover_description/share/rover_description/meshes/dae/Cylinder.010.dae
[0.785s] -- Installing: /home/mario/Desktop/MyS/Rover_modelado-simulaci-n/ros2_ws/install/rover_description/share/rover_description/meshes/dae/Torus.011.dae
[0.785s] -- Installing: /home/mario/Desktop/MyS/Rover_modelado-simulaci-n/ros2_ws/install/rover_description/share/rover_description/meshes/dae/Torus.006.dae_history.log
[0.785s] -- Installing: /home/mario/Desktop/MyS/Rover_modelado-simulaci-n/ros2_ws/install/rover_description/share/rover_description/meshes/dae/Cube.122.dae_history.log
[0.785s] -- Installing: /home/mario/Desktop/MyS/Rover_modelado-simulaci-n/ros2_ws/install/rover_description/share/rover_description/meshes/dae/Cylinder.002.dae
[0.785s] -- Installing: /home/mario/Desktop/MyS/Rover_modelado-simulaci-n/ros2_ws/install/rover_description/share/rover_description/meshes/dae/Cylinder.007.dae
[0.785s] -- Installing: /home/mario/Desktop/MyS/Rover_modelado-simulaci-n/ros2_ws/install/rover_description/share/rover_description/meshes/dae/Torus.002.dae_history.log
[0.785s] -- Installing: /home/mario/Desktop/MyS/Rover_modelado-simulaci-n/ros2_ws/install/rover_description/share/rover_description/meshes/dae/Cylinder.dae
[0.785s] -- Installing: /home/mario/Desktop/MyS/Rover_modelado-simulaci-n/ros2_ws/install/rover_description/share/rover_description/meshes/dae/Torus.010.dae
[0.785s] -- Installing: /home/mario/Desktop/MyS/Rover_modelado-simulaci-n/ros2_ws/install/rover_description/share/rover_description/meshes/dae/Torus.011.dae_history.log
[0.785s] -- Installing: /home/mario/Desktop/MyS/Rover_modelado-simulaci-n/ros2_ws/install/rover_description/share/rover_description/meshes/dae/Torus.003.dae
[0.785s] -- Installing: /home/mario/Desktop/MyS/Rover_modelado-simulaci-n/ros2_ws/install/rover_description/share/rover_description/meshes/dae/Cylinder.001.dae_history.log
[0.785s] -- Installing: /home/mario/Desktop/MyS/Rover_modelado-simulaci-n/ros2_ws/install/rover_description/share/rover_description/meshes/dae/Torus.009.dae
[0.785s] -- Installing: /home/mario/Desktop/MyS/Rover_modelado-simulaci-n/ros2_ws/install/rover_description/share/rover_description/meshes/dae/Torus.008.dae_history.log
[0.786s] -- Installing: /home/mario/Desktop/MyS/Rover_modelado-simulaci-n/ros2_ws/install/rover_description/share/rover_description/meshes/dae/Cylinder.010.dae_history.log
[0.786s] -- Installing: /home/mario/Desktop/MyS/Rover_modelado-simulaci-n/ros2_ws/install/rover_description/share/rover_description/meshes/dae/Cylinder.006.dae
[0.786s] -- Installing: /home/mario/Desktop/MyS/Rover_modelado-simulaci-n/ros2_ws/install/rover_description/share/rover_description/meshes/dae/Cube.122.dae
[0.786s] -- Installing: /home/mario/Desktop/MyS/Rover_modelado-simulaci-n/ros2_ws/install/rover_description/share/rover_description/meshes/dae/Cube.001.dae_history.log
[0.786s] -- Installing: /home/mario/Desktop/MyS/Rover_modelado-simulaci-n/ros2_ws/install/rover_description/share/rover_description/meshes/dae/Cube.073.dae
[0.786s] -- Installing: /home/mario/Desktop/MyS/Rover_modelado-simulaci-n/ros2_ws/install/rover_description/share/rover_description/meshes/dae/Torus.004.dae_history.log
[0.786s] -- Installing: /home/mario/Desktop/MyS/Rover_modelado-simulaci-n/ros2_ws/install/rover_description/share/rover_description/meshes/dae/Cylinder.007.dae_history.log
[0.786s] -- Installing: /home/mario/Desktop/MyS/Rover_modelado-simulaci-n/ros2_ws/install/rover_description/share/rover_description/meshes/dae/Cylinder.009.dae_history.log
[0.786s] -- Installing: /home/mario/Desktop/MyS/Rover_modelado-simulaci-n/ros2_ws/install/rover_description/share/rover_description/meshes/dae/Cylinder.006.dae_history.log
[0.786s] -- Installing: /home/mario/Desktop/MyS/Rover_modelado-simulaci-n/ros2_ws/install/rover_description/share/rover_description/meshes/dae/Torus.007.dae_history.log
[0.786s] -- Installing: /home/mario/Desktop/MyS/Rover_modelado-simulaci-n/ros2_ws/install/rover_description/share/rover_description/meshes/dae/Cube.124.dae
[0.786s] -- Installing: /home/mario/Desktop/MyS/Rover_modelado-simulaci-n/ros2_ws/install/rover_description/share/rover_description/meshes/dae/Torus.005.dae
[0.786s] -- Installing: /home/mario/Desktop/MyS/Rover_modelado-simulaci-n/ros2_ws/install/rover_description/share/rover_description/meshes/dae/Cylinder.001.dae
[0.786s] -- Installing: /home/mario/Desktop/MyS/Rover_modelado-simulaci-n/ros2_ws/install/rover_description/share/rover_description/meshes/dae/Cylinder.008.dae
[0.786s] -- Installing: /home/mario/Desktop/MyS/Rover_modelado-simulaci-n/ros2_ws/install/rover_description/share/rover_description/meshes/dae/Torus.010.dae_history.log
[0.786s] -- Installing: /home/mario/Desktop/MyS/Rover_modelado-simulaci-n/ros2_ws/install/rover_description/share/rover_description/meshes/dae/Cylinder.002.dae_history.log
[0.786s] -- Installing: /home/mario/Desktop/MyS/Rover_modelado-simulaci-n/ros2_ws/install/rover_description/share/rover_description/meshes/dae/Torus.002.dae
[0.786s] -- Installing: /home/mario/Desktop/MyS/Rover_modelado-simulaci-n/ros2_ws/install/rover_description/share/rover_description/meshes/dae/Cube.125.dae_history.log
[0.787s] -- Installing: /home/mario/Desktop/MyS/Rover_modelado-simulaci-n/ros2_ws/install/rover_description/share/rover_description/meshes/dae/Torus.001.dae_history.log
[0.787s] -- Installing: /home/mario/Desktop/MyS/Rover_modelado-simulaci-n/ros2_ws/install/rover_description/share/rover_description/meshes/dae/Cube.001.dae
[0.787s] -- Installing: /home/mario/Desktop/MyS/Rover_modelado-simulaci-n/ros2_ws/install/rover_description/share/rover_description/meshes/dae/Torus.009.dae_history.log
[0.787s] -- Installing: /home/mario/Desktop/MyS/Rover_modelado-simulaci-n/ros2_ws/install/rover_description/share/rover_description/meshes/dae/Torus.007.dae
[0.787s] -- Installing: /home/mario/Desktop/MyS/Rover_modelado-simulaci-n/ros2_ws/install/rover_description/share/rover_description/meshes/dae/Torus.004.dae
[0.787s] -- Installing: /home/mario/Desktop/MyS/Rover_modelado-simulaci-n/ros2_ws/install/rover_description/share/rover_description/meshes/dae/Cube.073.dae_history.log
[0.787s] -- Installing: /home/mario/Desktop/MyS/Rover_modelado-simulaci-n/ros2_ws/install/rover_description/share/rover_description/meshes/dae/Torus.006.dae
[0.787s] -- Installing: /home/mario/Desktop/MyS/Rover_modelado-simulaci-n/ros2_ws/install/rover_description/share/rover_description/meshes/dae/Torus.012.dae_history.log
[0.787s] -- Installing: /home/mario/Desktop/MyS/Rover_modelado-simulaci-n/ros2_ws/install/rover_description/share/rover_description/meshes/dae/Cube.124.dae_history.log
[0.787s] -- Installing: /home/mario/Desktop/MyS/Rover_modelado-simulaci-n/ros2_ws/install/rover_description/share/rover_description/meshes/dae/Torus.005.dae_history.log
[0.787s] -- Installing: /home/mario/Desktop/MyS/Rover_modelado-simulaci-n/ros2_ws/install/rover_description/share/rover_description/meshes/dae/Cylinder.dae_history.log
[0.787s] -- Installing: /home/mario/Desktop/MyS/Rover_modelado-simulaci-n/ros2_ws/install/rover_description/share/rover_description/meshes/dae/Cylinder.009.dae
[0.787s] -- Installing: /home/mario/Desktop/MyS/Rover_modelado-simulaci-n/ros2_ws/install/rover_description/share/rover_description/meshes/dae/Torus.012.dae
[0.787s] -- Installing: /home/mario/Desktop/MyS/Rover_modelado-simulaci-n/ros2_ws/install/rover_description/share/rover_description/meshes/dae/Cube.125.dae
[0.787s] -- Installing: /home/mario/Desktop/MyS/Rover_modelado-simulaci-n/ros2_ws/install/rover_description/share/rover_description/meshes/dae/Torus.008.dae
[0.787s] -- Installing: /home/mario/Desktop/MyS/Rover_modelado-simulaci-n/ros2_ws/install/rover_description/share/rover_description/meshes/dae/Cylinder.008.dae_history.log
[0.788s] -- Installing: /home/mario/Desktop/MyS/Rover_modelado-simulaci-n/ros2_ws/install/rover_description/share/rover_description/meshes/dae/Torus.003.dae_history.log
[0.788s] -- Installing: /home/mario/Desktop/MyS/Rover_modelado-simulaci-n/ros2_ws/install/rover_description/share/rover_description/meshes/dae/Torus.001.dae
[0.788s] -- Installing: /home/mario/Desktop/MyS/Rover_modelado-simulaci-n/ros2_ws/install/rover_description/share/rover_description/robots
[0.788s] -- Installing: /home/mario/Desktop/MyS/Rover_modelado-simulaci-n/ros2_ws/install/rover_description/share/rover_description/robots/final_rover.urdf.xacro
[0.788s] -- Installing: /home/mario/Desktop/MyS/Rover_modelado-simulaci-n/ros2_ws/install/rover_description/share/ament_index/resource_index/package_run_dependencies/rover_description
[0.788s] -- Installing: /home/mario/Desktop/MyS/Rover_modelado-simulaci-n/ros2_ws/install/rover_description/share/ament_index/resource_index/parent_prefix_path/rover_description
[0.788s] -- Installing: /home/mario/Desktop/MyS/Rover_modelado-simulaci-n/ros2_ws/install/rover_description/share/rover_description/environment/ament_prefix_path.sh
[0.788s] -- Installing: /home/mario/Desktop/MyS/Rover_modelado-simulaci-n/ros2_ws/install/rover_description/share/rover_description/environment/ament_prefix_path.dsv
[0.788s] -- Installing: /home/mario/Desktop/MyS/Rover_modelado-simulaci-n/ros2_ws/install/rover_description/share/rover_description/environment/path.sh
[0.788s] -- Installing: /home/mario/Desktop/MyS/Rover_modelado-simulaci-n/ros2_ws/install/rover_description/share/rover_description/environment/path.dsv
[0.788s] -- Installing: /home/mario/Desktop/MyS/Rover_modelado-simulaci-n/ros2_ws/install/rover_description/share/rover_description/local_setup.bash
[0.788s] -- Installing: /home/mario/Desktop/MyS/Rover_modelado-simulaci-n/ros2_ws/install/rover_description/share/rover_description/local_setup.sh
[0.788s] -- Installing: /home/mario/Desktop/MyS/Rover_modelado-simulaci-n/ros2_ws/install/rover_description/share/rover_description/local_setup.zsh
[0.788s] -- Installing: /home/mario/Desktop/MyS/Rover_modelado-simulaci-n/ros2_ws/install/rover_description/share/rover_description/local_setup.dsv
[0.788s] -- Installing: /home/mario/Desktop/MyS/Rover_modelado-simulaci-n/ros2_ws/install/rover_description/share/rover_description/package.dsv
[0.788s] -- Installing: /home/mario/Desktop/MyS/Rover_modelado-simulaci-n/ros2_ws/install/rover_description/share/ament_index/resource_index/packages/rover_description
[0.788s] -- Installing: /home/mario/Desktop/MyS/Rover_modelado-simulaci-n/ros2_ws/install/rover_description/share/rover_description/cmake/rover_descriptionConfig.cmake
[0.789s] -- Installing: /home/mario/Desktop/MyS/Rover_modelado-simulaci-n/ros2_ws/install/rover_description/share/rover_description/cmake/rover_descriptionConfig-version.cmake
[0.789s] -- Installing: /home/mario/Desktop/MyS/Rover_modelado-simulaci-n/ros2_ws/install/rover_description/share/rover_description/package.xml
[0.790s] Invoked command in '/home/mario/Desktop/MyS/Rover_modelado-simulaci-n/ros2_ws/build/rover_description' returned '0': CMAKE_PREFIX_PATH=${CMAKE_PREFIX_PATH}:/opt/ros/jazzy DEBUGINFOD_URLS=https://debuginfod.ubuntu.com /usr/bin/cmake --install /home/mario/Desktop/MyS/Rover_modelado-simulaci-n/ros2_ws/build/rover_description
