[0.069s] DEBUG:colcon:Command line arguments: ['/usr/bin/colcon', 'build']
[0.069s] DEBUG:colcon:Parsed command line arguments: Namespace(log_base=None, log_level=None, verb_name='build', build_base='build', install_base='install', merge_install=False, symlink_install=False, test_result_base=None, continue_on_error=False, executor='parallel', parallel_workers=20, event_handlers=None, ignore_user_meta=False, metas=['./colcon.meta'], base_paths=['.'], packages_ignore=None, packages_ignore_regex=None, paths=None, packages_up_to=None, packages_up_to_regex=None, packages_above=None, packages_above_and_dependencies=None, packages_above_depth=None, packages_select_by_dep=None, packages_skip_by_dep=None, packages_skip_up_to=None, packages_select_build_failed=False, packages_skip_build_finished=False, packages_select_test_failures=False, packages_skip_test_passed=False, packages_select=None, packages_skip=None, packages_select_regex=None, packages_skip_regex=None, packages_start=None, packages_end=None, allow_overriding=[], cmake_args=None, cmake_target=None, cmake_target_skip_unavailable=False, cmake_clean_cache=False, cmake_clean_first=False, cmake_force_configure=False, ament_cmake_args=None, catkin_cmake_args=None, catkin_skip_building_tests=False, mixin_files=None, mixin=None, verb_parser=<colcon_mixin.mixin.mixin_argument.MixinArgumentDecorator object at 0x7c5725eaa810>, verb_extension=<colcon_core.verb.build.BuildVerb object at 0x7c5725eaa630>, main=<bound method BuildVerb.main of <colcon_core.verb.build.BuildVerb object at 0x7c5725eaa630>>, mixin_verb=('build',))
[0.093s] Level 1:colcon.colcon_core.package_discovery:discover_packages(colcon_meta) check parameters
[0.093s] Level 1:colcon.colcon_core.package_discovery:discover_packages(recursive) check parameters
[0.093s] Level 1:colcon.colcon_core.package_discovery:discover_packages(ignore) check parameters
[0.094s] Level 1:colcon.colcon_core.package_discovery:discover_packages(path) check parameters
[0.094s] Level 1:colcon.colcon_core.package_discovery:discover_packages(colcon_meta) discover
[0.094s] Level 1:colcon.colcon_core.package_discovery:discover_packages(recursive) discover
[0.094s] INFO:colcon.colcon_core.package_discovery:Crawling recursively for packages in '/home/mario/Desktop/MyS/Mario_Casero_Practica3/yet_another_ws'
[0.094s] Level 1:colcon.colcon_core.package_identification:_identify(.) by extensions ['ignore', 'ignore_ament_install']
[0.094s] Level 1:colcon.colcon_core.package_identification:_identify(.) by extension 'ignore'
[0.094s] Level 1:colcon.colcon_core.package_identification:_identify(.) by extension 'ignore_ament_install'
[0.094s] Level 1:colcon.colcon_core.package_identification:_identify(.) by extensions ['colcon_pkg']
[0.094s] Level 1:colcon.colcon_core.package_identification:_identify(.) by extension 'colcon_pkg'
[0.094s] Level 1:colcon.colcon_core.package_identification:_identify(.) by extensions ['colcon_meta']
[0.094s] Level 1:colcon.colcon_core.package_identification:_identify(.) by extension 'colcon_meta'
[0.094s] Level 1:colcon.colcon_core.package_identification:_identify(.) by extensions ['ros']
[0.094s] Level 1:colcon.colcon_core.package_identification:_identify(.) by extension 'ros'
[0.111s] Level 1:colcon.colcon_core.package_identification:_identify(.) by extensions ['cmake', 'python']
[0.112s] Level 1:colcon.colcon_core.package_identification:_identify(.) by extension 'cmake'
[0.112s] Level 1:colcon.colcon_core.package_identification:_identify(.) by extension 'python'
[0.112s] Level 1:colcon.colcon_core.package_identification:_identify(.) by extensions ['python_setup_py']
[0.112s] Level 1:colcon.colcon_core.package_identification:_identify(.) by extension 'python_setup_py'
[0.112s] Level 1:colcon.colcon_core.package_identification:_identify(build) by extensions ['ignore', 'ignore_ament_install']
[0.112s] Level 1:colcon.colcon_core.package_identification:_identify(build) by extension 'ignore'
[0.112s] Level 1:colcon.colcon_core.package_identification:_identify(build) ignored
[0.112s] Level 1:colcon.colcon_core.package_identification:_identify(install) by extensions ['ignore', 'ignore_ament_install']
[0.112s] Level 1:colcon.colcon_core.package_identification:_identify(install) by extension 'ignore'
[0.112s] Level 1:colcon.colcon_core.package_identification:_identify(install) ignored
[0.112s] Level 1:colcon.colcon_core.package_identification:_identify(log) by extensions ['ignore', 'ignore_ament_install']
[0.112s] Level 1:colcon.colcon_core.package_identification:_identify(log) by extension 'ignore'
[0.112s] Level 1:colcon.colcon_core.package_identification:_identify(log) ignored
[0.112s] Level 1:colcon.colcon_core.package_identification:_identify(src) by extensions ['ignore', 'ignore_ament_install']
[0.112s] Level 1:colcon.colcon_core.package_identification:_identify(src) by extension 'ignore'
[0.112s] Level 1:colcon.colcon_core.package_identification:_identify(src) by extension 'ignore_ament_install'
[0.112s] Level 1:colcon.colcon_core.package_identification:_identify(src) by extensions ['colcon_pkg']
[0.112s] Level 1:colcon.colcon_core.package_identification:_identify(src) by extension 'colcon_pkg'
[0.112s] Level 1:colcon.colcon_core.package_identification:_identify(src) by extensions ['colcon_meta']
[0.112s] Level 1:colcon.colcon_core.package_identification:_identify(src) by extension 'colcon_meta'
[0.112s] Level 1:colcon.colcon_core.package_identification:_identify(src) by extensions ['ros']
[0.112s] Level 1:colcon.colcon_core.package_identification:_identify(src) by extension 'ros'
[0.112s] Level 1:colcon.colcon_core.package_identification:_identify(src) by extensions ['cmake', 'python']
[0.112s] Level 1:colcon.colcon_core.package_identification:_identify(src) by extension 'cmake'
[0.112s] Level 1:colcon.colcon_core.package_identification:_identify(src) by extension 'python'
[0.112s] Level 1:colcon.colcon_core.package_identification:_identify(src) by extensions ['python_setup_py']
[0.112s] Level 1:colcon.colcon_core.package_identification:_identify(src) by extension 'python_setup_py'
[0.112s] Level 1:colcon.colcon_core.package_identification:_identify(src/rover_bringup) by extensions ['ignore', 'ignore_ament_install']
[0.113s] Level 1:colcon.colcon_core.package_identification:_identify(src/rover_bringup) by extension 'ignore'
[0.113s] Level 1:colcon.colcon_core.package_identification:_identify(src/rover_bringup) by extension 'ignore_ament_install'
[0.113s] Level 1:colcon.colcon_core.package_identification:_identify(src/rover_bringup) by extensions ['colcon_pkg']
[0.113s] Level 1:colcon.colcon_core.package_identification:_identify(src/rover_bringup) by extension 'colcon_pkg'
[0.113s] Level 1:colcon.colcon_core.package_identification:_identify(src/rover_bringup) by extensions ['colcon_meta']
[0.113s] Level 1:colcon.colcon_core.package_identification:_identify(src/rover_bringup) by extension 'colcon_meta'
[0.113s] Level 1:colcon.colcon_core.package_identification:_identify(src/rover_bringup) by extensions ['ros']
[0.113s] Level 1:colcon.colcon_core.package_identification:_identify(src/rover_bringup) by extension 'ros'
[0.114s] DEBUG:colcon.colcon_core.package_identification:Found ROS schema reference in package manifest in 'src/rover_bringup'
[0.115s] WARNING:colcon.colcon_core.package_identification:Failed to parse ROS package manifest in 'src/rover_bringup': Error(s) in package 'src/rover_bringup/package.xml':
Package 'rover_bringup' must declare at least one maintainer
[0.115s] Level 1:colcon.colcon_core.package_identification:_identify(src/rover_bringup) by extensions ['cmake', 'python']
[0.115s] Level 1:colcon.colcon_core.package_identification:_identify(src/rover_bringup) by extension 'cmake'
[0.115s] Level 1:colcon.colcon_core.package_identification:_identify(src/rover_bringup) by extension 'python'
[0.115s] DEBUG:colcon.colcon_core.package_identification:Package 'src/rover_bringup' with type 'cmake' and name 'rover_bringup'
[0.115s] Level 1:colcon.colcon_core.package_identification:_identify(src/rover_description) by extensions ['ignore', 'ignore_ament_install']
[0.115s] Level 1:colcon.colcon_core.package_identification:_identify(src/rover_description) by extension 'ignore'
[0.115s] Level 1:colcon.colcon_core.package_identification:_identify(src/rover_description) by extension 'ignore_ament_install'
[0.116s] Level 1:colcon.colcon_core.package_identification:_identify(src/rover_description) by extensions ['colcon_pkg']
[0.116s] Level 1:colcon.colcon_core.package_identification:_identify(src/rover_description) by extension 'colcon_pkg'
[0.116s] Level 1:colcon.colcon_core.package_identification:_identify(src/rover_description) by extensions ['colcon_meta']
[0.116s] Level 1:colcon.colcon_core.package_identification:_identify(src/rover_description) by extension 'colcon_meta'
[0.116s] Level 1:colcon.colcon_core.package_identification:_identify(src/rover_description) by extensions ['ros']
[0.116s] Level 1:colcon.colcon_core.package_identification:_identify(src/rover_description) by extension 'ros'
[0.116s] DEBUG:colcon.colcon_core.package_identification:Found ROS schema reference in package manifest in 'src/rover_description'
[0.116s] WARNING:colcon.colcon_core.package_identification:Failed to parse ROS package manifest in 'src/rover_description': Error(s) in package 'src/rover_description/package.xml':
Package 'rover_description' must declare at least one maintainer
[0.116s] Level 1:colcon.colcon_core.package_identification:_identify(src/rover_description) by extensions ['cmake', 'python']
[0.116s] Level 1:colcon.colcon_core.package_identification:_identify(src/rover_description) by extension 'cmake'
[0.116s] Level 1:colcon.colcon_core.package_identification:_identify(src/rover_description) by extension 'python'
[0.116s] DEBUG:colcon.colcon_core.package_identification:Package 'src/rover_description' with type 'cmake' and name 'rover_description'
[0.117s] Level 1:colcon.colcon_core.package_identification:_identify(src/rover_moveit_config) by extensions ['ignore', 'ignore_ament_install']
[0.117s] Level 1:colcon.colcon_core.package_identification:_identify(src/rover_moveit_config) by extension 'ignore'
[0.117s] Level 1:colcon.colcon_core.package_identification:_identify(src/rover_moveit_config) by extension 'ignore_ament_install'
[0.117s] Level 1:colcon.colcon_core.package_identification:_identify(src/rover_moveit_config) by extensions ['colcon_pkg']
[0.117s] Level 1:colcon.colcon_core.package_identification:_identify(src/rover_moveit_config) by extension 'colcon_pkg'
[0.117s] Level 1:colcon.colcon_core.package_identification:_identify(src/rover_moveit_config) by extensions ['colcon_meta']
[0.117s] Level 1:colcon.colcon_core.package_identification:_identify(src/rover_moveit_config) by extension 'colcon_meta'
[0.117s] Level 1:colcon.colcon_core.package_identification:_identify(src/rover_moveit_config) by extensions ['ros']
[0.117s] Level 1:colcon.colcon_core.package_identification:_identify(src/rover_moveit_config) by extension 'ros'
[0.117s] DEBUG:colcon.colcon_core.package_identification:Package 'src/rover_moveit_config' with type 'ros.ament_cmake' and name 'rover_moveit_config'
[0.117s] Level 1:colcon.colcon_core.package_identification:_identify(src/urjc-excavation-world) by extensions ['ignore', 'ignore_ament_install']
[0.117s] Level 1:colcon.colcon_core.package_identification:_identify(src/urjc-excavation-world) by extension 'ignore'
[0.117s] Level 1:colcon.colcon_core.package_identification:_identify(src/urjc-excavation-world) by extension 'ignore_ament_install'
[0.117s] Level 1:colcon.colcon_core.package_identification:_identify(src/urjc-excavation-world) by extensions ['colcon_pkg']
[0.118s] Level 1:colcon.colcon_core.package_identification:_identify(src/urjc-excavation-world) by extension 'colcon_pkg'
[0.118s] Level 1:colcon.colcon_core.package_identification:_identify(src/urjc-excavation-world) by extensions ['colcon_meta']
[0.118s] Level 1:colcon.colcon_core.package_identification:_identify(src/urjc-excavation-world) by extension 'colcon_meta'
[0.118s] Level 1:colcon.colcon_core.package_identification:_identify(src/urjc-excavation-world) by extensions ['ros']
[0.118s] Level 1:colcon.colcon_core.package_identification:_identify(src/urjc-excavation-world) by extension 'ros'
[0.118s] DEBUG:colcon.colcon_core.package_identification:Package 'src/urjc-excavation-world' with type 'ros.ament_cmake' and name 'urjc_excavation_world'
[0.118s] Level 1:colcon.colcon_core.package_discovery:discover_packages(recursive) using defaults
[0.118s] Level 1:colcon.colcon_core.package_discovery:discover_packages(ignore) discover
[0.118s] Level 1:colcon.colcon_core.package_discovery:discover_packages(ignore) using defaults
[0.118s] Level 1:colcon.colcon_core.package_discovery:discover_packages(path) discover
[0.118s] Level 1:colcon.colcon_core.package_discovery:discover_packages(path) using defaults
[0.130s] Level 1:colcon.colcon_core.package_discovery:discover_packages(prefix_path) check parameters
[0.130s] Level 1:colcon.colcon_core.package_discovery:discover_packages(prefix_path) discover
[0.131s] WARNING:colcon.colcon_ros.prefix_path.ament:The path '/home/mario/Desktop/MyS/Mario_Casero_Practica3/yet_another_ws/install/rover_description' in the environment variable AMENT_PREFIX_PATH doesn't exist
[0.131s] WARNING:colcon.colcon_ros.prefix_path.ament:The path '/home/mario/Desktop/MyS/Mario_Casero_Practica3/yet_another_ws/install/urjc_excavation_world' in the environment variable AMENT_PREFIX_PATH doesn't exist
[0.131s] WARNING:colcon.colcon_ros.prefix_path.ament:The path '/home/mario/Desktop/MyS/Mario_Casero_Practica3/yet_another_ws/install/turtle_rover_bringup' in the environment variable AMENT_PREFIX_PATH doesn't exist
[0.131s] WARNING:colcon.colcon_ros.prefix_path.ament:The path '/home/mario/Desktop/MyS/Mario_Casero_Practica3/yet_another_ws/install/turtle_rover_description' in the environment variable AMENT_PREFIX_PATH doesn't exist
[0.131s] WARNING:colcon.colcon_ros.prefix_path.ament:The path '/home/mario/Desktop/MyS/Mario_Casero_Practica3/yet_another_ws/install/rover_moveit_config' in the environment variable AMENT_PREFIX_PATH doesn't exist
[0.131s] WARNING:colcon.colcon_ros.prefix_path.catkin:The path '/home/mario/Desktop/MyS/Mario_Casero_Practica3/yet_another_ws/install/rover_description' in the environment variable CMAKE_PREFIX_PATH doesn't exist
[0.131s] WARNING:colcon.colcon_ros.prefix_path.catkin:The path '/home/mario/Desktop/MyS/Mario_Casero_Practica3/yet_another_ws/install/urjc_excavation_world' in the environment variable CMAKE_PREFIX_PATH doesn't exist
[0.131s] WARNING:colcon.colcon_ros.prefix_path.catkin:The path '/home/mario/Desktop/MyS/Mario_Casero_Practica3/yet_another_ws/install/turtle_rover_bringup' in the environment variable CMAKE_PREFIX_PATH doesn't exist
[0.131s] WARNING:colcon.colcon_ros.prefix_path.catkin:The path '/home/mario/Desktop/MyS/Mario_Casero_Practica3/yet_another_ws/install/turtle_rover_description' in the environment variable CMAKE_PREFIX_PATH doesn't exist
[0.131s] WARNING:colcon.colcon_ros.prefix_path.catkin:The path '/home/mario/Desktop/MyS/Mario_Casero_Practica3/yet_another_ws/install/rover_moveit_config' in the environment variable CMAKE_PREFIX_PATH doesn't exist
[0.131s] DEBUG:colcon.colcon_installed_package_information.package_discovery:Found 0 installed packages in /home/mario/Desktop/MyS/Mario_Casero_Practica3/yet_another_ws/install
[0.133s] DEBUG:colcon.colcon_installed_package_information.package_discovery:Found 517 installed packages in /opt/ros/jazzy
[0.134s] Level 1:colcon.colcon_core.package_discovery:discover_packages(prefix_path) using defaults
[0.179s] Level 5:colcon.colcon_core.verb:set package 'rover_bringup' build argument 'cmake_args' from command line to 'None'
[0.179s] Level 5:colcon.colcon_core.verb:set package 'rover_bringup' build argument 'cmake_target' from command line to 'None'
[0.179s] Level 5:colcon.colcon_core.verb:set package 'rover_bringup' build argument 'cmake_target_skip_unavailable' from command line to 'False'
[0.179s] Level 5:colcon.colcon_core.verb:set package 'rover_bringup' build argument 'cmake_clean_cache' from command line to 'False'
[0.179s] Level 5:colcon.colcon_core.verb:set package 'rover_bringup' build argument 'cmake_clean_first' from command line to 'False'
[0.179s] Level 5:colcon.colcon_core.verb:set package 'rover_bringup' build argument 'cmake_force_configure' from command line to 'False'
[0.179s] Level 5:colcon.colcon_core.verb:set package 'rover_bringup' build argument 'ament_cmake_args' from command line to 'None'
[0.179s] Level 5:colcon.colcon_core.verb:set package 'rover_bringup' build argument 'catkin_cmake_args' from command line to 'None'
[0.180s] Level 5:colcon.colcon_core.verb:set package 'rover_bringup' build argument 'catkin_skip_building_tests' from command line to 'False'
[0.180s] DEBUG:colcon.colcon_core.verb:Building package 'rover_bringup' with the following arguments: {'ament_cmake_args': None, 'build_base': '/home/mario/Desktop/MyS/Mario_Casero_Practica3/yet_another_ws/build/rover_bringup', 'catkin_cmake_args': None, 'catkin_skip_building_tests': False, 'cmake_args': None, 'cmake_clean_cache': False, 'cmake_clean_first': False, 'cmake_force_configure': False, 'cmake_target': None, 'cmake_target_skip_unavailable': False, 'install_base': '/home/mario/Desktop/MyS/Mario_Casero_Practica3/yet_another_ws/install/rover_bringup', 'merge_install': False, 'path': '/home/mario/Desktop/MyS/Mario_Casero_Practica3/yet_another_ws/src/rover_bringup', 'symlink_install': False, 'test_result_base': None}
[0.180s] Level 5:colcon.colcon_core.verb:set package 'rover_description' build argument 'cmake_args' from command line to 'None'
[0.180s] Level 5:colcon.colcon_core.verb:set package 'rover_description' build argument 'cmake_target' from command line to 'None'
[0.180s] Level 5:colcon.colcon_core.verb:set package 'rover_description' build argument 'cmake_target_skip_unavailable' from command line to 'False'
[0.180s] Level 5:colcon.colcon_core.verb:set package 'rover_description' build argument 'cmake_clean_cache' from command line to 'False'
[0.180s] Level 5:colcon.colcon_core.verb:set package 'rover_description' build argument 'cmake_clean_first' from command line to 'False'
[0.180s] Level 5:colcon.colcon_core.verb:set package 'rover_description' build argument 'cmake_force_configure' from command line to 'False'
[0.180s] Level 5:colcon.colcon_core.verb:set package 'rover_description' build argument 'ament_cmake_args' from command line to 'None'
[0.180s] Level 5:colcon.colcon_core.verb:set package 'rover_description' build argument 'catkin_cmake_args' from command line to 'None'
[0.180s] Level 5:colcon.colcon_core.verb:set package 'rover_description' build argument 'catkin_skip_building_tests' from command line to 'False'
[0.180s] DEBUG:colcon.colcon_core.verb:Building package 'rover_description' with the following arguments: {'ament_cmake_args': None, 'build_base': '/home/mario/Desktop/MyS/Mario_Casero_Practica3/yet_another_ws/build/rover_description', 'catkin_cmake_args': None, 'catkin_skip_building_tests': False, 'cmake_args': None, 'cmake_clean_cache': False, 'cmake_clean_first': False, 'cmake_force_configure': False, 'cmake_target': None, 'cmake_target_skip_unavailable': False, 'install_base': '/home/mario/Desktop/MyS/Mario_Casero_Practica3/yet_another_ws/install/rover_description', 'merge_install': False, 'path': '/home/mario/Desktop/MyS/Mario_Casero_Practica3/yet_another_ws/src/rover_description', 'symlink_install': False, 'test_result_base': None}
[0.180s] Level 5:colcon.colcon_core.verb:set package 'urjc_excavation_world' build argument 'cmake_args' from command line to 'None'
[0.180s] Level 5:colcon.colcon_core.verb:set package 'urjc_excavation_world' build argument 'cmake_target' from command line to 'None'
[0.180s] Level 5:colcon.colcon_core.verb:set package 'urjc_excavation_world' build argument 'cmake_target_skip_unavailable' from command line to 'False'
[0.180s] Level 5:colcon.colcon_core.verb:set package 'urjc_excavation_world' build argument 'cmake_clean_cache' from command line to 'False'
[0.180s] Level 5:colcon.colcon_core.verb:set package 'urjc_excavation_world' build argument 'cmake_clean_first' from command line to 'False'
[0.180s] Level 5:colcon.colcon_core.verb:set package 'urjc_excavation_world' build argument 'cmake_force_configure' from command line to 'False'
[0.180s] Level 5:colcon.colcon_core.verb:set package 'urjc_excavation_world' build argument 'ament_cmake_args' from command line to 'None'
[0.180s] Level 5:colcon.colcon_core.verb:set package 'urjc_excavation_world' build argument 'catkin_cmake_args' from command line to 'None'
[0.180s] Level 5:colcon.colcon_core.verb:set package 'urjc_excavation_world' build argument 'catkin_skip_building_tests' from command line to 'False'
[0.180s] DEBUG:colcon.colcon_core.verb:Building package 'urjc_excavation_world' with the following arguments: {'ament_cmake_args': None, 'build_base': '/home/mario/Desktop/MyS/Mario_Casero_Practica3/yet_another_ws/build/urjc_excavation_world', 'catkin_cmake_args': None, 'catkin_skip_building_tests': False, 'cmake_args': None, 'cmake_clean_cache': False, 'cmake_clean_first': False, 'cmake_force_configure': False, 'cmake_target': None, 'cmake_target_skip_unavailable': False, 'install_base': '/home/mario/Desktop/MyS/Mario_Casero_Practica3/yet_another_ws/install/urjc_excavation_world', 'merge_install': False, 'path': '/home/mario/Desktop/MyS/Mario_Casero_Practica3/yet_another_ws/src/urjc-excavation-world', 'symlink_install': False, 'test_result_base': None}
[0.180s] Level 5:colcon.colcon_core.verb:set package 'rover_moveit_config' build argument 'cmake_args' from command line to 'None'
[0.180s] Level 5:colcon.colcon_core.verb:set package 'rover_moveit_config' build argument 'cmake_target' from command line to 'None'
[0.180s] Level 5:colcon.colcon_core.verb:set package 'rover_moveit_config' build argument 'cmake_target_skip_unavailable' from command line to 'False'
[0.180s] Level 5:colcon.colcon_core.verb:set package 'rover_moveit_config' build argument 'cmake_clean_cache' from command line to 'False'
[0.180s] Level 5:colcon.colcon_core.verb:set package 'rover_moveit_config' build argument 'cmake_clean_first' from command line to 'False'
[0.180s] Level 5:colcon.colcon_core.verb:set package 'rover_moveit_config' build argument 'cmake_force_configure' from command line to 'False'
[0.180s] Level 5:colcon.colcon_core.verb:set package 'rover_moveit_config' build argument 'ament_cmake_args' from command line to 'None'
[0.180s] Level 5:colcon.colcon_core.verb:set package 'rover_moveit_config' build argument 'catkin_cmake_args' from command line to 'None'
[0.180s] Level 5:colcon.colcon_core.verb:set package 'rover_moveit_config' build argument 'catkin_skip_building_tests' from command line to 'False'
[0.180s] DEBUG:colcon.colcon_core.verb:Building package 'rover_moveit_config' with the following arguments: {'ament_cmake_args': None, 'build_base': '/home/mario/Desktop/MyS/Mario_Casero_Practica3/yet_another_ws/build/rover_moveit_config', 'catkin_cmake_args': None, 'catkin_skip_building_tests': False, 'cmake_args': None, 'cmake_clean_cache': False, 'cmake_clean_first': False, 'cmake_force_configure': False, 'cmake_target': None, 'cmake_target_skip_unavailable': False, 'install_base': '/home/mario/Desktop/MyS/Mario_Casero_Practica3/yet_another_ws/install/rover_moveit_config', 'merge_install': False, 'path': '/home/mario/Desktop/MyS/Mario_Casero_Practica3/yet_another_ws/src/rover_moveit_config', 'symlink_install': False, 'test_result_base': None}
[0.180s] INFO:colcon.colcon_core.executor:Executing jobs using 'parallel' executor
[0.181s] DEBUG:colcon.colcon_parallel_executor.executor.parallel:run_until_complete
[0.181s] INFO:colcon.colcon_cmake.task.cmake.build:Building CMake package in '/home/mario/Desktop/MyS/Mario_Casero_Practica3/yet_another_ws/src/rover_description'
[0.183s] INFO:colcon.colcon_core.plugin_system:Skipping extension 'colcon_core.shell.bat': Not used on non-Windows systems
[0.183s] INFO:colcon.colcon_core.shell:Skip shell extension 'powershell' for command environment: Not usable outside of PowerShell
[0.183s] DEBUG:colcon.colcon_core.shell:Skip shell extension 'dsv' for command environment
[0.185s] INFO:colcon.colcon_cmake.task.cmake.build:Building CMake package in '/home/mario/Desktop/MyS/Mario_Casero_Practica3/yet_another_ws/src/rover_bringup'
[0.186s] INFO:colcon.colcon_core.shell:Skip shell extension 'powershell' for command environment: Not usable outside of PowerShell
[0.186s] DEBUG:colcon.colcon_core.shell:Skip shell extension 'dsv' for command environment
[0.188s] INFO:colcon.colcon_ros.task.ament_cmake.build:Building ROS package in '/home/mario/Desktop/MyS/Mario_Casero_Practica3/yet_another_ws/src/urjc-excavation-world' with build type 'ament_cmake'
[0.188s] INFO:colcon.colcon_cmake.task.cmake.build:Building CMake package in '/home/mario/Desktop/MyS/Mario_Casero_Practica3/yet_another_ws/src/urjc-excavation-world'
[0.188s] INFO:colcon.colcon_core.shell:Skip shell extension 'powershell' for command environment: Not usable outside of PowerShell
[0.188s] DEBUG:colcon.colcon_core.shell:Skip shell extension 'dsv' for command environment
[0.193s] DEBUG:colcon.colcon_core.event_handler.log_command:Invoking command in '/home/mario/Desktop/MyS/Mario_Casero_Practica3/yet_another_ws/build/rover_description': DEBUGINFOD_URLS=https://debuginfod.ubuntu.com /usr/bin/cmake /home/mario/Desktop/MyS/Mario_Casero_Practica3/yet_another_ws/src/rover_description -DCMAKE_INSTALL_PREFIX=/home/mario/Desktop/MyS/Mario_Casero_Practica3/yet_another_ws/install/rover_description
[0.195s] DEBUG:colcon.colcon_core.event_handler.log_command:Invoking command in '/home/mario/Desktop/MyS/Mario_Casero_Practica3/yet_another_ws/build/rover_bringup': DEBUGINFOD_URLS=https://debuginfod.ubuntu.com /usr/bin/cmake /home/mario/Desktop/MyS/Mario_Casero_Practica3/yet_another_ws/src/rover_bringup -DCMAKE_INSTALL_PREFIX=/home/mario/Desktop/MyS/Mario_Casero_Practica3/yet_another_ws/install/rover_bringup
[0.197s] DEBUG:colcon.colcon_core.event_handler.log_command:Invoking command in '/home/mario/Desktop/MyS/Mario_Casero_Practica3/yet_another_ws/build/urjc_excavation_world': CMAKE_PREFIX_PATH=${CMAKE_PREFIX_PATH}:/opt/ros/jazzy DEBUGINFOD_URLS=https://debuginfod.ubuntu.com /usr/bin/cmake /home/mario/Desktop/MyS/Mario_Casero_Practica3/yet_another_ws/src/urjc-excavation-world -DCMAKE_INSTALL_PREFIX=/home/mario/Desktop/MyS/Mario_Casero_Practica3/yet_another_ws/install/urjc_excavation_world
[1.326s] DEBUG:colcon.colcon_core.event_handler.log_command:Invoked command in '/home/mario/Desktop/MyS/Mario_Casero_Practica3/yet_another_ws/build/urjc_excavation_world' returned '0': CMAKE_PREFIX_PATH=${CMAKE_PREFIX_PATH}:/opt/ros/jazzy DEBUGINFOD_URLS=https://debuginfod.ubuntu.com /usr/bin/cmake /home/mario/Desktop/MyS/Mario_Casero_Practica3/yet_another_ws/src/urjc-excavation-world -DCMAKE_INSTALL_PREFIX=/home/mario/Desktop/MyS/Mario_Casero_Practica3/yet_another_ws/install/urjc_excavation_world
[1.327s] DEBUG:colcon.colcon_core.event_handler.log_command:Invoking command in '/home/mario/Desktop/MyS/Mario_Casero_Practica3/yet_another_ws/build/urjc_excavation_world': CMAKE_PREFIX_PATH=${CMAKE_PREFIX_PATH}:/opt/ros/jazzy DEBUGINFOD_URLS=https://debuginfod.ubuntu.com /usr/bin/cmake --build /home/mario/Desktop/MyS/Mario_Casero_Practica3/yet_another_ws/build/urjc_excavation_world -- -j20 -l20
[1.375s] DEBUG:colcon.colcon_core.event_handler.log_command:Invoked command in '/home/mario/Desktop/MyS/Mario_Casero_Practica3/yet_another_ws/build/urjc_excavation_world' returned '0': CMAKE_PREFIX_PATH=${CMAKE_PREFIX_PATH}:/opt/ros/jazzy DEBUGINFOD_URLS=https://debuginfod.ubuntu.com /usr/bin/cmake --build /home/mario/Desktop/MyS/Mario_Casero_Practica3/yet_another_ws/build/urjc_excavation_world -- -j20 -l20
[1.384s] DEBUG:colcon.colcon_core.event_handler.log_command:Invoking command in '/home/mario/Desktop/MyS/Mario_Casero_Practica3/yet_another_ws/build/urjc_excavation_world': CMAKE_PREFIX_PATH=${CMAKE_PREFIX_PATH}:/opt/ros/jazzy DEBUGINFOD_URLS=https://debuginfod.ubuntu.com /usr/bin/cmake --install /home/mario/Desktop/MyS/Mario_Casero_Practica3/yet_another_ws/build/urjc_excavation_world
[1.401s] Level 1:colcon.colcon_core.environment:create_environment_scripts_only(urjc_excavation_world)
[1.404s] Level 1:colcon.colcon_core.environment:checking '/home/mario/Desktop/MyS/Mario_Casero_Practica3/yet_another_ws/install/urjc_excavation_world' for CMake module files
[1.405s] Level 1:colcon.colcon_core.environment:checking '/home/mario/Desktop/MyS/Mario_Casero_Practica3/yet_another_ws/install/urjc_excavation_world' for CMake config files
[1.406s] DEBUG:colcon.colcon_core.event_handler.log_command:Invoked command in '/home/mario/Desktop/MyS/Mario_Casero_Practica3/yet_another_ws/build/urjc_excavation_world' returned '0': CMAKE_PREFIX_PATH=${CMAKE_PREFIX_PATH}:/opt/ros/jazzy DEBUGINFOD_URLS=https://debuginfod.ubuntu.com /usr/bin/cmake --install /home/mario/Desktop/MyS/Mario_Casero_Practica3/yet_another_ws/build/urjc_excavation_world
[1.406s] Level 1:colcon.colcon_core.shell:create_environment_hook('urjc_excavation_world', 'cmake_prefix_path')
[1.406s] INFO:colcon.colcon_core.shell:Creating environment hook '/home/mario/Desktop/MyS/Mario_Casero_Practica3/yet_another_ws/install/urjc_excavation_world/share/urjc_excavation_world/hook/cmake_prefix_path.ps1'
[1.406s] INFO:colcon.colcon_core.shell:Creating environment descriptor '/home/mario/Desktop/MyS/Mario_Casero_Practica3/yet_another_ws/install/urjc_excavation_world/share/urjc_excavation_world/hook/cmake_prefix_path.dsv'
[1.407s] INFO:colcon.colcon_core.shell:Creating environment hook '/home/mario/Desktop/MyS/Mario_Casero_Practica3/yet_another_ws/install/urjc_excavation_world/share/urjc_excavation_world/hook/cmake_prefix_path.sh'
[1.407s] Level 1:colcon.colcon_core.environment:checking '/home/mario/Desktop/MyS/Mario_Casero_Practica3/yet_another_ws/install/urjc_excavation_world/bin'
[1.407s] Level 1:colcon.colcon_core.environment:checking '/home/mario/Desktop/MyS/Mario_Casero_Practica3/yet_another_ws/install/urjc_excavation_world/lib/pkgconfig/urjc_excavation_world.pc'
[1.407s] Level 1:colcon.colcon_core.environment:checking '/home/mario/Desktop/MyS/Mario_Casero_Practica3/yet_another_ws/install/urjc_excavation_world/lib/python3.12/site-packages'
[1.408s] Level 1:colcon.colcon_core.environment:checking '/home/mario/Desktop/MyS/Mario_Casero_Practica3/yet_another_ws/install/urjc_excavation_world/bin'
[1.408s] INFO:colcon.colcon_core.shell:Creating package script '/home/mario/Desktop/MyS/Mario_Casero_Practica3/yet_another_ws/install/urjc_excavation_world/share/urjc_excavation_world/package.ps1'
[1.408s] INFO:colcon.colcon_core.shell:Creating package descriptor '/home/mario/Desktop/MyS/Mario_Casero_Practica3/yet_another_ws/install/urjc_excavation_world/share/urjc_excavation_world/package.dsv'
[1.409s] INFO:colcon.colcon_core.shell:Creating package script '/home/mario/Desktop/MyS/Mario_Casero_Practica3/yet_another_ws/install/urjc_excavation_world/share/urjc_excavation_world/package.sh'
[1.409s] INFO:colcon.colcon_core.shell:Creating package script '/home/mario/Desktop/MyS/Mario_Casero_Practica3/yet_another_ws/install/urjc_excavation_world/share/urjc_excavation_world/package.bash'
[1.409s] INFO:colcon.colcon_core.shell:Creating package script '/home/mario/Desktop/MyS/Mario_Casero_Practica3/yet_another_ws/install/urjc_excavation_world/share/urjc_excavation_world/package.zsh'
[1.410s] Level 1:colcon.colcon_core.environment:create_file_with_runtime_dependencies(/home/mario/Desktop/MyS/Mario_Casero_Practica3/yet_another_ws/install/urjc_excavation_world/share/colcon-core/packages/urjc_excavation_world)
[1.410s] Level 1:colcon.colcon_core.environment:create_environment_scripts_only(urjc_excavation_world)
[1.410s] Level 1:colcon.colcon_core.environment:checking '/home/mario/Desktop/MyS/Mario_Casero_Practica3/yet_another_ws/install/urjc_excavation_world' for CMake module files
[1.410s] Level 1:colcon.colcon_core.environment:checking '/home/mario/Desktop/MyS/Mario_Casero_Practica3/yet_another_ws/install/urjc_excavation_world' for CMake config files
[1.411s] Level 1:colcon.colcon_core.shell:create_environment_hook('urjc_excavation_world', 'cmake_prefix_path')
[1.411s] INFO:colcon.colcon_core.shell:Creating environment hook '/home/mario/Desktop/MyS/Mario_Casero_Practica3/yet_another_ws/install/urjc_excavation_world/share/urjc_excavation_world/hook/cmake_prefix_path.ps1'
[1.411s] INFO:colcon.colcon_core.shell:Creating environment descriptor '/home/mario/Desktop/MyS/Mario_Casero_Practica3/yet_another_ws/install/urjc_excavation_world/share/urjc_excavation_world/hook/cmake_prefix_path.dsv'
[1.411s] INFO:colcon.colcon_core.shell:Creating environment hook '/home/mario/Desktop/MyS/Mario_Casero_Practica3/yet_another_ws/install/urjc_excavation_world/share/urjc_excavation_world/hook/cmake_prefix_path.sh'
[1.411s] Level 1:colcon.colcon_core.environment:checking '/home/mario/Desktop/MyS/Mario_Casero_Practica3/yet_another_ws/install/urjc_excavation_world/bin'
[1.411s] Level 1:colcon.colcon_core.environment:checking '/home/mario/Desktop/MyS/Mario_Casero_Practica3/yet_another_ws/install/urjc_excavation_world/lib/pkgconfig/urjc_excavation_world.pc'
[1.412s] Level 1:colcon.colcon_core.environment:checking '/home/mario/Desktop/MyS/Mario_Casero_Practica3/yet_another_ws/install/urjc_excavation_world/lib/python3.12/site-packages'
[1.412s] Level 1:colcon.colcon_core.environment:checking '/home/mario/Desktop/MyS/Mario_Casero_Practica3/yet_another_ws/install/urjc_excavation_world/bin'
[1.412s] INFO:colcon.colcon_core.shell:Creating package script '/home/mario/Desktop/MyS/Mario_Casero_Practica3/yet_another_ws/install/urjc_excavation_world/share/urjc_excavation_world/package.ps1'
[1.412s] INFO:colcon.colcon_core.shell:Creating package descriptor '/home/mario/Desktop/MyS/Mario_Casero_Practica3/yet_another_ws/install/urjc_excavation_world/share/urjc_excavation_world/package.dsv'
[1.413s] INFO:colcon.colcon_core.shell:Creating package script '/home/mario/Desktop/MyS/Mario_Casero_Practica3/yet_another_ws/install/urjc_excavation_world/share/urjc_excavation_world/package.sh'
[1.413s] INFO:colcon.colcon_core.shell:Creating package script '/home/mario/Desktop/MyS/Mario_Casero_Practica3/yet_another_ws/install/urjc_excavation_world/share/urjc_excavation_world/package.bash'
[1.413s] INFO:colcon.colcon_core.shell:Creating package script '/home/mario/Desktop/MyS/Mario_Casero_Practica3/yet_another_ws/install/urjc_excavation_world/share/urjc_excavation_world/package.zsh'
[1.413s] Level 1:colcon.colcon_core.environment:create_file_with_runtime_dependencies(/home/mario/Desktop/MyS/Mario_Casero_Practica3/yet_another_ws/install/urjc_excavation_world/share/colcon-core/packages/urjc_excavation_world)
[1.787s] DEBUG:colcon.colcon_core.event_handler.log_command:Invoked command in '/home/mario/Desktop/MyS/Mario_Casero_Practica3/yet_another_ws/build/rover_bringup' returned '1': DEBUGINFOD_URLS=https://debuginfod.ubuntu.com /usr/bin/cmake /home/mario/Desktop/MyS/Mario_Casero_Practica3/yet_another_ws/src/rover_bringup -DCMAKE_INSTALL_PREFIX=/home/mario/Desktop/MyS/Mario_Casero_Practica3/yet_another_ws/install/rover_bringup
[1.798s] DEBUG:colcon.colcon_parallel_executor.executor.parallel:closing loop
[1.798s] DEBUG:colcon.colcon_parallel_executor.executor.parallel:loop closed
[1.798s] DEBUG:colcon.colcon_parallel_executor.executor.parallel:run_until_complete finished with '1'
[1.798s] DEBUG:colcon.colcon_core.event_reactor:joining thread
[1.803s] INFO:colcon.colcon_core.plugin_system:Skipping extension 'colcon_notification.desktop_notification.terminal_notifier': Not used on non-Darwin systems
[1.803s] INFO:colcon.colcon_core.plugin_system:Skipping extension 'colcon_notification.desktop_notification.win32': Not used on non-Windows systems
[1.803s] INFO:colcon.colcon_notification.desktop_notification:Sending desktop notification using 'notify2'
[1.815s] DEBUG:colcon.colcon_core.event_reactor:joined thread
[1.815s] INFO:colcon.colcon_core.shell:Creating prefix script '/home/mario/Desktop/MyS/Mario_Casero_Practica3/yet_another_ws/install/local_setup.ps1'
[1.816s] INFO:colcon.colcon_core.shell:Creating prefix util module '/home/mario/Desktop/MyS/Mario_Casero_Practica3/yet_another_ws/install/_local_setup_util_ps1.py'
[1.817s] INFO:colcon.colcon_core.shell:Creating prefix chain script '/home/mario/Desktop/MyS/Mario_Casero_Practica3/yet_another_ws/install/setup.ps1'
[1.818s] INFO:colcon.colcon_core.shell:Creating prefix script '/home/mario/Desktop/MyS/Mario_Casero_Practica3/yet_another_ws/install/local_setup.sh'
[1.818s] INFO:colcon.colcon_core.shell:Creating prefix util module '/home/mario/Desktop/MyS/Mario_Casero_Practica3/yet_another_ws/install/_local_setup_util_sh.py'
[1.819s] INFO:colcon.colcon_core.shell:Creating prefix chain script '/home/mario/Desktop/MyS/Mario_Casero_Practica3/yet_another_ws/install/setup.sh'
[1.819s] INFO:colcon.colcon_core.shell:Creating prefix script '/home/mario/Desktop/MyS/Mario_Casero_Practica3/yet_another_ws/install/local_setup.bash'
[1.819s] INFO:colcon.colcon_core.shell:Creating prefix chain script '/home/mario/Desktop/MyS/Mario_Casero_Practica3/yet_another_ws/install/setup.bash'
[1.820s] INFO:colcon.colcon_core.shell:Creating prefix script '/home/mario/Desktop/MyS/Mario_Casero_Practica3/yet_another_ws/install/local_setup.zsh'
[1.820s] INFO:colcon.colcon_core.shell:Creating prefix chain script '/home/mario/Desktop/MyS/Mario_Casero_Practica3/yet_another_ws/install/setup.zsh'
