-- Install configuration: ""
-- Up-to-date: /home/mario/Desktop/MyS/Mario_Casero_Practica3/yet_another_ws/install/rover_bringup/share/rover_bringup/launch
-- Up-to-date: /home/mario/Desktop/MyS/Mario_Casero_Practica3/yet_another_ws/install/rover_bringup/share/rover_bringup/launch/robot_controllers.launch.py
-- Up-to-date: /home/mario/Desktop/MyS/Mario_Casero_Practica3/yet_another_ws/install/rover_bringup/share/rover_bringup/launch/simulation.launch.py
-- Up-to-date: /home/mario/Desktop/MyS/Mario_Casero_Practica3/yet_another_ws/install/rover_bringup/share/rover_bringup/launch/robot_gazebo.launch.py
-- Up-to-date: /home/mario/Desktop/MyS/Mario_Casero_Practica3/yet_another_ws/install/rover_bringup/share/rover_bringup/config
-- Up-to-date: /home/mario/Desktop/MyS/Mario_Casero_Practica3/yet_another_ws/install/rover_bringup/share/rover_bringup/config/rover_bridge.yaml
-- Up-to-date: /home/mario/Desktop/MyS/Mario_Casero_Practica3/yet_another_ws/install/rover_bringup/share/rover_bringup/config
-- Up-to-date: /home/mario/Desktop/MyS/Mario_Casero_Practica3/yet_another_ws/install/rover_bringup/share/rover_bringup/config/rover_bridge.yaml
-- Up-to-date: /home/mario/Desktop/MyS/Mario_Casero_Practica3/yet_another_ws/install/rover_bringup/share/ament_index/resource_index/package_run_dependencies/rover_bringup
-- Up-to-date: /home/mario/Desktop/MyS/Mario_Casero_Practica3/yet_another_ws/install/rover_bringup/share/ament_index/resource_index/parent_prefix_path/rover_bringup
-- Up-to-date: /home/mario/Desktop/MyS/Mario_Casero_Practica3/yet_another_ws/install/rover_bringup/share/rover_bringup/environment/ament_prefix_path.sh
-- Up-to-date: /home/mario/Desktop/MyS/Mario_Casero_Practica3/yet_another_ws/install/rover_bringup/share/rover_bringup/environment/ament_prefix_path.dsv
-- Up-to-date: /home/mario/Desktop/MyS/Mario_Casero_Practica3/yet_another_ws/install/rover_bringup/share/rover_bringup/environment/path.sh
-- Up-to-date: /home/mario/Desktop/MyS/Mario_Casero_Practica3/yet_another_ws/install/rover_bringup/share/rover_bringup/environment/path.dsv
-- Up-to-date: /home/mario/Desktop/MyS/Mario_Casero_Practica3/yet_another_ws/install/rover_bringup/share/rover_bringup/local_setup.bash
-- Up-to-date: /home/mario/Desktop/MyS/Mario_Casero_Practica3/yet_another_ws/install/rover_bringup/share/rover_bringup/local_setup.sh
-- Up-to-date: /home/mario/Desktop/MyS/Mario_Casero_Practica3/yet_another_ws/install/rover_bringup/share/rover_bringup/local_setup.zsh
-- Up-to-date: /home/mario/Desktop/MyS/Mario_Casero_Practica3/yet_another_ws/install/rover_bringup/share/rover_bringup/local_setup.dsv
-- Installing: /home/mario/Desktop/MyS/Mario_Casero_Practica3/yet_another_ws/install/rover_bringup/share/rover_bringup/package.dsv
-- Up-to-date: /home/mario/Desktop/MyS/Mario_Casero_Practica3/yet_another_ws/install/rover_bringup/share/ament_index/resource_index/packages/rover_bringup
-- Up-to-date: /home/mario/Desktop/MyS/Mario_Casero_Practica3/yet_another_ws/install/rover_bringup/share/rover_bringup/cmake/rover_bringupConfig.cmake
-- Up-to-date: /home/mario/Desktop/MyS/Mario_Casero_Practica3/yet_another_ws/install/rover_bringup/share/rover_bringup/cmake/rover_bringupConfig-version.cmake
-- Up-to-date: /home/mario/Desktop/MyS/Mario_Casero_Practica3/yet_another_ws/install/rover_bringup/share/rover_bringup/package.xml
