[0.009s] Invoking command in '/home/mario/Desktop/MyS/Mario_Casero_Practica3/yet_another_ws/build/rover_bringup': DEBUGINFOD_URLS=https://debuginfod.ubuntu.com /usr/bin/cmake /home/mario/Desktop/MyS/Mario_Casero_Practica3/yet_another_ws/src/rover_bringup -DCMAKE_INSTALL_PREFIX=/home/mario/Desktop/MyS/Mario_Casero_Practica3/yet_another_ws/install/rover_bringup
[0.060s] -- The C compiler identification is GNU 13.3.0
[0.106s] -- The CXX compiler identification is GNU 13.3.0
[0.119s] -- Detecting C compiler ABI info
[0.195s] -- Detecting C compiler ABI info - done
[0.203s] -- Check for working C compiler: /usr/bin/cc - skipped
[0.203s] -- Detecting C compile features
[0.203s] -- Detecting C compile features - done
[0.211s] -- Detecting CXX compiler ABI info
[0.306s] -- Detecting CXX compiler ABI info - done
[0.313s] -- Check for working CXX compiler: /usr/bin/c++ - skipped
[0.313s] -- Detecting CXX compile features
[0.314s] -- Detecting CXX compile features - done
[0.316s] -- Found ament_cmake: 2.5.6 (/opt/ros/jazzy/share/ament_cmake/cmake)
[0.440s] -- Found Python3: /usr/bin/python3 (found version "3.12.3") found components: Interpreter 
[0.540s] -- Found ament_lint_auto: 0.17.5 (/opt/ros/jazzy/share/ament_lint_auto/cmake)
[0.596s] Error parsing '/home/mario/Desktop/MyS/Mario_Casero_Practica3/yet_another_ws/src/rover_bringup/package.xml':
[1.571s] Traceback (most recent call last):
[1.571s]   File "/opt/ros/jazzy/share/ament_cmake_core/cmake/core/package_xml_2_cmake.py", line 150, in <module>
[1.571s]     main()
[1.571s]   File "/opt/ros/jazzy/share/ament_cmake_core/cmake/core/package_xml_2_cmake.py", line 53, in main
[1.572s]     raise e
[1.572s]   File "/opt/ros/jazzy/share/ament_cmake_core/cmake/core/package_xml_2_cmake.py", line 49, in main
[1.572s]     package = parse_package_string(
[1.572s]               ^^^^^^^^^^^^^^^^^^^^^
[1.572s]   File "/usr/lib/python3/dist-packages/catkin_pkg/package.py", line 788, in parse_package_string
[1.572s]     pkg.validate(warnings=warnings)
[1.572s]   File "/usr/lib/python3/dist-packages/catkin_pkg/package.py", line 330, in validate
[1.573s]     raise InvalidPackage('\n'.join(errors), self.filename)
[1.573s] catkin_pkg.package.InvalidPackage: Error(s) in package '/home/mario/Desktop/MyS/Mario_Casero_Practica3/yet_another_ws/src/rover_bringup/package.xml':
[1.573s] Package 'rover_bringup' must declare at least one maintainer
[1.596s] [31mCMake Error at /opt/ros/jazzy/share/ament_cmake_core/cmake/core/ament_package_xml.cmake:95 (message):
[1.596s]   execute_process(/usr/bin/python3
[1.597s]   /opt/ros/jazzy/share/ament_cmake_core/cmake/core/package_xml_2_cmake.py
[1.597s]   /home/mario/Desktop/MyS/Mario_Casero_Practica3/yet_another_ws/src/rover_bringup/package.xml
[1.597s]   /home/mario/Desktop/MyS/Mario_Casero_Practica3/yet_another_ws/build/rover_bringup/ament_cmake_core/package.cmake)
[1.597s]   returned error code 1
[1.597s] Call Stack (most recent call first):
[1.597s]   /opt/ros/jazzy/share/ament_cmake_core/cmake/core/ament_package_xml.cmake:49 (_ament_package_xml)
[1.597s]   /opt/ros/jazzy/share/ament_lint_auto/cmake/ament_lint_auto_find_test_dependencies.cmake:31 (ament_package_xml)
[1.597s]   CMakeLists.txt:21 (ament_lint_auto_find_test_dependencies)
[1.597s] 
[1.597s] [0m
[1.597s] -- Configuring incomplete, errors occurred!
[1.601s] Invoked command in '/home/mario/Desktop/MyS/Mario_Casero_Practica3/yet_another_ws/build/rover_bringup' returned '1': DEBUGINFOD_URLS=https://debuginfod.ubuntu.com /usr/bin/cmake /home/mario/Desktop/MyS/Mario_Casero_Practica3/yet_another_ws/src/rover_bringup -DCMAKE_INSTALL_PREFIX=/home/mario/Desktop/MyS/Mario_Casero_Practica3/yet_another_ws/install/rover_bringup
