[0.011s] Invoking command in '/home/mario/Desktop/MyS/Mario_Casero_Practica3/yet_another_ws/build/rover_description': CMAKE_PREFIX_PATH=${CMAKE_PREFIX_PATH}:/opt/ros/jazzy DEBUGINFOD_URLS=https://debuginfod.ubuntu.com /usr/bin/cmake --build /home/mario/Desktop/MyS/Mario_Casero_Practica3/yet_another_ws/build/rover_description -- -j20 -l20
[0.050s] Invoked command in '/home/mario/Desktop/MyS/Mario_Casero_Practica3/yet_another_ws/build/rover_description' returned '0': CMAKE_PREFIX_PATH=${CMAKE_PREFIX_PATH}:/opt/ros/jazzy DEBUGINFOD_URLS=https://debuginfod.ubuntu.com /usr/bin/cmake --build /home/mario/Desktop/MyS/Mario_Casero_Practica3/yet_another_ws/build/rover_description -- -j20 -l20
[0.058s] Invoking command in '/home/mario/Desktop/MyS/Mario_Casero_Practica3/yet_another_ws/build/rover_description': CMAKE_PREFIX_PATH=${CMAKE_PREFIX_PATH}:/opt/ros/jazzy DEBUGINFOD_URLS=https://debuginfod.ubuntu.com /usr/bin/cmake --install /home/mario/Desktop/MyS/Mario_Casero_Practica3/yet_another_ws/build/rover_description
[0.066s] -- Install configuration: ""
[0.068s] -- Up-to-date: /home/mario/Desktop/MyS/Mario_Casero_Practica3/yet_another_ws/install/rover_description/share/rover_description/urdf
[0.068s] -- Up-to-date: /home/mario/Desktop/MyS/Mario_Casero_Practica3/yet_another_ws/install/rover_description/share/rover_description/urdf/cube.urdf
[0.068s] -- Up-to-date: /home/mario/Desktop/MyS/Mario_Casero_Practica3/yet_another_ws/install/rover_description/share/rover_description/urdf/base
[0.068s] -- Up-to-date: /home/mario/Desktop/MyS/Mario_Casero_Practica3/yet_another_ws/install/rover_description/share/rover_description/urdf/base/rover_base.urdf.xacro
[0.068s] -- Up-to-date: /home/mario/Desktop/MyS/Mario_Casero_Practica3/yet_another_ws/install/rover_description/share/rover_description/urdf/ros2_control.urdf.xacro
[0.068s] -- Up-to-date: /home/mario/Desktop/MyS/Mario_Casero_Practica3/yet_another_ws/install/rover_description/share/rover_description/urdf/arm
[0.068s] -- Up-to-date: /home/mario/Desktop/MyS/Mario_Casero_Practica3/yet_another_ws/install/rover_description/share/rover_description/urdf/arm/rover_scara.urdf.xacro
[0.068s] -- Up-to-date: /home/mario/Desktop/MyS/Mario_Casero_Practica3/yet_another_ws/install/rover_description/share/rover_description/urdf/sensors
[0.068s] -- Up-to-date: /home/mario/Desktop/MyS/Mario_Casero_Practica3/yet_another_ws/install/rover_description/share/rover_description/urdf/sensors/camera_arm.urdf.xacro
[0.068s] -- Up-to-date: /home/mario/Desktop/MyS/Mario_Casero_Practica3/yet_another_ws/install/rover_description/share/rover_description/urdf/sensors/imu_sensor.urdf.xacro
[0.069s] -- Up-to-date: /home/mario/Desktop/MyS/Mario_Casero_Practica3/yet_another_ws/install/rover_description/share/rover_description/urdf/sensors/camera_front.urdf.xacro
[0.069s] -- Up-to-date: /home/mario/Desktop/MyS/Mario_Casero_Practica3/yet_another_ws/install/rover_description/share/rover_description/urdf/wheels
[0.069s] -- Up-to-date: /home/mario/Desktop/MyS/Mario_Casero_Practica3/yet_another_ws/install/rover_description/share/rover_description/urdf/wheels/rover_wheel.urdf.xacro
[0.069s] -- Up-to-date: /home/mario/Desktop/MyS/Mario_Casero_Practica3/yet_another_ws/install/rover_description/share/rover_description/launch
[0.069s] -- Up-to-date: /home/mario/Desktop/MyS/Mario_Casero_Practica3/yet_another_ws/install/rover_description/share/rover_description/launch/robot_state_publisher.launch.py
[0.069s] -- Up-to-date: /home/mario/Desktop/MyS/Mario_Casero_Practica3/yet_another_ws/install/rover_description/share/rover_description/rviz
[0.069s] -- Up-to-date: /home/mario/Desktop/MyS/Mario_Casero_Practica3/yet_another_ws/install/rover_description/share/rover_description/rviz/robot_moveit.rviz
[0.069s] -- Up-to-date: /home/mario/Desktop/MyS/Mario_Casero_Practica3/yet_another_ws/install/rover_description/share/rover_description/rviz/robot.rviz
[0.069s] -- Up-to-date: /home/mario/Desktop/MyS/Mario_Casero_Practica3/yet_another_ws/install/rover_description/share/rover_description/config
[0.069s] -- Up-to-date: /home/mario/Desktop/MyS/Mario_Casero_Practica3/yet_another_ws/install/rover_description/share/rover_description/config/robot_controllers.yaml
[0.069s] -- Up-to-date: /home/mario/Desktop/MyS/Mario_Casero_Practica3/yet_another_ws/install/rover_description/share/rover_description/meshes
[0.069s] -- Up-to-date: /home/mario/Desktop/MyS/Mario_Casero_Practica3/yet_another_ws/install/rover_description/share/rover_description/meshes/dae
[0.069s] -- Up-to-date: /home/mario/Desktop/MyS/Mario_Casero_Practica3/yet_another_ws/install/rover_description/share/rover_description/meshes/dae/Cylinder.010.dae
[0.069s] -- Up-to-date: /home/mario/Desktop/MyS/Mario_Casero_Practica3/yet_another_ws/install/rover_description/share/rover_description/meshes/dae/Torus.011.dae
[0.069s] -- Up-to-date: /home/mario/Desktop/MyS/Mario_Casero_Practica3/yet_another_ws/install/rover_description/share/rover_description/meshes/dae/Torus.006.dae_history.log
[0.069s] -- Up-to-date: /home/mario/Desktop/MyS/Mario_Casero_Practica3/yet_another_ws/install/rover_description/share/rover_description/meshes/dae/Cube.122.dae_history.log
[0.069s] -- Up-to-date: /home/mario/Desktop/MyS/Mario_Casero_Practica3/yet_another_ws/install/rover_description/share/rover_description/meshes/dae/Cylinder.002.dae
[0.070s] -- Up-to-date: /home/mario/Desktop/MyS/Mario_Casero_Practica3/yet_another_ws/install/rover_description/share/rover_description/meshes/dae/Cylinder.007.dae
[0.070s] -- Up-to-date: /home/mario/Desktop/MyS/Mario_Casero_Practica3/yet_another_ws/install/rover_description/share/rover_description/meshes/dae/Torus.002.dae_history.log
[0.070s] -- Up-to-date: /home/mario/Desktop/MyS/Mario_Casero_Practica3/yet_another_ws/install/rover_description/share/rover_description/meshes/dae/Cylinder.dae
[0.070s] -- Up-to-date: /home/mario/Desktop/MyS/Mario_Casero_Practica3/yet_another_ws/install/rover_description/share/rover_description/meshes/dae/Torus.010.dae
[0.070s] -- Up-to-date: /home/mario/Desktop/MyS/Mario_Casero_Practica3/yet_another_ws/install/rover_description/share/rover_description/meshes/dae/Torus.011.dae_history.log
[0.070s] -- Up-to-date: /home/mario/Desktop/MyS/Mario_Casero_Practica3/yet_another_ws/install/rover_description/share/rover_description/meshes/dae/Torus.003.dae
[0.070s] -- Up-to-date: /home/mario/Desktop/MyS/Mario_Casero_Practica3/yet_another_ws/install/rover_description/share/rover_description/meshes/dae/Cylinder.001.dae_history.log
[0.070s] -- Up-to-date: /home/mario/Desktop/MyS/Mario_Casero_Practica3/yet_another_ws/install/rover_description/share/rover_description/meshes/dae/Torus.009.dae
[0.070s] -- Up-to-date: /home/mario/Desktop/MyS/Mario_Casero_Practica3/yet_another_ws/install/rover_description/share/rover_description/meshes/dae/Torus.008.dae_history.log
[0.070s] -- Up-to-date: /home/mario/Desktop/MyS/Mario_Casero_Practica3/yet_another_ws/install/rover_description/share/rover_description/meshes/dae/Cylinder.010.dae_history.log
[0.070s] -- Up-to-date: /home/mario/Desktop/MyS/Mario_Casero_Practica3/yet_another_ws/install/rover_description/share/rover_description/meshes/dae/Cylinder.006.dae
[0.072s] -- Up-to-date: /home/mario/Desktop/MyS/Mario_Casero_Practica3/yet_another_ws/install/rover_description/share/rover_description/meshes/dae/Cube.122.dae
[0.072s] -- Up-to-date: /home/mario/Desktop/MyS/Mario_Casero_Practica3/yet_another_ws/install/rover_description/share/rover_description/meshes/dae/Cube.001.dae_history.log
[0.072s] -- Up-to-date: /home/mario/Desktop/MyS/Mario_Casero_Practica3/yet_another_ws/install/rover_description/share/rover_description/meshes/dae/Cube.073.dae
[0.072s] -- Up-to-date: /home/mario/Desktop/MyS/Mario_Casero_Practica3/yet_another_ws/install/rover_description/share/rover_description/meshes/dae/Torus.004.dae_history.log
[0.072s] -- Up-to-date: /home/mario/Desktop/MyS/Mario_Casero_Practica3/yet_another_ws/install/rover_description/share/rover_description/meshes/dae/Cylinder.007.dae_history.log
[0.072s] -- Up-to-date: /home/mario/Desktop/MyS/Mario_Casero_Practica3/yet_another_ws/install/rover_description/share/rover_description/meshes/dae/Cylinder.009.dae_history.log
[0.072s] -- Up-to-date: /home/mario/Desktop/MyS/Mario_Casero_Practica3/yet_another_ws/install/rover_description/share/rover_description/meshes/dae/Cylinder.006.dae_history.log
[0.072s] -- Up-to-date: /home/mario/Desktop/MyS/Mario_Casero_Practica3/yet_another_ws/install/rover_description/share/rover_description/meshes/dae/Torus.007.dae_history.log
[0.072s] -- Up-to-date: /home/mario/Desktop/MyS/Mario_Casero_Practica3/yet_another_ws/install/rover_description/share/rover_description/meshes/dae/Cube.124.dae
[0.072s] -- Up-to-date: /home/mario/Desktop/MyS/Mario_Casero_Practica3/yet_another_ws/install/rover_description/share/rover_description/meshes/dae/Torus.005.dae
[0.073s] -- Up-to-date: /home/mario/Desktop/MyS/Mario_Casero_Practica3/yet_another_ws/install/rover_description/share/rover_description/meshes/dae/Cylinder.001.dae
[0.073s] -- Up-to-date: /home/mario/Desktop/MyS/Mario_Casero_Practica3/yet_another_ws/install/rover_description/share/rover_description/meshes/dae/Cylinder.008.dae
[0.073s] -- Up-to-date: /home/mario/Desktop/MyS/Mario_Casero_Practica3/yet_another_ws/install/rover_description/share/rover_description/meshes/dae/Torus.010.dae_history.log
[0.073s] -- Up-to-date: /home/mario/Desktop/MyS/Mario_Casero_Practica3/yet_another_ws/install/rover_description/share/rover_description/meshes/dae/Cylinder.002.dae_history.log
[0.073s] -- Up-to-date: /home/mario/Desktop/MyS/Mario_Casero_Practica3/yet_another_ws/install/rover_description/share/rover_description/meshes/dae/Torus.002.dae
[0.073s] -- Up-to-date: /home/mario/Desktop/MyS/Mario_Casero_Practica3/yet_another_ws/install/rover_description/share/rover_description/meshes/dae/Cube.125.dae_history.log
[0.073s] -- Up-to-date: /home/mario/Desktop/MyS/Mario_Casero_Practica3/yet_another_ws/install/rover_description/share/rover_description/meshes/dae/Torus.001.dae_history.log
[0.073s] -- Up-to-date: /home/mario/Desktop/MyS/Mario_Casero_Practica3/yet_another_ws/install/rover_description/share/rover_description/meshes/dae/Cube.001.dae
[0.074s] -- Up-to-date: /home/mario/Desktop/MyS/Mario_Casero_Practica3/yet_another_ws/install/rover_description/share/rover_description/meshes/dae/Torus.009.dae_history.log
[0.074s] -- Up-to-date: /home/mario/Desktop/MyS/Mario_Casero_Practica3/yet_another_ws/install/rover_description/share/rover_description/meshes/dae/Torus.007.dae
[0.074s] -- Up-to-date: /home/mario/Desktop/MyS/Mario_Casero_Practica3/yet_another_ws/install/rover_description/share/rover_description/meshes/dae/Torus.004.dae
[0.074s] -- Up-to-date: /home/mario/Desktop/MyS/Mario_Casero_Practica3/yet_another_ws/install/rover_description/share/rover_description/meshes/dae/Cube.073.dae_history.log
[0.074s] -- Up-to-date: /home/mario/Desktop/MyS/Mario_Casero_Practica3/yet_another_ws/install/rover_description/share/rover_description/meshes/dae/Torus.006.dae
[0.074s] -- Up-to-date: /home/mario/Desktop/MyS/Mario_Casero_Practica3/yet_another_ws/install/rover_description/share/rover_description/meshes/dae/Torus.012.dae_history.log
[0.074s] -- Up-to-date: /home/mario/Desktop/MyS/Mario_Casero_Practica3/yet_another_ws/install/rover_description/share/rover_description/meshes/dae/Cube.124.dae_history.log
[0.074s] -- Up-to-date: /home/mario/Desktop/MyS/Mario_Casero_Practica3/yet_another_ws/install/rover_description/share/rover_description/meshes/dae/Torus.005.dae_history.log
[0.074s] -- Up-to-date: /home/mario/Desktop/MyS/Mario_Casero_Practica3/yet_another_ws/install/rover_description/share/rover_description/meshes/dae/Cylinder.dae_history.log
[0.074s] -- Up-to-date: /home/mario/Desktop/MyS/Mario_Casero_Practica3/yet_another_ws/install/rover_description/share/rover_description/meshes/dae/Cylinder.009.dae
[0.074s] -- Up-to-date: /home/mario/Desktop/MyS/Mario_Casero_Practica3/yet_another_ws/install/rover_description/share/rover_description/meshes/dae/Torus.012.dae
[0.074s] -- Up-to-date: /home/mario/Desktop/MyS/Mario_Casero_Practica3/yet_another_ws/install/rover_description/share/rover_description/meshes/dae/Cube.125.dae
[0.074s] -- Up-to-date: /home/mario/Desktop/MyS/Mario_Casero_Practica3/yet_another_ws/install/rover_description/share/rover_description/meshes/dae/Torus.008.dae
[0.074s] -- Up-to-date: /home/mario/Desktop/MyS/Mario_Casero_Practica3/yet_another_ws/install/rover_description/share/rover_description/meshes/dae/Cylinder.008.dae_history.log
[0.074s] -- Up-to-date: /home/mario/Desktop/MyS/Mario_Casero_Practica3/yet_another_ws/install/rover_description/share/rover_description/meshes/dae/Torus.003.dae_history.log
[0.075s] -- Up-to-date: /home/mario/Desktop/MyS/Mario_Casero_Practica3/yet_another_ws/install/rover_description/share/rover_description/meshes/dae/Torus.001.dae
[0.075s] -- Up-to-date: /home/mario/Desktop/MyS/Mario_Casero_Practica3/yet_another_ws/install/rover_description/share/rover_description/robots
[0.075s] -- Up-to-date: /home/mario/Desktop/MyS/Mario_Casero_Practica3/yet_another_ws/install/rover_description/share/rover_description/robots/final_rover.urdf.xacro
[0.075s] -- Up-to-date: /home/mario/Desktop/MyS/Mario_Casero_Practica3/yet_another_ws/install/rover_description/share/ament_index/resource_index/package_run_dependencies/rover_description
[0.075s] -- Up-to-date: /home/mario/Desktop/MyS/Mario_Casero_Practica3/yet_another_ws/install/rover_description/share/ament_index/resource_index/parent_prefix_path/rover_description
[0.075s] -- Up-to-date: /home/mario/Desktop/MyS/Mario_Casero_Practica3/yet_another_ws/install/rover_description/share/rover_description/environment/ament_prefix_path.sh
[0.075s] -- Up-to-date: /home/mario/Desktop/MyS/Mario_Casero_Practica3/yet_another_ws/install/rover_description/share/rover_description/environment/ament_prefix_path.dsv
[0.075s] -- Up-to-date: /home/mario/Desktop/MyS/Mario_Casero_Practica3/yet_another_ws/install/rover_description/share/rover_description/environment/path.sh
[0.075s] -- Up-to-date: /home/mario/Desktop/MyS/Mario_Casero_Practica3/yet_another_ws/install/rover_description/share/rover_description/environment/path.dsv
[0.075s] -- Up-to-date: /home/mario/Desktop/MyS/Mario_Casero_Practica3/yet_another_ws/install/rover_description/share/rover_description/local_setup.bash
[0.075s] -- Up-to-date: /home/mario/Desktop/MyS/Mario_Casero_Practica3/yet_another_ws/install/rover_description/share/rover_description/local_setup.sh
[0.075s] -- Up-to-date: /home/mario/Desktop/MyS/Mario_Casero_Practica3/yet_another_ws/install/rover_description/share/rover_description/local_setup.zsh
[0.075s] -- Up-to-date: /home/mario/Desktop/MyS/Mario_Casero_Practica3/yet_another_ws/install/rover_description/share/rover_description/local_setup.dsv
[0.075s] -- Installing: /home/mario/Desktop/MyS/Mario_Casero_Practica3/yet_another_ws/install/rover_description/share/rover_description/package.dsv
[0.075s] -- Up-to-date: /home/mario/Desktop/MyS/Mario_Casero_Practica3/yet_another_ws/install/rover_description/share/ament_index/resource_index/packages/rover_description
[0.075s] -- Up-to-date: /home/mario/Desktop/MyS/Mario_Casero_Practica3/yet_another_ws/install/rover_description/share/rover_description/cmake/rover_descriptionConfig.cmake
[0.075s] -- Up-to-date: /home/mario/Desktop/MyS/Mario_Casero_Practica3/yet_another_ws/install/rover_description/share/rover_description/cmake/rover_descriptionConfig-version.cmake
[0.075s] -- Up-to-date: /home/mario/Desktop/MyS/Mario_Casero_Practica3/yet_another_ws/install/rover_description/share/rover_description/package.xml
[0.079s] Invoked command in '/home/mario/Desktop/MyS/Mario_Casero_Practica3/yet_another_ws/build/rover_description' returned '0': CMAKE_PREFIX_PATH=${CMAKE_PREFIX_PATH}:/opt/ros/jazzy DEBUGINFOD_URLS=https://debuginfod.ubuntu.com /usr/bin/cmake --install /home/mario/Desktop/MyS/Mario_Casero_Practica3/yet_another_ws/build/rover_description
