[0.006s] Invoking command in '/home/mario/Desktop/MyS/Mario_Casero_Practica3/yet_another_ws/build/rover_moveit_config': CMAKE_PREFIX_PATH=${CMAKE_PREFIX_PATH}:/opt/ros/jazzy DEBUGINFOD_URLS=https://debuginfod.ubuntu.com /usr/bin/cmake /home/mario/Desktop/MyS/Mario_Casero_Practica3/yet_another_ws/src/rover_moveit_config -DCMAKE_INSTALL_PREFIX=/home/mario/Desktop/MyS/Mario_Casero_Practica3/yet_another_ws/install/rover_moveit_config
[0.056s] -- The C compiler identification is GNU 13.3.0
[0.099s] -- The CXX compiler identification is GNU 13.3.0
[0.116s] -- Detecting C compiler ABI info
[0.187s] -- Detecting C compiler ABI info - done
[0.196s] -- Check for working C compiler: /usr/bin/cc - skipped
[0.197s] -- Detecting C compile features
[0.197s] -- Detecting C compile features - done
[0.206s] -- Detecting CXX compiler ABI info
[0.290s] -- Detecting CXX compiler ABI info - done
[0.298s] -- Check for working CXX compiler: /usr/bin/c++ - skipped
[0.298s] -- Detecting CXX compile features
[0.299s] -- Detecting CXX compile features - done
[0.301s] -- Found ament_cmake: 2.5.6 (/opt/ros/jazzy/share/ament_cmake/cmake)
[0.432s] -- Found Python3: /usr/bin/python3 (found version "3.12.3") found components: Interpreter 
[0.588s] -- Configuring done (0.6s)
[0.590s] -- Generating done (0.0s)
[0.591s] -- Build files have been written to: /home/mario/Desktop/MyS/Mario_Casero_Practica3/yet_another_ws/build/rover_moveit_config
[0.595s] Invoked command in '/home/mario/Desktop/MyS/Mario_Casero_Practica3/yet_another_ws/build/rover_moveit_config' returned '0': CMAKE_PREFIX_PATH=${CMAKE_PREFIX_PATH}:/opt/ros/jazzy DEBUGINFOD_URLS=https://debuginfod.ubuntu.com /usr/bin/cmake /home/mario/Desktop/MyS/Mario_Casero_Practica3/yet_another_ws/src/rover_moveit_config -DCMAKE_INSTALL_PREFIX=/home/mario/Desktop/MyS/Mario_Casero_Practica3/yet_another_ws/install/rover_moveit_config
[0.595s] Invoking command in '/home/mario/Desktop/MyS/Mario_Casero_Practica3/yet_another_ws/build/rover_moveit_config': CMAKE_PREFIX_PATH=${CMAKE_PREFIX_PATH}:/opt/ros/jazzy DEBUGINFOD_URLS=https://debuginfod.ubuntu.com /usr/bin/cmake --build /home/mario/Desktop/MyS/Mario_Casero_Practica3/yet_another_ws/build/rover_moveit_config -- -j20 -l20
[0.630s] Invoked command in '/home/mario/Desktop/MyS/Mario_Casero_Practica3/yet_another_ws/build/rover_moveit_config' returned '0': CMAKE_PREFIX_PATH=${CMAKE_PREFIX_PATH}:/opt/ros/jazzy DEBUGINFOD_URLS=https://debuginfod.ubuntu.com /usr/bin/cmake --build /home/mario/Desktop/MyS/Mario_Casero_Practica3/yet_another_ws/build/rover_moveit_config -- -j20 -l20
[0.631s] Invoking command in '/home/mario/Desktop/MyS/Mario_Casero_Practica3/yet_another_ws/build/rover_moveit_config': CMAKE_PREFIX_PATH=${CMAKE_PREFIX_PATH}:/opt/ros/jazzy DEBUGINFOD_URLS=https://debuginfod.ubuntu.com /usr/bin/cmake --install /home/mario/Desktop/MyS/Mario_Casero_Practica3/yet_another_ws/build/rover_moveit_config
[0.640s] -- Install configuration: ""
[0.640s] -- Installing: /home/mario/Desktop/MyS/Mario_Casero_Practica3/yet_another_ws/install/rover_moveit_config/share/ament_index/resource_index/package_run_dependencies/rover_moveit_config
[0.641s] -- Installing: /home/mario/Desktop/MyS/Mario_Casero_Practica3/yet_another_ws/install/rover_moveit_config/share/ament_index/resource_index/parent_prefix_path/rover_moveit_config
[0.641s] -- Installing: /home/mario/Desktop/MyS/Mario_Casero_Practica3/yet_another_ws/install/rover_moveit_config/share/rover_moveit_config/environment/ament_prefix_path.sh
[0.641s] -- Installing: /home/mario/Desktop/MyS/Mario_Casero_Practica3/yet_another_ws/install/rover_moveit_config/share/rover_moveit_config/environment/ament_prefix_path.dsv
[0.641s] -- Installing: /home/mario/Desktop/MyS/Mario_Casero_Practica3/yet_another_ws/install/rover_moveit_config/share/rover_moveit_config/environment/path.sh
[0.641s] -- Installing: /home/mario/Desktop/MyS/Mario_Casero_Practica3/yet_another_ws/install/rover_moveit_config/share/rover_moveit_config/environment/path.dsv
[0.641s] -- Installing: /home/mario/Desktop/MyS/Mario_Casero_Practica3/yet_another_ws/install/rover_moveit_config/share/rover_moveit_config/local_setup.bash
[0.641s] -- Installing: /home/mario/Desktop/MyS/Mario_Casero_Practica3/yet_another_ws/install/rover_moveit_config/share/rover_moveit_config/local_setup.sh
[0.641s] -- Installing: /home/mario/Desktop/MyS/Mario_Casero_Practica3/yet_another_ws/install/rover_moveit_config/share/rover_moveit_config/local_setup.zsh
[0.642s] -- Installing: /home/mario/Desktop/MyS/Mario_Casero_Practica3/yet_another_ws/install/rover_moveit_config/share/rover_moveit_config/local_setup.dsv
[0.642s] -- Installing: /home/mario/Desktop/MyS/Mario_Casero_Practica3/yet_another_ws/install/rover_moveit_config/share/rover_moveit_config/package.dsv
[0.642s] -- Installing: /home/mario/Desktop/MyS/Mario_Casero_Practica3/yet_another_ws/install/rover_moveit_config/share/ament_index/resource_index/packages/rover_moveit_config
[0.642s] -- Installing: /home/mario/Desktop/MyS/Mario_Casero_Practica3/yet_another_ws/install/rover_moveit_config/share/rover_moveit_config/cmake/rover_moveit_configConfig.cmake
[0.642s] -- Installing: /home/mario/Desktop/MyS/Mario_Casero_Practica3/yet_another_ws/install/rover_moveit_config/share/rover_moveit_config/cmake/rover_moveit_configConfig-version.cmake
[0.642s] -- Installing: /home/mario/Desktop/MyS/Mario_Casero_Practica3/yet_another_ws/install/rover_moveit_config/share/rover_moveit_config/package.xml
[0.642s] -- Installing: /home/mario/Desktop/MyS/Mario_Casero_Practica3/yet_another_ws/install/rover_moveit_config/share/rover_moveit_config/launch
[0.642s] -- Installing: /home/mario/Desktop/MyS/Mario_Casero_Practica3/yet_another_ws/install/rover_moveit_config/share/rover_moveit_config/launch/rsp.launch.py
[0.643s] -- Installing: /home/mario/Desktop/MyS/Mario_Casero_Practica3/yet_another_ws/install/rover_moveit_config/share/rover_moveit_config/launch/moveit_rviz.launch.py
[0.643s] -- Installing: /home/mario/Desktop/MyS/Mario_Casero_Practica3/yet_another_ws/install/rover_moveit_config/share/rover_moveit_config/launch/static_virtual_joint_tfs.launch.py
[0.643s] -- Installing: /home/mario/Desktop/MyS/Mario_Casero_Practica3/yet_another_ws/install/rover_moveit_config/share/rover_moveit_config/launch/spawn_controllers.launch.py
[0.643s] -- Installing: /home/mario/Desktop/MyS/Mario_Casero_Practica3/yet_another_ws/install/rover_moveit_config/share/rover_moveit_config/launch/move_group.launch.py
[0.643s] -- Installing: /home/mario/Desktop/MyS/Mario_Casero_Practica3/yet_another_ws/install/rover_moveit_config/share/rover_moveit_config/launch/demo.launch.py
[0.643s] -- Installing: /home/mario/Desktop/MyS/Mario_Casero_Practica3/yet_another_ws/install/rover_moveit_config/share/rover_moveit_config/launch/warehouse_db.launch.py
[0.643s] -- Installing: /home/mario/Desktop/MyS/Mario_Casero_Practica3/yet_another_ws/install/rover_moveit_config/share/rover_moveit_config/launch/setup_assistant.launch.py
[0.643s] -- Installing: /home/mario/Desktop/MyS/Mario_Casero_Practica3/yet_another_ws/install/rover_moveit_config/share/rover_moveit_config/config
[0.643s] -- Installing: /home/mario/Desktop/MyS/Mario_Casero_Practica3/yet_another_ws/install/rover_moveit_config/share/rover_moveit_config/config/kinematics.yaml
[0.644s] -- Installing: /home/mario/Desktop/MyS/Mario_Casero_Practica3/yet_another_ws/install/rover_moveit_config/share/rover_moveit_config/config/rover_robot.ros2_control.xacro
[0.644s] -- Installing: /home/mario/Desktop/MyS/Mario_Casero_Practica3/yet_another_ws/install/rover_moveit_config/share/rover_moveit_config/config/rover_robot.srdf
[0.644s] -- Installing: /home/mario/Desktop/MyS/Mario_Casero_Practica3/yet_another_ws/install/rover_moveit_config/share/rover_moveit_config/config/rover_robot.urdf.xacro
[0.644s] -- Installing: /home/mario/Desktop/MyS/Mario_Casero_Practica3/yet_another_ws/install/rover_moveit_config/share/rover_moveit_config/config/moveit_controllers.yaml
[0.644s] -- Installing: /home/mario/Desktop/MyS/Mario_Casero_Practica3/yet_another_ws/install/rover_moveit_config/share/rover_moveit_config/config/initial_positions.yaml
[0.644s] -- Installing: /home/mario/Desktop/MyS/Mario_Casero_Practica3/yet_another_ws/install/rover_moveit_config/share/rover_moveit_config/config/joint_limits.yaml
[0.644s] -- Installing: /home/mario/Desktop/MyS/Mario_Casero_Practica3/yet_another_ws/install/rover_moveit_config/share/rover_moveit_config/config/ros2_controllers.yaml
[0.644s] -- Installing: /home/mario/Desktop/MyS/Mario_Casero_Practica3/yet_another_ws/install/rover_moveit_config/share/rover_moveit_config/config/moveit.rviz
[0.644s] -- Installing: /home/mario/Desktop/MyS/Mario_Casero_Practica3/yet_another_ws/install/rover_moveit_config/share/rover_moveit_config/config/pilz_cartesian_limits.yaml
[0.644s] -- Installing: /home/mario/Desktop/MyS/Mario_Casero_Practica3/yet_another_ws/install/rover_moveit_config/share/rover_moveit_config/.setup_assistant
[0.646s] Invoked command in '/home/mario/Desktop/MyS/Mario_Casero_Practica3/yet_another_ws/build/rover_moveit_config' returned '0': CMAKE_PREFIX_PATH=${CMAKE_PREFIX_PATH}:/opt/ros/jazzy DEBUGINFOD_URLS=https://debuginfod.ubuntu.com /usr/bin/cmake --install /home/mario/Desktop/MyS/Mario_Casero_Practica3/yet_another_ws/build/rover_moveit_config
