[0.069s] DEBUG:colcon:Command line arguments: ['/usr/bin/colcon', 'build']
[0.069s] DEBUG:colcon:Parsed command line arguments: Namespace(log_base=None, log_level=None, verb_name='build', build_base='build', install_base='install', merge_install=False, symlink_install=False, test_result_base=None, continue_on_error=False, executor='parallel', parallel_workers=20, event_handlers=None, ignore_user_meta=False, metas=['./colcon.meta'], base_paths=['.'], packages_ignore=None, packages_ignore_regex=None, paths=None, packages_up_to=None, packages_up_to_regex=None, packages_above=None, packages_above_and_dependencies=None, packages_above_depth=None, packages_select_by_dep=None, packages_skip_by_dep=None, packages_skip_up_to=None, packages_select_build_failed=False, packages_skip_build_finished=False, packages_select_test_failures=False, packages_skip_test_passed=False, packages_select=None, packages_skip=None, packages_select_regex=None, packages_skip_regex=None, packages_start=None, packages_end=None, allow_overriding=[], cmake_args=None, cmake_target=None, cmake_target_skip_unavailable=False, cmake_clean_cache=False, cmake_clean_first=False, cmake_force_configure=False, ament_cmake_args=None, catkin_cmake_args=None, catkin_skip_building_tests=False, mixin_files=None, mixin=None, verb_parser=<colcon_mixin.mixin.mixin_argument.MixinArgumentDecorator object at 0x7052768a65a0>, verb_extension=<colcon_core.verb.build.BuildVerb object at 0x7052768a6240>, main=<bound method BuildVerb.main of <colcon_core.verb.build.BuildVerb object at 0x7052768a6240>>, mixin_verb=('build',))
[0.093s] Level 1:colcon.colcon_core.package_discovery:discover_packages(colcon_meta) check parameters
[0.093s] Level 1:colcon.colcon_core.package_discovery:discover_packages(recursive) check parameters
[0.093s] Level 1:colcon.colcon_core.package_discovery:discover_packages(ignore) check parameters
[0.093s] Level 1:colcon.colcon_core.package_discovery:discover_packages(path) check parameters
[0.093s] Level 1:colcon.colcon_core.package_discovery:discover_packages(colcon_meta) discover
[0.093s] Level 1:colcon.colcon_core.package_discovery:discover_packages(recursive) discover
[0.093s] INFO:colcon.colcon_core.package_discovery:Crawling recursively for packages in '/home/mario/Desktop/MyS/Mario_Casero_Practica3/yet_another_ws'
[0.094s] Level 1:colcon.colcon_core.package_identification:_identify(.) by extensions ['ignore', 'ignore_ament_install']
[0.094s] Level 1:colcon.colcon_core.package_identification:_identify(.) by extension 'ignore'
[0.094s] Level 1:colcon.colcon_core.package_identification:_identify(.) by extension 'ignore_ament_install'
[0.094s] Level 1:colcon.colcon_core.package_identification:_identify(.) by extensions ['colcon_pkg']
[0.094s] Level 1:colcon.colcon_core.package_identification:_identify(.) by extension 'colcon_pkg'
[0.094s] Level 1:colcon.colcon_core.package_identification:_identify(.) by extensions ['colcon_meta']
[0.094s] Level 1:colcon.colcon_core.package_identification:_identify(.) by extension 'colcon_meta'
[0.094s] Level 1:colcon.colcon_core.package_identification:_identify(.) by extensions ['ros']
[0.094s] Level 1:colcon.colcon_core.package_identification:_identify(.) by extension 'ros'
[0.111s] Level 1:colcon.colcon_core.package_identification:_identify(.) by extensions ['cmake', 'python']
[0.111s] Level 1:colcon.colcon_core.package_identification:_identify(.) by extension 'cmake'
[0.111s] Level 1:colcon.colcon_core.package_identification:_identify(.) by extension 'python'
[0.111s] Level 1:colcon.colcon_core.package_identification:_identify(.) by extensions ['python_setup_py']
[0.111s] Level 1:colcon.colcon_core.package_identification:_identify(.) by extension 'python_setup_py'
[0.112s] Level 1:colcon.colcon_core.package_identification:_identify(build) by extensions ['ignore', 'ignore_ament_install']
[0.112s] Level 1:colcon.colcon_core.package_identification:_identify(build) by extension 'ignore'
[0.112s] Level 1:colcon.colcon_core.package_identification:_identify(build) ignored
[0.112s] Level 1:colcon.colcon_core.package_identification:_identify(install) by extensions ['ignore', 'ignore_ament_install']
[0.112s] Level 1:colcon.colcon_core.package_identification:_identify(install) by extension 'ignore'
[0.112s] Level 1:colcon.colcon_core.package_identification:_identify(install) ignored
[0.112s] Level 1:colcon.colcon_core.package_identification:_identify(log) by extensions ['ignore', 'ignore_ament_install']
[0.112s] Level 1:colcon.colcon_core.package_identification:_identify(log) by extension 'ignore'
[0.112s] Level 1:colcon.colcon_core.package_identification:_identify(log) ignored
[0.112s] Level 1:colcon.colcon_core.package_identification:_identify(src) by extensions ['ignore', 'ignore_ament_install']
[0.112s] Level 1:colcon.colcon_core.package_identification:_identify(src) by extension 'ignore'
[0.112s] Level 1:colcon.colcon_core.package_identification:_identify(src) by extension 'ignore_ament_install'
[0.112s] Level 1:colcon.colcon_core.package_identification:_identify(src) by extensions ['colcon_pkg']
[0.112s] Level 1:colcon.colcon_core.package_identification:_identify(src) by extension 'colcon_pkg'
[0.112s] Level 1:colcon.colcon_core.package_identification:_identify(src) by extensions ['colcon_meta']
[0.112s] Level 1:colcon.colcon_core.package_identification:_identify(src) by extension 'colcon_meta'
[0.112s] Level 1:colcon.colcon_core.package_identification:_identify(src) by extensions ['ros']
[0.112s] Level 1:colcon.colcon_core.package_identification:_identify(src) by extension 'ros'
[0.112s] Level 1:colcon.colcon_core.package_identification:_identify(src) by extensions ['cmake', 'python']
[0.113s] Level 1:colcon.colcon_core.package_identification:_identify(src) by extension 'cmake'
[0.113s] Level 1:colcon.colcon_core.package_identification:_identify(src) by extension 'python'
[0.113s] Level 1:colcon.colcon_core.package_identification:_identify(src) by extensions ['python_setup_py']
[0.113s] Level 1:colcon.colcon_core.package_identification:_identify(src) by extension 'python_setup_py'
[0.113s] Level 1:colcon.colcon_core.package_identification:_identify(src/rover_bringup) by extensions ['ignore', 'ignore_ament_install']
[0.113s] Level 1:colcon.colcon_core.package_identification:_identify(src/rover_bringup) by extension 'ignore'
[0.113s] Level 1:colcon.colcon_core.package_identification:_identify(src/rover_bringup) by extension 'ignore_ament_install'
[0.113s] Level 1:colcon.colcon_core.package_identification:_identify(src/rover_bringup) by extensions ['colcon_pkg']
[0.113s] Level 1:colcon.colcon_core.package_identification:_identify(src/rover_bringup) by extension 'colcon_pkg'
[0.113s] Level 1:colcon.colcon_core.package_identification:_identify(src/rover_bringup) by extensions ['colcon_meta']
[0.113s] Level 1:colcon.colcon_core.package_identification:_identify(src/rover_bringup) by extension 'colcon_meta'
[0.113s] Level 1:colcon.colcon_core.package_identification:_identify(src/rover_bringup) by extensions ['ros']
[0.113s] Level 1:colcon.colcon_core.package_identification:_identify(src/rover_bringup) by extension 'ros'
[0.115s] DEBUG:colcon.colcon_core.package_identification:Package 'src/rover_bringup' with type 'ros.ament_cmake' and name 'rover_bringup'
[0.115s] Level 1:colcon.colcon_core.package_identification:_identify(src/rover_description) by extensions ['ignore', 'ignore_ament_install']
[0.115s] Level 1:colcon.colcon_core.package_identification:_identify(src/rover_description) by extension 'ignore'
[0.115s] Level 1:colcon.colcon_core.package_identification:_identify(src/rover_description) by extension 'ignore_ament_install'
[0.115s] Level 1:colcon.colcon_core.package_identification:_identify(src/rover_description) by extensions ['colcon_pkg']
[0.115s] Level 1:colcon.colcon_core.package_identification:_identify(src/rover_description) by extension 'colcon_pkg'
[0.115s] Level 1:colcon.colcon_core.package_identification:_identify(src/rover_description) by extensions ['colcon_meta']
[0.115s] Level 1:colcon.colcon_core.package_identification:_identify(src/rover_description) by extension 'colcon_meta'
[0.115s] Level 1:colcon.colcon_core.package_identification:_identify(src/rover_description) by extensions ['ros']
[0.115s] Level 1:colcon.colcon_core.package_identification:_identify(src/rover_description) by extension 'ros'
[0.116s] DEBUG:colcon.colcon_core.package_identification:Package 'src/rover_description' with type 'ros.ament_cmake' and name 'rover_description'
[0.116s] Level 1:colcon.colcon_core.package_identification:_identify(src/rover_moveit_config) by extensions ['ignore', 'ignore_ament_install']
[0.116s] Level 1:colcon.colcon_core.package_identification:_identify(src/rover_moveit_config) by extension 'ignore'
[0.116s] Level 1:colcon.colcon_core.package_identification:_identify(src/rover_moveit_config) by extension 'ignore_ament_install'
[0.116s] Level 1:colcon.colcon_core.package_identification:_identify(src/rover_moveit_config) by extensions ['colcon_pkg']
[0.116s] Level 1:colcon.colcon_core.package_identification:_identify(src/rover_moveit_config) by extension 'colcon_pkg'
[0.116s] Level 1:colcon.colcon_core.package_identification:_identify(src/rover_moveit_config) by extensions ['colcon_meta']
[0.116s] Level 1:colcon.colcon_core.package_identification:_identify(src/rover_moveit_config) by extension 'colcon_meta'
[0.116s] Level 1:colcon.colcon_core.package_identification:_identify(src/rover_moveit_config) by extensions ['ros']
[0.116s] Level 1:colcon.colcon_core.package_identification:_identify(src/rover_moveit_config) by extension 'ros'
[0.116s] DEBUG:colcon.colcon_core.package_identification:Package 'src/rover_moveit_config' with type 'ros.ament_cmake' and name 'rover_moveit_config'
[0.116s] Level 1:colcon.colcon_core.package_identification:_identify(src/urjc-excavation-world) by extensions ['ignore', 'ignore_ament_install']
[0.116s] Level 1:colcon.colcon_core.package_identification:_identify(src/urjc-excavation-world) by extension 'ignore'
[0.116s] Level 1:colcon.colcon_core.package_identification:_identify(src/urjc-excavation-world) by extension 'ignore_ament_install'
[0.117s] Level 1:colcon.colcon_core.package_identification:_identify(src/urjc-excavation-world) by extensions ['colcon_pkg']
[0.117s] Level 1:colcon.colcon_core.package_identification:_identify(src/urjc-excavation-world) by extension 'colcon_pkg'
[0.117s] Level 1:colcon.colcon_core.package_identification:_identify(src/urjc-excavation-world) by extensions ['colcon_meta']
[0.117s] Level 1:colcon.colcon_core.package_identification:_identify(src/urjc-excavation-world) by extension 'colcon_meta'
[0.117s] Level 1:colcon.colcon_core.package_identification:_identify(src/urjc-excavation-world) by extensions ['ros']
[0.117s] Level 1:colcon.colcon_core.package_identification:_identify(src/urjc-excavation-world) by extension 'ros'
[0.117s] DEBUG:colcon.colcon_core.package_identification:Package 'src/urjc-excavation-world' with type 'ros.ament_cmake' and name 'urjc_excavation_world'
[0.117s] Level 1:colcon.colcon_core.package_discovery:discover_packages(recursive) using defaults
[0.117s] Level 1:colcon.colcon_core.package_discovery:discover_packages(ignore) discover
[0.117s] Level 1:colcon.colcon_core.package_discovery:discover_packages(ignore) using defaults
[0.117s] Level 1:colcon.colcon_core.package_discovery:discover_packages(path) discover
[0.117s] Level 1:colcon.colcon_core.package_discovery:discover_packages(path) using defaults
[0.129s] Level 1:colcon.colcon_core.package_discovery:discover_packages(prefix_path) check parameters
[0.129s] Level 1:colcon.colcon_core.package_discovery:discover_packages(prefix_path) discover
[0.130s] WARNING:colcon.colcon_ros.prefix_path.ament:The path '/home/mario/Desktop/MyS/Mario_Casero_Practica3/yet_another_ws/install/rover_description' in the environment variable AMENT_PREFIX_PATH doesn't exist
[0.130s] WARNING:colcon.colcon_ros.prefix_path.ament:The path '/home/mario/Desktop/MyS/Mario_Casero_Practica3/yet_another_ws/install/turtle_rover_bringup' in the environment variable AMENT_PREFIX_PATH doesn't exist
[0.130s] WARNING:colcon.colcon_ros.prefix_path.ament:The path '/home/mario/Desktop/MyS/Mario_Casero_Practica3/yet_another_ws/install/turtle_rover_description' in the environment variable AMENT_PREFIX_PATH doesn't exist
[0.130s] WARNING:colcon.colcon_ros.prefix_path.ament:The path '/home/mario/Desktop/MyS/Mario_Casero_Practica3/yet_another_ws/install/rover_moveit_config' in the environment variable AMENT_PREFIX_PATH doesn't exist
[0.130s] WARNING:colcon.colcon_ros.prefix_path.catkin:The path '/home/mario/Desktop/MyS/Mario_Casero_Practica3/yet_another_ws/install/rover_description' in the environment variable CMAKE_PREFIX_PATH doesn't exist
[0.130s] WARNING:colcon.colcon_ros.prefix_path.catkin:The path '/home/mario/Desktop/MyS/Mario_Casero_Practica3/yet_another_ws/install/turtle_rover_bringup' in the environment variable CMAKE_PREFIX_PATH doesn't exist
[0.130s] WARNING:colcon.colcon_ros.prefix_path.catkin:The path '/home/mario/Desktop/MyS/Mario_Casero_Practica3/yet_another_ws/install/turtle_rover_description' in the environment variable CMAKE_PREFIX_PATH doesn't exist
[0.130s] WARNING:colcon.colcon_ros.prefix_path.catkin:The path '/home/mario/Desktop/MyS/Mario_Casero_Practica3/yet_another_ws/install/rover_moveit_config' in the environment variable CMAKE_PREFIX_PATH doesn't exist
[0.131s] DEBUG:colcon.colcon_installed_package_information.package_discovery:Found 1 installed packages in /home/mario/Desktop/MyS/Mario_Casero_Practica3/yet_another_ws/install
[0.132s] DEBUG:colcon.colcon_installed_package_information.package_discovery:Found 517 installed packages in /opt/ros/jazzy
[0.133s] Level 1:colcon.colcon_core.package_discovery:discover_packages(prefix_path) using defaults
[0.178s] Level 5:colcon.colcon_core.verb:set package 'rover_description' build argument 'cmake_args' from command line to 'None'
[0.178s] Level 5:colcon.colcon_core.verb:set package 'rover_description' build argument 'cmake_target' from command line to 'None'
[0.178s] Level 5:colcon.colcon_core.verb:set package 'rover_description' build argument 'cmake_target_skip_unavailable' from command line to 'False'
[0.178s] Level 5:colcon.colcon_core.verb:set package 'rover_description' build argument 'cmake_clean_cache' from command line to 'False'
[0.178s] Level 5:colcon.colcon_core.verb:set package 'rover_description' build argument 'cmake_clean_first' from command line to 'False'
[0.178s] Level 5:colcon.colcon_core.verb:set package 'rover_description' build argument 'cmake_force_configure' from command line to 'False'
[0.178s] Level 5:colcon.colcon_core.verb:set package 'rover_description' build argument 'ament_cmake_args' from command line to 'None'
[0.178s] Level 5:colcon.colcon_core.verb:set package 'rover_description' build argument 'catkin_cmake_args' from command line to 'None'
[0.178s] Level 5:colcon.colcon_core.verb:set package 'rover_description' build argument 'catkin_skip_building_tests' from command line to 'False'
[0.178s] DEBUG:colcon.colcon_core.verb:Building package 'rover_description' with the following arguments: {'ament_cmake_args': None, 'build_base': '/home/mario/Desktop/MyS/Mario_Casero_Practica3/yet_another_ws/build/rover_description', 'catkin_cmake_args': None, 'catkin_skip_building_tests': False, 'cmake_args': None, 'cmake_clean_cache': False, 'cmake_clean_first': False, 'cmake_force_configure': False, 'cmake_target': None, 'cmake_target_skip_unavailable': False, 'install_base': '/home/mario/Desktop/MyS/Mario_Casero_Practica3/yet_another_ws/install/rover_description', 'merge_install': False, 'path': '/home/mario/Desktop/MyS/Mario_Casero_Practica3/yet_another_ws/src/rover_description', 'symlink_install': False, 'test_result_base': None}
[0.178s] Level 5:colcon.colcon_core.verb:set package 'urjc_excavation_world' build argument 'cmake_args' from command line to 'None'
[0.178s] Level 5:colcon.colcon_core.verb:set package 'urjc_excavation_world' build argument 'cmake_target' from command line to 'None'
[0.178s] Level 5:colcon.colcon_core.verb:set package 'urjc_excavation_world' build argument 'cmake_target_skip_unavailable' from command line to 'False'
[0.178s] Level 5:colcon.colcon_core.verb:set package 'urjc_excavation_world' build argument 'cmake_clean_cache' from command line to 'False'
[0.178s] Level 5:colcon.colcon_core.verb:set package 'urjc_excavation_world' build argument 'cmake_clean_first' from command line to 'False'
[0.178s] Level 5:colcon.colcon_core.verb:set package 'urjc_excavation_world' build argument 'cmake_force_configure' from command line to 'False'
[0.178s] Level 5:colcon.colcon_core.verb:set package 'urjc_excavation_world' build argument 'ament_cmake_args' from command line to 'None'
[0.178s] Level 5:colcon.colcon_core.verb:set package 'urjc_excavation_world' build argument 'catkin_cmake_args' from command line to 'None'
[0.178s] Level 5:colcon.colcon_core.verb:set package 'urjc_excavation_world' build argument 'catkin_skip_building_tests' from command line to 'False'
[0.178s] DEBUG:colcon.colcon_core.verb:Building package 'urjc_excavation_world' with the following arguments: {'ament_cmake_args': None, 'build_base': '/home/mario/Desktop/MyS/Mario_Casero_Practica3/yet_another_ws/build/urjc_excavation_world', 'catkin_cmake_args': None, 'catkin_skip_building_tests': False, 'cmake_args': None, 'cmake_clean_cache': False, 'cmake_clean_first': False, 'cmake_force_configure': False, 'cmake_target': None, 'cmake_target_skip_unavailable': False, 'install_base': '/home/mario/Desktop/MyS/Mario_Casero_Practica3/yet_another_ws/install/urjc_excavation_world', 'merge_install': False, 'path': '/home/mario/Desktop/MyS/Mario_Casero_Practica3/yet_another_ws/src/urjc-excavation-world', 'symlink_install': False, 'test_result_base': None}
[0.178s] Level 5:colcon.colcon_core.verb:set package 'rover_bringup' build argument 'cmake_args' from command line to 'None'
[0.178s] Level 5:colcon.colcon_core.verb:set package 'rover_bringup' build argument 'cmake_target' from command line to 'None'
[0.178s] Level 5:colcon.colcon_core.verb:set package 'rover_bringup' build argument 'cmake_target_skip_unavailable' from command line to 'False'
[0.178s] Level 5:colcon.colcon_core.verb:set package 'rover_bringup' build argument 'cmake_clean_cache' from command line to 'False'
[0.178s] Level 5:colcon.colcon_core.verb:set package 'rover_bringup' build argument 'cmake_clean_first' from command line to 'False'
[0.178s] Level 5:colcon.colcon_core.verb:set package 'rover_bringup' build argument 'cmake_force_configure' from command line to 'False'
[0.178s] Level 5:colcon.colcon_core.verb:set package 'rover_bringup' build argument 'ament_cmake_args' from command line to 'None'
[0.178s] Level 5:colcon.colcon_core.verb:set package 'rover_bringup' build argument 'catkin_cmake_args' from command line to 'None'
[0.179s] Level 5:colcon.colcon_core.verb:set package 'rover_bringup' build argument 'catkin_skip_building_tests' from command line to 'False'
[0.179s] DEBUG:colcon.colcon_core.verb:Building package 'rover_bringup' with the following arguments: {'ament_cmake_args': None, 'build_base': '/home/mario/Desktop/MyS/Mario_Casero_Practica3/yet_another_ws/build/rover_bringup', 'catkin_cmake_args': None, 'catkin_skip_building_tests': False, 'cmake_args': None, 'cmake_clean_cache': False, 'cmake_clean_first': False, 'cmake_force_configure': False, 'cmake_target': None, 'cmake_target_skip_unavailable': False, 'install_base': '/home/mario/Desktop/MyS/Mario_Casero_Practica3/yet_another_ws/install/rover_bringup', 'merge_install': False, 'path': '/home/mario/Desktop/MyS/Mario_Casero_Practica3/yet_another_ws/src/rover_bringup', 'symlink_install': False, 'test_result_base': None}
[0.179s] Level 5:colcon.colcon_core.verb:set package 'rover_moveit_config' build argument 'cmake_args' from command line to 'None'
[0.179s] Level 5:colcon.colcon_core.verb:set package 'rover_moveit_config' build argument 'cmake_target' from command line to 'None'
[0.179s] Level 5:colcon.colcon_core.verb:set package 'rover_moveit_config' build argument 'cmake_target_skip_unavailable' from command line to 'False'
[0.179s] Level 5:colcon.colcon_core.verb:set package 'rover_moveit_config' build argument 'cmake_clean_cache' from command line to 'False'
[0.179s] Level 5:colcon.colcon_core.verb:set package 'rover_moveit_config' build argument 'cmake_clean_first' from command line to 'False'
[0.179s] Level 5:colcon.colcon_core.verb:set package 'rover_moveit_config' build argument 'cmake_force_configure' from command line to 'False'
[0.179s] Level 5:colcon.colcon_core.verb:set package 'rover_moveit_config' build argument 'ament_cmake_args' from command line to 'None'
[0.179s] Level 5:colcon.colcon_core.verb:set package 'rover_moveit_config' build argument 'catkin_cmake_args' from command line to 'None'
[0.179s] Level 5:colcon.colcon_core.verb:set package 'rover_moveit_config' build argument 'catkin_skip_building_tests' from command line to 'False'
[0.179s] DEBUG:colcon.colcon_core.verb:Building package 'rover_moveit_config' with the following arguments: {'ament_cmake_args': None, 'build_base': '/home/mario/Desktop/MyS/Mario_Casero_Practica3/yet_another_ws/build/rover_moveit_config', 'catkin_cmake_args': None, 'catkin_skip_building_tests': False, 'cmake_args': None, 'cmake_clean_cache': False, 'cmake_clean_first': False, 'cmake_force_configure': False, 'cmake_target': None, 'cmake_target_skip_unavailable': False, 'install_base': '/home/mario/Desktop/MyS/Mario_Casero_Practica3/yet_another_ws/install/rover_moveit_config', 'merge_install': False, 'path': '/home/mario/Desktop/MyS/Mario_Casero_Practica3/yet_another_ws/src/rover_moveit_config', 'symlink_install': False, 'test_result_base': None}
[0.179s] INFO:colcon.colcon_core.executor:Executing jobs using 'parallel' executor
[0.179s] DEBUG:colcon.colcon_parallel_executor.executor.parallel:run_until_complete
[0.180s] INFO:colcon.colcon_ros.task.ament_cmake.build:Building ROS package in '/home/mario/Desktop/MyS/Mario_Casero_Practica3/yet_another_ws/src/rover_description' with build type 'ament_cmake'
[0.180s] INFO:colcon.colcon_cmake.task.cmake.build:Building CMake package in '/home/mario/Desktop/MyS/Mario_Casero_Practica3/yet_another_ws/src/rover_description'
[0.181s] INFO:colcon.colcon_core.plugin_system:Skipping extension 'colcon_core.shell.bat': Not used on non-Windows systems
[0.181s] INFO:colcon.colcon_core.shell:Skip shell extension 'powershell' for command environment: Not usable outside of PowerShell
[0.181s] DEBUG:colcon.colcon_core.shell:Skip shell extension 'dsv' for command environment
[0.184s] INFO:colcon.colcon_ros.task.ament_cmake.build:Building ROS package in '/home/mario/Desktop/MyS/Mario_Casero_Practica3/yet_another_ws/src/urjc-excavation-world' with build type 'ament_cmake'
[0.184s] INFO:colcon.colcon_cmake.task.cmake.build:Building CMake package in '/home/mario/Desktop/MyS/Mario_Casero_Practica3/yet_another_ws/src/urjc-excavation-world'
[0.184s] INFO:colcon.colcon_core.shell:Skip shell extension 'powershell' for command environment: Not usable outside of PowerShell
[0.184s] DEBUG:colcon.colcon_core.shell:Skip shell extension 'dsv' for command environment
[0.190s] DEBUG:colcon.colcon_core.event_handler.log_command:Invoking command in '/home/mario/Desktop/MyS/Mario_Casero_Practica3/yet_another_ws/build/rover_description': CMAKE_PREFIX_PATH=${CMAKE_PREFIX_PATH}:/opt/ros/jazzy DEBUGINFOD_URLS=https://debuginfod.ubuntu.com /usr/bin/cmake /home/mario/Desktop/MyS/Mario_Casero_Practica3/yet_another_ws/src/rover_description -DCMAKE_INSTALL_PREFIX=/home/mario/Desktop/MyS/Mario_Casero_Practica3/yet_another_ws/install/rover_description
[0.192s] DEBUG:colcon.colcon_core.event_handler.log_command:Invoking command in '/home/mario/Desktop/MyS/Mario_Casero_Practica3/yet_another_ws/build/urjc_excavation_world': CMAKE_PREFIX_PATH=${CMAKE_PREFIX_PATH}:/opt/ros/jazzy DEBUGINFOD_URLS=https://debuginfod.ubuntu.com /usr/bin/cmake --build /home/mario/Desktop/MyS/Mario_Casero_Practica3/yet_another_ws/build/urjc_excavation_world -- -j20 -l20
[0.223s] DEBUG:colcon.colcon_core.event_handler.log_command:Invoked command in '/home/mario/Desktop/MyS/Mario_Casero_Practica3/yet_another_ws/build/urjc_excavation_world' returned '0': CMAKE_PREFIX_PATH=${CMAKE_PREFIX_PATH}:/opt/ros/jazzy DEBUGINFOD_URLS=https://debuginfod.ubuntu.com /usr/bin/cmake --build /home/mario/Desktop/MyS/Mario_Casero_Practica3/yet_another_ws/build/urjc_excavation_world -- -j20 -l20
[0.232s] DEBUG:colcon.colcon_core.event_handler.log_command:Invoking command in '/home/mario/Desktop/MyS/Mario_Casero_Practica3/yet_another_ws/build/urjc_excavation_world': CMAKE_PREFIX_PATH=${CMAKE_PREFIX_PATH}:/opt/ros/jazzy DEBUGINFOD_URLS=https://debuginfod.ubuntu.com /usr/bin/cmake --install /home/mario/Desktop/MyS/Mario_Casero_Practica3/yet_another_ws/build/urjc_excavation_world
[0.238s] Level 1:colcon.colcon_core.environment:create_environment_scripts_only(urjc_excavation_world)
[0.243s] Level 1:colcon.colcon_core.environment:checking '/home/mario/Desktop/MyS/Mario_Casero_Practica3/yet_another_ws/install/urjc_excavation_world' for CMake module files
[0.244s] Level 1:colcon.colcon_core.environment:checking '/home/mario/Desktop/MyS/Mario_Casero_Practica3/yet_another_ws/install/urjc_excavation_world' for CMake config files
[0.246s] Level 1:colcon.colcon_core.shell:create_environment_hook('urjc_excavation_world', 'cmake_prefix_path')
[0.246s] INFO:colcon.colcon_core.shell:Creating environment hook '/home/mario/Desktop/MyS/Mario_Casero_Practica3/yet_another_ws/install/urjc_excavation_world/share/urjc_excavation_world/hook/cmake_prefix_path.ps1'
[0.247s] INFO:colcon.colcon_core.shell:Creating environment descriptor '/home/mario/Desktop/MyS/Mario_Casero_Practica3/yet_another_ws/install/urjc_excavation_world/share/urjc_excavation_world/hook/cmake_prefix_path.dsv'
[0.248s] INFO:colcon.colcon_core.shell:Creating environment hook '/home/mario/Desktop/MyS/Mario_Casero_Practica3/yet_another_ws/install/urjc_excavation_world/share/urjc_excavation_world/hook/cmake_prefix_path.sh'
[0.249s] Level 1:colcon.colcon_core.environment:checking '/home/mario/Desktop/MyS/Mario_Casero_Practica3/yet_another_ws/install/urjc_excavation_world/bin'
[0.249s] Level 1:colcon.colcon_core.environment:checking '/home/mario/Desktop/MyS/Mario_Casero_Practica3/yet_another_ws/install/urjc_excavation_world/lib/pkgconfig/urjc_excavation_world.pc'
[0.249s] Level 1:colcon.colcon_core.environment:checking '/home/mario/Desktop/MyS/Mario_Casero_Practica3/yet_another_ws/install/urjc_excavation_world/lib/python3.12/site-packages'
[0.250s] Level 1:colcon.colcon_core.environment:checking '/home/mario/Desktop/MyS/Mario_Casero_Practica3/yet_another_ws/install/urjc_excavation_world/bin'
[0.250s] INFO:colcon.colcon_core.shell:Creating package script '/home/mario/Desktop/MyS/Mario_Casero_Practica3/yet_another_ws/install/urjc_excavation_world/share/urjc_excavation_world/package.ps1'
[0.252s] INFO:colcon.colcon_core.shell:Creating package descriptor '/home/mario/Desktop/MyS/Mario_Casero_Practica3/yet_another_ws/install/urjc_excavation_world/share/urjc_excavation_world/package.dsv'
[0.253s] DEBUG:colcon.colcon_core.event_handler.log_command:Invoked command in '/home/mario/Desktop/MyS/Mario_Casero_Practica3/yet_another_ws/build/urjc_excavation_world' returned '0': CMAKE_PREFIX_PATH=${CMAKE_PREFIX_PATH}:/opt/ros/jazzy DEBUGINFOD_URLS=https://debuginfod.ubuntu.com /usr/bin/cmake --install /home/mario/Desktop/MyS/Mario_Casero_Practica3/yet_another_ws/build/urjc_excavation_world
[0.253s] INFO:colcon.colcon_core.shell:Creating package script '/home/mario/Desktop/MyS/Mario_Casero_Practica3/yet_another_ws/install/urjc_excavation_world/share/urjc_excavation_world/package.sh'
[0.254s] INFO:colcon.colcon_core.shell:Creating package script '/home/mario/Desktop/MyS/Mario_Casero_Practica3/yet_another_ws/install/urjc_excavation_world/share/urjc_excavation_world/package.bash'
[0.254s] INFO:colcon.colcon_core.shell:Creating package script '/home/mario/Desktop/MyS/Mario_Casero_Practica3/yet_another_ws/install/urjc_excavation_world/share/urjc_excavation_world/package.zsh'
[0.255s] Level 1:colcon.colcon_core.environment:create_file_with_runtime_dependencies(/home/mario/Desktop/MyS/Mario_Casero_Practica3/yet_another_ws/install/urjc_excavation_world/share/colcon-core/packages/urjc_excavation_world)
[0.255s] Level 1:colcon.colcon_core.environment:create_environment_scripts_only(urjc_excavation_world)
[0.255s] Level 1:colcon.colcon_core.environment:checking '/home/mario/Desktop/MyS/Mario_Casero_Practica3/yet_another_ws/install/urjc_excavation_world' for CMake module files
[0.256s] Level 1:colcon.colcon_core.environment:checking '/home/mario/Desktop/MyS/Mario_Casero_Practica3/yet_another_ws/install/urjc_excavation_world' for CMake config files
[0.256s] Level 1:colcon.colcon_core.shell:create_environment_hook('urjc_excavation_world', 'cmake_prefix_path')
[0.256s] INFO:colcon.colcon_core.shell:Creating environment hook '/home/mario/Desktop/MyS/Mario_Casero_Practica3/yet_another_ws/install/urjc_excavation_world/share/urjc_excavation_world/hook/cmake_prefix_path.ps1'
[0.256s] INFO:colcon.colcon_core.shell:Creating environment descriptor '/home/mario/Desktop/MyS/Mario_Casero_Practica3/yet_another_ws/install/urjc_excavation_world/share/urjc_excavation_world/hook/cmake_prefix_path.dsv'
[0.256s] INFO:colcon.colcon_core.shell:Creating environment hook '/home/mario/Desktop/MyS/Mario_Casero_Practica3/yet_another_ws/install/urjc_excavation_world/share/urjc_excavation_world/hook/cmake_prefix_path.sh'
[0.257s] Level 1:colcon.colcon_core.environment:checking '/home/mario/Desktop/MyS/Mario_Casero_Practica3/yet_another_ws/install/urjc_excavation_world/bin'
[0.257s] Level 1:colcon.colcon_core.environment:checking '/home/mario/Desktop/MyS/Mario_Casero_Practica3/yet_another_ws/install/urjc_excavation_world/lib/pkgconfig/urjc_excavation_world.pc'
[0.257s] Level 1:colcon.colcon_core.environment:checking '/home/mario/Desktop/MyS/Mario_Casero_Practica3/yet_another_ws/install/urjc_excavation_world/lib/python3.12/site-packages'
[0.257s] Level 1:colcon.colcon_core.environment:checking '/home/mario/Desktop/MyS/Mario_Casero_Practica3/yet_another_ws/install/urjc_excavation_world/bin'
[0.257s] INFO:colcon.colcon_core.shell:Creating package script '/home/mario/Desktop/MyS/Mario_Casero_Practica3/yet_another_ws/install/urjc_excavation_world/share/urjc_excavation_world/package.ps1'
[0.258s] INFO:colcon.colcon_core.shell:Creating package descriptor '/home/mario/Desktop/MyS/Mario_Casero_Practica3/yet_another_ws/install/urjc_excavation_world/share/urjc_excavation_world/package.dsv'
[0.258s] INFO:colcon.colcon_core.shell:Creating package script '/home/mario/Desktop/MyS/Mario_Casero_Practica3/yet_another_ws/install/urjc_excavation_world/share/urjc_excavation_world/package.sh'
[0.258s] INFO:colcon.colcon_core.shell:Creating package script '/home/mario/Desktop/MyS/Mario_Casero_Practica3/yet_another_ws/install/urjc_excavation_world/share/urjc_excavation_world/package.bash'
[0.258s] INFO:colcon.colcon_core.shell:Creating package script '/home/mario/Desktop/MyS/Mario_Casero_Practica3/yet_another_ws/install/urjc_excavation_world/share/urjc_excavation_world/package.zsh'
[0.258s] Level 1:colcon.colcon_core.environment:create_file_with_runtime_dependencies(/home/mario/Desktop/MyS/Mario_Casero_Practica3/yet_another_ws/install/urjc_excavation_world/share/colcon-core/packages/urjc_excavation_world)
[0.431s] DEBUG:colcon.colcon_core.event_handler.log_command:Invoked command in '/home/mario/Desktop/MyS/Mario_Casero_Practica3/yet_another_ws/build/rover_description' returned '0': CMAKE_PREFIX_PATH=${CMAKE_PREFIX_PATH}:/opt/ros/jazzy DEBUGINFOD_URLS=https://debuginfod.ubuntu.com /usr/bin/cmake /home/mario/Desktop/MyS/Mario_Casero_Practica3/yet_another_ws/src/rover_description -DCMAKE_INSTALL_PREFIX=/home/mario/Desktop/MyS/Mario_Casero_Practica3/yet_another_ws/install/rover_description
[0.432s] DEBUG:colcon.colcon_core.event_handler.log_command:Invoking command in '/home/mario/Desktop/MyS/Mario_Casero_Practica3/yet_another_ws/build/rover_description': CMAKE_PREFIX_PATH=${CMAKE_PREFIX_PATH}:/opt/ros/jazzy DEBUGINFOD_URLS=https://debuginfod.ubuntu.com /usr/bin/cmake --build /home/mario/Desktop/MyS/Mario_Casero_Practica3/yet_another_ws/build/rover_description -- -j20 -l20
[0.465s] DEBUG:colcon.colcon_core.event_handler.log_command:Invoked command in '/home/mario/Desktop/MyS/Mario_Casero_Practica3/yet_another_ws/build/rover_description' returned '0': CMAKE_PREFIX_PATH=${CMAKE_PREFIX_PATH}:/opt/ros/jazzy DEBUGINFOD_URLS=https://debuginfod.ubuntu.com /usr/bin/cmake --build /home/mario/Desktop/MyS/Mario_Casero_Practica3/yet_another_ws/build/rover_description -- -j20 -l20
[0.466s] DEBUG:colcon.colcon_core.event_handler.log_command:Invoking command in '/home/mario/Desktop/MyS/Mario_Casero_Practica3/yet_another_ws/build/rover_description': CMAKE_PREFIX_PATH=${CMAKE_PREFIX_PATH}:/opt/ros/jazzy DEBUGINFOD_URLS=https://debuginfod.ubuntu.com /usr/bin/cmake --install /home/mario/Desktop/MyS/Mario_Casero_Practica3/yet_another_ws/build/rover_description
[0.480s] Level 1:colcon.colcon_core.environment:create_environment_scripts_only(rover_description)
[0.481s] Level 1:colcon.colcon_core.environment:checking '/home/mario/Desktop/MyS/Mario_Casero_Practica3/yet_another_ws/install/rover_description' for CMake module files
[0.481s] DEBUG:colcon.colcon_core.event_handler.log_command:Invoked command in '/home/mario/Desktop/MyS/Mario_Casero_Practica3/yet_another_ws/build/rover_description' returned '0': CMAKE_PREFIX_PATH=${CMAKE_PREFIX_PATH}:/opt/ros/jazzy DEBUGINFOD_URLS=https://debuginfod.ubuntu.com /usr/bin/cmake --install /home/mario/Desktop/MyS/Mario_Casero_Practica3/yet_another_ws/build/rover_description
[0.482s] Level 1:colcon.colcon_core.environment:checking '/home/mario/Desktop/MyS/Mario_Casero_Practica3/yet_another_ws/install/rover_description' for CMake config files
[0.482s] Level 1:colcon.colcon_core.shell:create_environment_hook('rover_description', 'cmake_prefix_path')
[0.482s] INFO:colcon.colcon_core.shell:Creating environment hook '/home/mario/Desktop/MyS/Mario_Casero_Practica3/yet_another_ws/install/rover_description/share/rover_description/hook/cmake_prefix_path.ps1'
[0.482s] INFO:colcon.colcon_core.shell:Creating environment descriptor '/home/mario/Desktop/MyS/Mario_Casero_Practica3/yet_another_ws/install/rover_description/share/rover_description/hook/cmake_prefix_path.dsv'
[0.482s] INFO:colcon.colcon_core.shell:Creating environment hook '/home/mario/Desktop/MyS/Mario_Casero_Practica3/yet_another_ws/install/rover_description/share/rover_description/hook/cmake_prefix_path.sh'
[0.483s] Level 1:colcon.colcon_core.environment:checking '/home/mario/Desktop/MyS/Mario_Casero_Practica3/yet_another_ws/install/rover_description/bin'
[0.483s] Level 1:colcon.colcon_core.environment:checking '/home/mario/Desktop/MyS/Mario_Casero_Practica3/yet_another_ws/install/rover_description/lib/pkgconfig/rover_description.pc'
[0.483s] Level 1:colcon.colcon_core.environment:checking '/home/mario/Desktop/MyS/Mario_Casero_Practica3/yet_another_ws/install/rover_description/lib/python3.12/site-packages'
[0.483s] Level 1:colcon.colcon_core.environment:checking '/home/mario/Desktop/MyS/Mario_Casero_Practica3/yet_another_ws/install/rover_description/bin'
[0.483s] INFO:colcon.colcon_core.shell:Creating package script '/home/mario/Desktop/MyS/Mario_Casero_Practica3/yet_another_ws/install/rover_description/share/rover_description/package.ps1'
[0.484s] INFO:colcon.colcon_core.shell:Creating package descriptor '/home/mario/Desktop/MyS/Mario_Casero_Practica3/yet_another_ws/install/rover_description/share/rover_description/package.dsv'
[0.484s] INFO:colcon.colcon_core.shell:Creating package script '/home/mario/Desktop/MyS/Mario_Casero_Practica3/yet_another_ws/install/rover_description/share/rover_description/package.sh'
[0.484s] INFO:colcon.colcon_core.shell:Creating package script '/home/mario/Desktop/MyS/Mario_Casero_Practica3/yet_another_ws/install/rover_description/share/rover_description/package.bash'
[0.484s] INFO:colcon.colcon_core.shell:Creating package script '/home/mario/Desktop/MyS/Mario_Casero_Practica3/yet_another_ws/install/rover_description/share/rover_description/package.zsh'
[0.484s] Level 1:colcon.colcon_core.environment:create_file_with_runtime_dependencies(/home/mario/Desktop/MyS/Mario_Casero_Practica3/yet_another_ws/install/rover_description/share/colcon-core/packages/rover_description)
[0.485s] Level 1:colcon.colcon_core.environment:create_environment_scripts_only(rover_description)
[0.485s] Level 1:colcon.colcon_core.environment:checking '/home/mario/Desktop/MyS/Mario_Casero_Practica3/yet_another_ws/install/rover_description' for CMake module files
[0.485s] Level 1:colcon.colcon_core.environment:checking '/home/mario/Desktop/MyS/Mario_Casero_Practica3/yet_another_ws/install/rover_description' for CMake config files
[0.485s] Level 1:colcon.colcon_core.shell:create_environment_hook('rover_description', 'cmake_prefix_path')
[0.485s] INFO:colcon.colcon_core.shell:Creating environment hook '/home/mario/Desktop/MyS/Mario_Casero_Practica3/yet_another_ws/install/rover_description/share/rover_description/hook/cmake_prefix_path.ps1'
[0.486s] INFO:colcon.colcon_core.shell:Creating environment descriptor '/home/mario/Desktop/MyS/Mario_Casero_Practica3/yet_another_ws/install/rover_description/share/rover_description/hook/cmake_prefix_path.dsv'
[0.486s] INFO:colcon.colcon_core.shell:Creating environment hook '/home/mario/Desktop/MyS/Mario_Casero_Practica3/yet_another_ws/install/rover_description/share/rover_description/hook/cmake_prefix_path.sh'
[0.486s] Level 1:colcon.colcon_core.environment:checking '/home/mario/Desktop/MyS/Mario_Casero_Practica3/yet_another_ws/install/rover_description/bin'
[0.486s] Level 1:colcon.colcon_core.environment:checking '/home/mario/Desktop/MyS/Mario_Casero_Practica3/yet_another_ws/install/rover_description/lib/pkgconfig/rover_description.pc'
[0.486s] Level 1:colcon.colcon_core.environment:checking '/home/mario/Desktop/MyS/Mario_Casero_Practica3/yet_another_ws/install/rover_description/lib/python3.12/site-packages'
[0.486s] Level 1:colcon.colcon_core.environment:checking '/home/mario/Desktop/MyS/Mario_Casero_Practica3/yet_another_ws/install/rover_description/bin'
[0.487s] INFO:colcon.colcon_core.shell:Creating package script '/home/mario/Desktop/MyS/Mario_Casero_Practica3/yet_another_ws/install/rover_description/share/rover_description/package.ps1'
[0.487s] INFO:colcon.colcon_core.shell:Creating package descriptor '/home/mario/Desktop/MyS/Mario_Casero_Practica3/yet_another_ws/install/rover_description/share/rover_description/package.dsv'
[0.487s] INFO:colcon.colcon_core.shell:Creating package script '/home/mario/Desktop/MyS/Mario_Casero_Practica3/yet_another_ws/install/rover_description/share/rover_description/package.sh'
[0.487s] INFO:colcon.colcon_core.shell:Creating package script '/home/mario/Desktop/MyS/Mario_Casero_Practica3/yet_another_ws/install/rover_description/share/rover_description/package.bash'
[0.488s] INFO:colcon.colcon_core.shell:Creating package script '/home/mario/Desktop/MyS/Mario_Casero_Practica3/yet_another_ws/install/rover_description/share/rover_description/package.zsh'
[0.488s] Level 1:colcon.colcon_core.environment:create_file_with_runtime_dependencies(/home/mario/Desktop/MyS/Mario_Casero_Practica3/yet_another_ws/install/rover_description/share/colcon-core/packages/rover_description)
[0.488s] INFO:colcon.colcon_ros.task.ament_cmake.build:Building ROS package in '/home/mario/Desktop/MyS/Mario_Casero_Practica3/yet_another_ws/src/rover_bringup' with build type 'ament_cmake'
[0.488s] INFO:colcon.colcon_cmake.task.cmake.build:Building CMake package in '/home/mario/Desktop/MyS/Mario_Casero_Practica3/yet_another_ws/src/rover_bringup'
[0.488s] INFO:colcon.colcon_core.shell:Skip shell extension 'powershell' for command environment: Not usable outside of PowerShell
[0.488s] DEBUG:colcon.colcon_core.shell:Skip shell extension 'dsv' for command environment
[0.491s] INFO:colcon.colcon_ros.task.ament_cmake.build:Building ROS package in '/home/mario/Desktop/MyS/Mario_Casero_Practica3/yet_another_ws/src/rover_moveit_config' with build type 'ament_cmake'
[0.491s] INFO:colcon.colcon_cmake.task.cmake.build:Building CMake package in '/home/mario/Desktop/MyS/Mario_Casero_Practica3/yet_another_ws/src/rover_moveit_config'
[0.491s] INFO:colcon.colcon_core.shell:Skip shell extension 'powershell' for command environment: Not usable outside of PowerShell
[0.491s] DEBUG:colcon.colcon_core.shell:Skip shell extension 'dsv' for command environment
[0.496s] DEBUG:colcon.colcon_core.event_handler.log_command:Invoking command in '/home/mario/Desktop/MyS/Mario_Casero_Practica3/yet_another_ws/build/rover_bringup': CMAKE_PREFIX_PATH=${CMAKE_PREFIX_PATH}:/opt/ros/jazzy DEBUGINFOD_URLS=https://debuginfod.ubuntu.com /usr/bin/cmake /home/mario/Desktop/MyS/Mario_Casero_Practica3/yet_another_ws/src/rover_bringup -DCMAKE_INSTALL_PREFIX=/home/mario/Desktop/MyS/Mario_Casero_Practica3/yet_another_ws/install/rover_bringup
[0.498s] DEBUG:colcon.colcon_core.event_handler.log_command:Invoking command in '/home/mario/Desktop/MyS/Mario_Casero_Practica3/yet_another_ws/build/rover_moveit_config': CMAKE_PREFIX_PATH=${CMAKE_PREFIX_PATH}:/opt/ros/jazzy DEBUGINFOD_URLS=https://debuginfod.ubuntu.com /usr/bin/cmake /home/mario/Desktop/MyS/Mario_Casero_Practica3/yet_another_ws/src/rover_moveit_config -DCMAKE_INSTALL_PREFIX=/home/mario/Desktop/MyS/Mario_Casero_Practica3/yet_another_ws/install/rover_moveit_config
[0.742s] DEBUG:colcon.colcon_core.event_handler.log_command:Invoked command in '/home/mario/Desktop/MyS/Mario_Casero_Practica3/yet_another_ws/build/rover_bringup' returned '0': CMAKE_PREFIX_PATH=${CMAKE_PREFIX_PATH}:/opt/ros/jazzy DEBUGINFOD_URLS=https://debuginfod.ubuntu.com /usr/bin/cmake /home/mario/Desktop/MyS/Mario_Casero_Practica3/yet_another_ws/src/rover_bringup -DCMAKE_INSTALL_PREFIX=/home/mario/Desktop/MyS/Mario_Casero_Practica3/yet_another_ws/install/rover_bringup
[0.742s] DEBUG:colcon.colcon_core.event_handler.log_command:Invoking command in '/home/mario/Desktop/MyS/Mario_Casero_Practica3/yet_another_ws/build/rover_bringup': CMAKE_PREFIX_PATH=${CMAKE_PREFIX_PATH}:/opt/ros/jazzy DEBUGINFOD_URLS=https://debuginfod.ubuntu.com /usr/bin/cmake --build /home/mario/Desktop/MyS/Mario_Casero_Practica3/yet_another_ws/build/rover_bringup -- -j20 -l20
[0.777s] DEBUG:colcon.colcon_core.event_handler.log_command:Invoked command in '/home/mario/Desktop/MyS/Mario_Casero_Practica3/yet_another_ws/build/rover_bringup' returned '0': CMAKE_PREFIX_PATH=${CMAKE_PREFIX_PATH}:/opt/ros/jazzy DEBUGINFOD_URLS=https://debuginfod.ubuntu.com /usr/bin/cmake --build /home/mario/Desktop/MyS/Mario_Casero_Practica3/yet_another_ws/build/rover_bringup -- -j20 -l20
[0.778s] DEBUG:colcon.colcon_core.event_handler.log_command:Invoking command in '/home/mario/Desktop/MyS/Mario_Casero_Practica3/yet_another_ws/build/rover_bringup': CMAKE_PREFIX_PATH=${CMAKE_PREFIX_PATH}:/opt/ros/jazzy DEBUGINFOD_URLS=https://debuginfod.ubuntu.com /usr/bin/cmake --install /home/mario/Desktop/MyS/Mario_Casero_Practica3/yet_another_ws/build/rover_bringup
[0.791s] Level 1:colcon.colcon_core.environment:create_environment_scripts_only(rover_bringup)
[0.791s] Level 1:colcon.colcon_core.environment:checking '/home/mario/Desktop/MyS/Mario_Casero_Practica3/yet_another_ws/install/rover_bringup' for CMake module files
[0.791s] DEBUG:colcon.colcon_core.event_handler.log_command:Invoked command in '/home/mario/Desktop/MyS/Mario_Casero_Practica3/yet_another_ws/build/rover_bringup' returned '0': CMAKE_PREFIX_PATH=${CMAKE_PREFIX_PATH}:/opt/ros/jazzy DEBUGINFOD_URLS=https://debuginfod.ubuntu.com /usr/bin/cmake --install /home/mario/Desktop/MyS/Mario_Casero_Practica3/yet_another_ws/build/rover_bringup
[0.792s] Level 1:colcon.colcon_core.environment:checking '/home/mario/Desktop/MyS/Mario_Casero_Practica3/yet_another_ws/install/rover_bringup' for CMake config files
[0.792s] Level 1:colcon.colcon_core.shell:create_environment_hook('rover_bringup', 'cmake_prefix_path')
[0.792s] INFO:colcon.colcon_core.shell:Creating environment hook '/home/mario/Desktop/MyS/Mario_Casero_Practica3/yet_another_ws/install/rover_bringup/share/rover_bringup/hook/cmake_prefix_path.ps1'
[0.793s] INFO:colcon.colcon_core.shell:Creating environment descriptor '/home/mario/Desktop/MyS/Mario_Casero_Practica3/yet_another_ws/install/rover_bringup/share/rover_bringup/hook/cmake_prefix_path.dsv'
[0.793s] INFO:colcon.colcon_core.shell:Creating environment hook '/home/mario/Desktop/MyS/Mario_Casero_Practica3/yet_another_ws/install/rover_bringup/share/rover_bringup/hook/cmake_prefix_path.sh'
[0.794s] Level 1:colcon.colcon_core.environment:checking '/home/mario/Desktop/MyS/Mario_Casero_Practica3/yet_another_ws/install/rover_bringup/bin'
[0.794s] Level 1:colcon.colcon_core.environment:checking '/home/mario/Desktop/MyS/Mario_Casero_Practica3/yet_another_ws/install/rover_bringup/lib/pkgconfig/rover_bringup.pc'
[0.794s] Level 1:colcon.colcon_core.environment:checking '/home/mario/Desktop/MyS/Mario_Casero_Practica3/yet_another_ws/install/rover_bringup/lib/python3.12/site-packages'
[0.794s] Level 1:colcon.colcon_core.environment:checking '/home/mario/Desktop/MyS/Mario_Casero_Practica3/yet_another_ws/install/rover_bringup/bin'
[0.794s] INFO:colcon.colcon_core.shell:Creating package script '/home/mario/Desktop/MyS/Mario_Casero_Practica3/yet_another_ws/install/rover_bringup/share/rover_bringup/package.ps1'
[0.795s] INFO:colcon.colcon_core.shell:Creating package descriptor '/home/mario/Desktop/MyS/Mario_Casero_Practica3/yet_another_ws/install/rover_bringup/share/rover_bringup/package.dsv'
[0.795s] INFO:colcon.colcon_core.shell:Creating package script '/home/mario/Desktop/MyS/Mario_Casero_Practica3/yet_another_ws/install/rover_bringup/share/rover_bringup/package.sh'
[0.795s] INFO:colcon.colcon_core.shell:Creating package script '/home/mario/Desktop/MyS/Mario_Casero_Practica3/yet_another_ws/install/rover_bringup/share/rover_bringup/package.bash'
[0.795s] INFO:colcon.colcon_core.shell:Creating package script '/home/mario/Desktop/MyS/Mario_Casero_Practica3/yet_another_ws/install/rover_bringup/share/rover_bringup/package.zsh'
[0.795s] Level 1:colcon.colcon_core.environment:create_file_with_runtime_dependencies(/home/mario/Desktop/MyS/Mario_Casero_Practica3/yet_another_ws/install/rover_bringup/share/colcon-core/packages/rover_bringup)
[0.796s] Level 1:colcon.colcon_core.environment:create_environment_scripts_only(rover_bringup)
[0.796s] Level 1:colcon.colcon_core.environment:checking '/home/mario/Desktop/MyS/Mario_Casero_Practica3/yet_another_ws/install/rover_bringup' for CMake module files
[0.796s] Level 1:colcon.colcon_core.environment:checking '/home/mario/Desktop/MyS/Mario_Casero_Practica3/yet_another_ws/install/rover_bringup' for CMake config files
[0.796s] Level 1:colcon.colcon_core.shell:create_environment_hook('rover_bringup', 'cmake_prefix_path')
[0.796s] INFO:colcon.colcon_core.shell:Creating environment hook '/home/mario/Desktop/MyS/Mario_Casero_Practica3/yet_another_ws/install/rover_bringup/share/rover_bringup/hook/cmake_prefix_path.ps1'
[0.797s] INFO:colcon.colcon_core.shell:Creating environment descriptor '/home/mario/Desktop/MyS/Mario_Casero_Practica3/yet_another_ws/install/rover_bringup/share/rover_bringup/hook/cmake_prefix_path.dsv'
[0.797s] INFO:colcon.colcon_core.shell:Creating environment hook '/home/mario/Desktop/MyS/Mario_Casero_Practica3/yet_another_ws/install/rover_bringup/share/rover_bringup/hook/cmake_prefix_path.sh'
[0.797s] Level 1:colcon.colcon_core.environment:checking '/home/mario/Desktop/MyS/Mario_Casero_Practica3/yet_another_ws/install/rover_bringup/bin'
[0.797s] Level 1:colcon.colcon_core.environment:checking '/home/mario/Desktop/MyS/Mario_Casero_Practica3/yet_another_ws/install/rover_bringup/lib/pkgconfig/rover_bringup.pc'
[0.797s] Level 1:colcon.colcon_core.environment:checking '/home/mario/Desktop/MyS/Mario_Casero_Practica3/yet_another_ws/install/rover_bringup/lib/python3.12/site-packages'
[0.798s] Level 1:colcon.colcon_core.environment:checking '/home/mario/Desktop/MyS/Mario_Casero_Practica3/yet_another_ws/install/rover_bringup/bin'
[0.798s] INFO:colcon.colcon_core.shell:Creating package script '/home/mario/Desktop/MyS/Mario_Casero_Practica3/yet_another_ws/install/rover_bringup/share/rover_bringup/package.ps1'
[0.798s] INFO:colcon.colcon_core.shell:Creating package descriptor '/home/mario/Desktop/MyS/Mario_Casero_Practica3/yet_another_ws/install/rover_bringup/share/rover_bringup/package.dsv'
[0.798s] INFO:colcon.colcon_core.shell:Creating package script '/home/mario/Desktop/MyS/Mario_Casero_Practica3/yet_another_ws/install/rover_bringup/share/rover_bringup/package.sh'
[0.799s] INFO:colcon.colcon_core.shell:Creating package script '/home/mario/Desktop/MyS/Mario_Casero_Practica3/yet_another_ws/install/rover_bringup/share/rover_bringup/package.bash'
[0.799s] INFO:colcon.colcon_core.shell:Creating package script '/home/mario/Desktop/MyS/Mario_Casero_Practica3/yet_another_ws/install/rover_bringup/share/rover_bringup/package.zsh'
[0.799s] Level 1:colcon.colcon_core.environment:create_file_with_runtime_dependencies(/home/mario/Desktop/MyS/Mario_Casero_Practica3/yet_another_ws/install/rover_bringup/share/colcon-core/packages/rover_bringup)
[1.087s] DEBUG:colcon.colcon_core.event_handler.log_command:Invoked command in '/home/mario/Desktop/MyS/Mario_Casero_Practica3/yet_another_ws/build/rover_moveit_config' returned '0': CMAKE_PREFIX_PATH=${CMAKE_PREFIX_PATH}:/opt/ros/jazzy DEBUGINFOD_URLS=https://debuginfod.ubuntu.com /usr/bin/cmake /home/mario/Desktop/MyS/Mario_Casero_Practica3/yet_another_ws/src/rover_moveit_config -DCMAKE_INSTALL_PREFIX=/home/mario/Desktop/MyS/Mario_Casero_Practica3/yet_another_ws/install/rover_moveit_config
[1.087s] DEBUG:colcon.colcon_core.event_handler.log_command:Invoking command in '/home/mario/Desktop/MyS/Mario_Casero_Practica3/yet_another_ws/build/rover_moveit_config': CMAKE_PREFIX_PATH=${CMAKE_PREFIX_PATH}:/opt/ros/jazzy DEBUGINFOD_URLS=https://debuginfod.ubuntu.com /usr/bin/cmake --build /home/mario/Desktop/MyS/Mario_Casero_Practica3/yet_another_ws/build/rover_moveit_config -- -j20 -l20
[1.121s] DEBUG:colcon.colcon_core.event_handler.log_command:Invoked command in '/home/mario/Desktop/MyS/Mario_Casero_Practica3/yet_another_ws/build/rover_moveit_config' returned '0': CMAKE_PREFIX_PATH=${CMAKE_PREFIX_PATH}:/opt/ros/jazzy DEBUGINFOD_URLS=https://debuginfod.ubuntu.com /usr/bin/cmake --build /home/mario/Desktop/MyS/Mario_Casero_Practica3/yet_another_ws/build/rover_moveit_config -- -j20 -l20
[1.122s] DEBUG:colcon.colcon_core.event_handler.log_command:Invoking command in '/home/mario/Desktop/MyS/Mario_Casero_Practica3/yet_another_ws/build/rover_moveit_config': CMAKE_PREFIX_PATH=${CMAKE_PREFIX_PATH}:/opt/ros/jazzy DEBUGINFOD_URLS=https://debuginfod.ubuntu.com /usr/bin/cmake --install /home/mario/Desktop/MyS/Mario_Casero_Practica3/yet_another_ws/build/rover_moveit_config
[1.137s] Level 1:colcon.colcon_core.environment:create_environment_scripts_only(rover_moveit_config)
[1.137s] Level 1:colcon.colcon_core.environment:checking '/home/mario/Desktop/MyS/Mario_Casero_Practica3/yet_another_ws/install/rover_moveit_config' for CMake module files
[1.138s] DEBUG:colcon.colcon_core.event_handler.log_command:Invoked command in '/home/mario/Desktop/MyS/Mario_Casero_Practica3/yet_another_ws/build/rover_moveit_config' returned '0': CMAKE_PREFIX_PATH=${CMAKE_PREFIX_PATH}:/opt/ros/jazzy DEBUGINFOD_URLS=https://debuginfod.ubuntu.com /usr/bin/cmake --install /home/mario/Desktop/MyS/Mario_Casero_Practica3/yet_another_ws/build/rover_moveit_config
[1.138s] Level 1:colcon.colcon_core.environment:checking '/home/mario/Desktop/MyS/Mario_Casero_Practica3/yet_another_ws/install/rover_moveit_config' for CMake config files
[1.138s] Level 1:colcon.colcon_core.shell:create_environment_hook('rover_moveit_config', 'cmake_prefix_path')
[1.138s] INFO:colcon.colcon_core.shell:Creating environment hook '/home/mario/Desktop/MyS/Mario_Casero_Practica3/yet_another_ws/install/rover_moveit_config/share/rover_moveit_config/hook/cmake_prefix_path.ps1'
[1.138s] INFO:colcon.colcon_core.shell:Creating environment descriptor '/home/mario/Desktop/MyS/Mario_Casero_Practica3/yet_another_ws/install/rover_moveit_config/share/rover_moveit_config/hook/cmake_prefix_path.dsv'
[1.139s] INFO:colcon.colcon_core.shell:Creating environment hook '/home/mario/Desktop/MyS/Mario_Casero_Practica3/yet_another_ws/install/rover_moveit_config/share/rover_moveit_config/hook/cmake_prefix_path.sh'
[1.139s] Level 1:colcon.colcon_core.environment:checking '/home/mario/Desktop/MyS/Mario_Casero_Practica3/yet_another_ws/install/rover_moveit_config/bin'
[1.139s] Level 1:colcon.colcon_core.environment:checking '/home/mario/Desktop/MyS/Mario_Casero_Practica3/yet_another_ws/install/rover_moveit_config/lib/pkgconfig/rover_moveit_config.pc'
[1.139s] Level 1:colcon.colcon_core.environment:checking '/home/mario/Desktop/MyS/Mario_Casero_Practica3/yet_another_ws/install/rover_moveit_config/lib/python3.12/site-packages'
[1.139s] Level 1:colcon.colcon_core.environment:checking '/home/mario/Desktop/MyS/Mario_Casero_Practica3/yet_another_ws/install/rover_moveit_config/bin'
[1.140s] INFO:colcon.colcon_core.shell:Creating package script '/home/mario/Desktop/MyS/Mario_Casero_Practica3/yet_another_ws/install/rover_moveit_config/share/rover_moveit_config/package.ps1'
[1.140s] INFO:colcon.colcon_core.shell:Creating package descriptor '/home/mario/Desktop/MyS/Mario_Casero_Practica3/yet_another_ws/install/rover_moveit_config/share/rover_moveit_config/package.dsv'
[1.140s] INFO:colcon.colcon_core.shell:Creating package script '/home/mario/Desktop/MyS/Mario_Casero_Practica3/yet_another_ws/install/rover_moveit_config/share/rover_moveit_config/package.sh'
[1.140s] INFO:colcon.colcon_core.shell:Creating package script '/home/mario/Desktop/MyS/Mario_Casero_Practica3/yet_another_ws/install/rover_moveit_config/share/rover_moveit_config/package.bash'
[1.141s] INFO:colcon.colcon_core.shell:Creating package script '/home/mario/Desktop/MyS/Mario_Casero_Practica3/yet_another_ws/install/rover_moveit_config/share/rover_moveit_config/package.zsh'
[1.141s] Level 1:colcon.colcon_core.environment:create_file_with_runtime_dependencies(/home/mario/Desktop/MyS/Mario_Casero_Practica3/yet_another_ws/install/rover_moveit_config/share/colcon-core/packages/rover_moveit_config)
[1.141s] Level 1:colcon.colcon_core.environment:create_environment_scripts_only(rover_moveit_config)
[1.141s] Level 1:colcon.colcon_core.environment:checking '/home/mario/Desktop/MyS/Mario_Casero_Practica3/yet_another_ws/install/rover_moveit_config' for CMake module files
[1.141s] Level 1:colcon.colcon_core.environment:checking '/home/mario/Desktop/MyS/Mario_Casero_Practica3/yet_another_ws/install/rover_moveit_config' for CMake config files
[1.142s] Level 1:colcon.colcon_core.shell:create_environment_hook('rover_moveit_config', 'cmake_prefix_path')
[1.142s] INFO:colcon.colcon_core.shell:Creating environment hook '/home/mario/Desktop/MyS/Mario_Casero_Practica3/yet_another_ws/install/rover_moveit_config/share/rover_moveit_config/hook/cmake_prefix_path.ps1'
[1.142s] INFO:colcon.colcon_core.shell:Creating environment descriptor '/home/mario/Desktop/MyS/Mario_Casero_Practica3/yet_another_ws/install/rover_moveit_config/share/rover_moveit_config/hook/cmake_prefix_path.dsv'
[1.142s] INFO:colcon.colcon_core.shell:Creating environment hook '/home/mario/Desktop/MyS/Mario_Casero_Practica3/yet_another_ws/install/rover_moveit_config/share/rover_moveit_config/hook/cmake_prefix_path.sh'
[1.142s] Level 1:colcon.colcon_core.environment:checking '/home/mario/Desktop/MyS/Mario_Casero_Practica3/yet_another_ws/install/rover_moveit_config/bin'
[1.142s] Level 1:colcon.colcon_core.environment:checking '/home/mario/Desktop/MyS/Mario_Casero_Practica3/yet_another_ws/install/rover_moveit_config/lib/pkgconfig/rover_moveit_config.pc'
[1.143s] Level 1:colcon.colcon_core.environment:checking '/home/mario/Desktop/MyS/Mario_Casero_Practica3/yet_another_ws/install/rover_moveit_config/lib/python3.12/site-packages'
[1.143s] Level 1:colcon.colcon_core.environment:checking '/home/mario/Desktop/MyS/Mario_Casero_Practica3/yet_another_ws/install/rover_moveit_config/bin'
[1.143s] INFO:colcon.colcon_core.shell:Creating package script '/home/mario/Desktop/MyS/Mario_Casero_Practica3/yet_another_ws/install/rover_moveit_config/share/rover_moveit_config/package.ps1'
[1.143s] INFO:colcon.colcon_core.shell:Creating package descriptor '/home/mario/Desktop/MyS/Mario_Casero_Practica3/yet_another_ws/install/rover_moveit_config/share/rover_moveit_config/package.dsv'
[1.143s] INFO:colcon.colcon_core.shell:Creating package script '/home/mario/Desktop/MyS/Mario_Casero_Practica3/yet_another_ws/install/rover_moveit_config/share/rover_moveit_config/package.sh'
[1.144s] INFO:colcon.colcon_core.shell:Creating package script '/home/mario/Desktop/MyS/Mario_Casero_Practica3/yet_another_ws/install/rover_moveit_config/share/rover_moveit_config/package.bash'
[1.144s] INFO:colcon.colcon_core.shell:Creating package script '/home/mario/Desktop/MyS/Mario_Casero_Practica3/yet_another_ws/install/rover_moveit_config/share/rover_moveit_config/package.zsh'
[1.144s] Level 1:colcon.colcon_core.environment:create_file_with_runtime_dependencies(/home/mario/Desktop/MyS/Mario_Casero_Practica3/yet_another_ws/install/rover_moveit_config/share/colcon-core/packages/rover_moveit_config)
[1.145s] DEBUG:colcon.colcon_parallel_executor.executor.parallel:closing loop
[1.145s] DEBUG:colcon.colcon_parallel_executor.executor.parallel:loop closed
[1.145s] DEBUG:colcon.colcon_parallel_executor.executor.parallel:run_until_complete finished with '0'
[1.145s] DEBUG:colcon.colcon_core.event_reactor:joining thread
[1.149s] INFO:colcon.colcon_core.plugin_system:Skipping extension 'colcon_notification.desktop_notification.terminal_notifier': Not used on non-Darwin systems
[1.149s] INFO:colcon.colcon_core.plugin_system:Skipping extension 'colcon_notification.desktop_notification.win32': Not used on non-Windows systems
[1.149s] INFO:colcon.colcon_notification.desktop_notification:Sending desktop notification using 'notify2'
[1.163s] DEBUG:colcon.colcon_core.event_reactor:joined thread
[1.163s] INFO:colcon.colcon_core.shell:Creating prefix script '/home/mario/Desktop/MyS/Mario_Casero_Practica3/yet_another_ws/install/local_setup.ps1'
[1.164s] INFO:colcon.colcon_core.shell:Creating prefix util module '/home/mario/Desktop/MyS/Mario_Casero_Practica3/yet_another_ws/install/_local_setup_util_ps1.py'
[1.165s] INFO:colcon.colcon_core.shell:Creating prefix chain script '/home/mario/Desktop/MyS/Mario_Casero_Practica3/yet_another_ws/install/setup.ps1'
[1.166s] INFO:colcon.colcon_core.shell:Creating prefix script '/home/mario/Desktop/MyS/Mario_Casero_Practica3/yet_another_ws/install/local_setup.sh'
[1.166s] INFO:colcon.colcon_core.shell:Creating prefix util module '/home/mario/Desktop/MyS/Mario_Casero_Practica3/yet_another_ws/install/_local_setup_util_sh.py'
[1.166s] INFO:colcon.colcon_core.shell:Creating prefix chain script '/home/mario/Desktop/MyS/Mario_Casero_Practica3/yet_another_ws/install/setup.sh'
[1.167s] INFO:colcon.colcon_core.shell:Creating prefix script '/home/mario/Desktop/MyS/Mario_Casero_Practica3/yet_another_ws/install/local_setup.bash'
[1.167s] INFO:colcon.colcon_core.shell:Creating prefix chain script '/home/mario/Desktop/MyS/Mario_Casero_Practica3/yet_another_ws/install/setup.bash'
[1.168s] INFO:colcon.colcon_core.shell:Creating prefix script '/home/mario/Desktop/MyS/Mario_Casero_Practica3/yet_another_ws/install/local_setup.zsh'
[1.168s] INFO:colcon.colcon_core.shell:Creating prefix chain script '/home/mario/Desktop/MyS/Mario_Casero_Practica3/yet_another_ws/install/setup.zsh'
