[0.017s] Invoking command in '/home/mario/Desktop/MyS/Mario_Casero_Practica3/yet_another_ws/build/rover_bringup': CMAKE_PREFIX_PATH=${CMAKE_PREFIX_PATH}:/opt/ros/jazzy DEBUGINFOD_URLS=https://debuginfod.ubuntu.com /usr/bin/cmake --build /home/mario/Desktop/MyS/Mario_Casero_Practica3/yet_another_ws/build/rover_bringup -- -j20 -l20
[0.042s] -- Found ament_cmake: 2.5.6 (/opt/ros/jazzy/share/ament_cmake/cmake)
[0.215s] -- Found ament_lint_auto: 0.17.5 (/opt/ros/jazzy/share/ament_lint_auto/cmake)
[0.278s] -- Configuring done (0.2s)
[0.280s] -- Generating done (0.0s)
[0.281s] -- Build files have been written to: /home/mario/Desktop/MyS/Mario_Casero_Practica3/yet_another_ws/build/rover_bringup
[0.302s] Invoked command in '/home/mario/Desktop/MyS/Mario_Casero_Practica3/yet_another_ws/build/rover_bringup' returned '0': CMAKE_PREFIX_PATH=${CMAKE_PREFIX_PATH}:/opt/ros/jazzy DEBUGINFOD_URLS=https://debuginfod.ubuntu.com /usr/bin/cmake --build /home/mario/Desktop/MyS/Mario_Casero_Practica3/yet_another_ws/build/rover_bringup -- -j20 -l20
[0.303s] Invoking command in '/home/mario/Desktop/MyS/Mario_Casero_Practica3/yet_another_ws/build/rover_bringup': CMAKE_PREFIX_PATH=${CMAKE_PREFIX_PATH}:/opt/ros/jazzy DEBUGINFOD_URLS=https://debuginfod.ubuntu.com /usr/bin/cmake --install /home/mario/Desktop/MyS/Mario_Casero_Practica3/yet_another_ws/build/rover_bringup
[0.312s] -- Install configuration: ""
[0.312s] -- Up-to-date: /home/mario/Desktop/MyS/Mario_Casero_Practica3/yet_another_ws/install/rover_bringup/share/rover_bringup/launch
[0.312s] -- Installing: /home/mario/Desktop/MyS/Mario_Casero_Practica3/yet_another_ws/install/rover_bringup/share/rover_bringup/launch/robot_controllers.launch.py
[0.312s] -- Installing: /home/mario/Desktop/MyS/Mario_Casero_Practica3/yet_another_ws/install/rover_bringup/share/rover_bringup/launch/simulation.launch.py
[0.312s] -- Installing: /home/mario/Desktop/MyS/Mario_Casero_Practica3/yet_another_ws/install/rover_bringup/share/rover_bringup/launch/robot_gazebo.launch.py
[0.312s] -- Up-to-date: /home/mario/Desktop/MyS/Mario_Casero_Practica3/yet_another_ws/install/rover_bringup/share/rover_bringup/config
[0.313s] -- Installing: /home/mario/Desktop/MyS/Mario_Casero_Practica3/yet_another_ws/install/rover_bringup/share/rover_bringup/config/rover_bridge.yaml
[0.313s] -- Up-to-date: /home/mario/Desktop/MyS/Mario_Casero_Practica3/yet_another_ws/install/rover_bringup/share/rover_bringup/config
[0.313s] -- Up-to-date: /home/mario/Desktop/MyS/Mario_Casero_Practica3/yet_another_ws/install/rover_bringup/share/rover_bringup/config/rover_bridge.yaml
[0.313s] -- Up-to-date: /home/mario/Desktop/MyS/Mario_Casero_Practica3/yet_another_ws/install/rover_bringup/share/ament_index/resource_index/package_run_dependencies/rover_bringup
[0.314s] -- Up-to-date: /home/mario/Desktop/MyS/Mario_Casero_Practica3/yet_another_ws/install/rover_bringup/share/ament_index/resource_index/parent_prefix_path/rover_bringup
[0.314s] -- Up-to-date: /home/mario/Desktop/MyS/Mario_Casero_Practica3/yet_another_ws/install/rover_bringup/share/rover_bringup/environment/ament_prefix_path.sh
[0.315s] -- Up-to-date: /home/mario/Desktop/MyS/Mario_Casero_Practica3/yet_another_ws/install/rover_bringup/share/rover_bringup/environment/ament_prefix_path.dsv
[0.315s] -- Up-to-date: /home/mario/Desktop/MyS/Mario_Casero_Practica3/yet_another_ws/install/rover_bringup/share/rover_bringup/environment/path.sh
[0.315s] -- Up-to-date: /home/mario/Desktop/MyS/Mario_Casero_Practica3/yet_another_ws/install/rover_bringup/share/rover_bringup/environment/path.dsv
[0.315s] -- Up-to-date: /home/mario/Desktop/MyS/Mario_Casero_Practica3/yet_another_ws/install/rover_bringup/share/rover_bringup/local_setup.bash
[0.315s] -- Up-to-date: /home/mario/Desktop/MyS/Mario_Casero_Practica3/yet_another_ws/install/rover_bringup/share/rover_bringup/local_setup.sh
[0.316s] -- Up-to-date: /home/mario/Desktop/MyS/Mario_Casero_Practica3/yet_another_ws/install/rover_bringup/share/rover_bringup/local_setup.zsh
[0.316s] -- Up-to-date: /home/mario/Desktop/MyS/Mario_Casero_Practica3/yet_another_ws/install/rover_bringup/share/rover_bringup/local_setup.dsv
[0.316s] -- Up-to-date: /home/mario/Desktop/MyS/Mario_Casero_Practica3/yet_another_ws/install/rover_bringup/share/rover_bringup/package.dsv
[0.316s] -- Up-to-date: /home/mario/Desktop/MyS/Mario_Casero_Practica3/yet_another_ws/install/rover_bringup/share/ament_index/resource_index/packages/rover_bringup
[0.317s] -- Up-to-date: /home/mario/Desktop/MyS/Mario_Casero_Practica3/yet_another_ws/install/rover_bringup/share/rover_bringup/cmake/rover_bringupConfig.cmake
[0.317s] -- Up-to-date: /home/mario/Desktop/MyS/Mario_Casero_Practica3/yet_another_ws/install/rover_bringup/share/rover_bringup/cmake/rover_bringupConfig-version.cmake
[0.317s] -- Installing: /home/mario/Desktop/MyS/Mario_Casero_Practica3/yet_another_ws/install/rover_bringup/share/rover_bringup/package.xml
[0.317s] Invoked command in '/home/mario/Desktop/MyS/Mario_Casero_Practica3/yet_another_ws/build/rover_bringup' returned '0': CMAKE_PREFIX_PATH=${CMAKE_PREFIX_PATH}:/opt/ros/jazzy DEBUGINFOD_URLS=https://debuginfod.ubuntu.com /usr/bin/cmake --install /home/mario/Desktop/MyS/Mario_Casero_Practica3/yet_another_ws/build/rover_bringup
