[0.006s] Invoking command in '/home/mario/Desktop/MyS/Rover_modelado-simulaci-n/ros2_ws/build/rover_bringup': AMENT_PREFIX_PATH=/home/mario/Desktop/MyS/Rover_modelado-simulaci-n/ros2_ws/install/rover_description:${AMENT_PREFIX_PATH} CMAKE_PREFIX_PATH=/home/mario/Desktop/MyS/Rover_modelado-simulaci-n/ros2_ws/install/rover_description:/opt/ros/jazzy/opt/gz_sim_vendor:/opt/ros/jazzy/opt/gz_sensors_vendor:/opt/ros/jazzy/opt/gz_physics_vendor:/opt/ros/jazzy/opt/sdformat_vendor:/opt/ros/jazzy/opt/gz_gui_vendor:/opt/ros/jazzy/opt/gz_transport_vendor:/opt/ros/jazzy/opt/gz_rendering_vendor:/opt/ros/jazzy/opt/gz_plugin_vendor:/opt/ros/jazzy/opt/gz_fuel_tools_vendor:/opt/ros/jazzy/opt/gz_msgs_vendor:/opt/ros/jazzy/opt/gz_common_vendor:/opt/ros/jazzy/opt/gz_math_vendor:/opt/ros/jazzy/opt/gz_utils_vendor:/opt/ros/jazzy/opt/gz_tools_vendor:/opt/ros/jazzy/opt/gz_ogre_next_vendor:/opt/ros/jazzy/opt/gz_dartsim_vendor:/opt/ros/jazzy/opt/gz_cmake_vendor:/opt/ros/jazzy DEBUGINFOD_URLS=https://debuginfod.ubuntu.com /usr/bin/cmake /home/mario/Desktop/MyS/Rover_modelado-simulaci-n/ros2_ws/src/rover_bringup -DCMAKE_INSTALL_PREFIX=/home/mario/Desktop/MyS/Rover_modelado-simulaci-n/ros2_ws/install/rover_bringup
[0.055s] -- The C compiler identification is GNU 13.3.0
[0.105s] -- The CXX compiler identification is GNU 13.3.0
[0.120s] -- Detecting C compiler ABI info
[0.199s] -- Detecting C compiler ABI info - done
[0.207s] -- Check for working C compiler: /usr/bin/cc - skipped
[0.207s] -- Detecting C compile features
[0.207s] -- Detecting C compile features - done
[0.216s] -- Detecting CXX compiler ABI info
[0.296s] -- Detecting CXX compiler ABI info - done
[0.305s] -- Check for working CXX compiler: /usr/bin/c++ - skipped
[0.305s] -- Detecting CXX compile features
[0.306s] -- Detecting CXX compile features - done
[0.309s] -- Found ament_cmake: 2.5.6 (/opt/ros/jazzy/share/ament_cmake/cmake)
[0.431s] -- Found Python3: /usr/bin/python3 (found version "3.12.3") found components: Interpreter 
[0.528s] -- Found ament_lint_auto: 0.17.5 (/opt/ros/jazzy/share/ament_lint_auto/cmake)
[0.599s] -- Configuring done (0.6s)
[0.600s] -- Generating done (0.0s)
[0.601s] -- Build files have been written to: /home/mario/Desktop/MyS/Rover_modelado-simulaci-n/ros2_ws/build/rover_bringup
[0.605s] Invoked command in '/home/mario/Desktop/MyS/Rover_modelado-simulaci-n/ros2_ws/build/rover_bringup' returned '0': AMENT_PREFIX_PATH=/home/mario/Desktop/MyS/Rover_modelado-simulaci-n/ros2_ws/install/rover_description:${AMENT_PREFIX_PATH} CMAKE_PREFIX_PATH=/home/mario/Desktop/MyS/Rover_modelado-simulaci-n/ros2_ws/install/rover_description:/opt/ros/jazzy/opt/gz_sim_vendor:/opt/ros/jazzy/opt/gz_sensors_vendor:/opt/ros/jazzy/opt/gz_physics_vendor:/opt/ros/jazzy/opt/sdformat_vendor:/opt/ros/jazzy/opt/gz_gui_vendor:/opt/ros/jazzy/opt/gz_transport_vendor:/opt/ros/jazzy/opt/gz_rendering_vendor:/opt/ros/jazzy/opt/gz_plugin_vendor:/opt/ros/jazzy/opt/gz_fuel_tools_vendor:/opt/ros/jazzy/opt/gz_msgs_vendor:/opt/ros/jazzy/opt/gz_common_vendor:/opt/ros/jazzy/opt/gz_math_vendor:/opt/ros/jazzy/opt/gz_utils_vendor:/opt/ros/jazzy/opt/gz_tools_vendor:/opt/ros/jazzy/opt/gz_ogre_next_vendor:/opt/ros/jazzy/opt/gz_dartsim_vendor:/opt/ros/jazzy/opt/gz_cmake_vendor:/opt/ros/jazzy DEBUGINFOD_URLS=https://debuginfod.ubuntu.com /usr/bin/cmake /home/mario/Desktop/MyS/Rover_modelado-simulaci-n/ros2_ws/src/rover_bringup -DCMAKE_INSTALL_PREFIX=/home/mario/Desktop/MyS/Rover_modelado-simulaci-n/ros2_ws/install/rover_bringup
[0.605s] Invoking command in '/home/mario/Desktop/MyS/Rover_modelado-simulaci-n/ros2_ws/build/rover_bringup': AMENT_PREFIX_PATH=/home/mario/Desktop/MyS/Rover_modelado-simulaci-n/ros2_ws/install/rover_description:${AMENT_PREFIX_PATH} CMAKE_PREFIX_PATH=/home/mario/Desktop/MyS/Rover_modelado-simulaci-n/ros2_ws/install/rover_description:/opt/ros/jazzy/opt/gz_sim_vendor:/opt/ros/jazzy/opt/gz_sensors_vendor:/opt/ros/jazzy/opt/gz_physics_vendor:/opt/ros/jazzy/opt/sdformat_vendor:/opt/ros/jazzy/opt/gz_gui_vendor:/opt/ros/jazzy/opt/gz_transport_vendor:/opt/ros/jazzy/opt/gz_rendering_vendor:/opt/ros/jazzy/opt/gz_plugin_vendor:/opt/ros/jazzy/opt/gz_fuel_tools_vendor:/opt/ros/jazzy/opt/gz_msgs_vendor:/opt/ros/jazzy/opt/gz_common_vendor:/opt/ros/jazzy/opt/gz_math_vendor:/opt/ros/jazzy/opt/gz_utils_vendor:/opt/ros/jazzy/opt/gz_tools_vendor:/opt/ros/jazzy/opt/gz_ogre_next_vendor:/opt/ros/jazzy/opt/gz_dartsim_vendor:/opt/ros/jazzy/opt/gz_cmake_vendor:/opt/ros/jazzy DEBUGINFOD_URLS=https://debuginfod.ubuntu.com /usr/bin/cmake --build /home/mario/Desktop/MyS/Rover_modelado-simulaci-n/ros2_ws/build/rover_bringup -- -j20 -l20
[0.643s] Invoked command in '/home/mario/Desktop/MyS/Rover_modelado-simulaci-n/ros2_ws/build/rover_bringup' returned '0': AMENT_PREFIX_PATH=/home/mario/Desktop/MyS/Rover_modelado-simulaci-n/ros2_ws/install/rover_description:${AMENT_PREFIX_PATH} CMAKE_PREFIX_PATH=/home/mario/Desktop/MyS/Rover_modelado-simulaci-n/ros2_ws/install/rover_description:/opt/ros/jazzy/opt/gz_sim_vendor:/opt/ros/jazzy/opt/gz_sensors_vendor:/opt/ros/jazzy/opt/gz_physics_vendor:/opt/ros/jazzy/opt/sdformat_vendor:/opt/ros/jazzy/opt/gz_gui_vendor:/opt/ros/jazzy/opt/gz_transport_vendor:/opt/ros/jazzy/opt/gz_rendering_vendor:/opt/ros/jazzy/opt/gz_plugin_vendor:/opt/ros/jazzy/opt/gz_fuel_tools_vendor:/opt/ros/jazzy/opt/gz_msgs_vendor:/opt/ros/jazzy/opt/gz_common_vendor:/opt/ros/jazzy/opt/gz_math_vendor:/opt/ros/jazzy/opt/gz_utils_vendor:/opt/ros/jazzy/opt/gz_tools_vendor:/opt/ros/jazzy/opt/gz_ogre_next_vendor:/opt/ros/jazzy/opt/gz_dartsim_vendor:/opt/ros/jazzy/opt/gz_cmake_vendor:/opt/ros/jazzy DEBUGINFOD_URLS=https://debuginfod.ubuntu.com /usr/bin/cmake --build /home/mario/Desktop/MyS/Rover_modelado-simulaci-n/ros2_ws/build/rover_bringup -- -j20 -l20
[0.644s] Invoking command in '/home/mario/Desktop/MyS/Rover_modelado-simulaci-n/ros2_ws/build/rover_bringup': AMENT_PREFIX_PATH=/home/mario/Desktop/MyS/Rover_modelado-simulaci-n/ros2_ws/install/rover_description:${AMENT_PREFIX_PATH} CMAKE_PREFIX_PATH=/home/mario/Desktop/MyS/Rover_modelado-simulaci-n/ros2_ws/install/rover_description:/opt/ros/jazzy/opt/gz_sim_vendor:/opt/ros/jazzy/opt/gz_sensors_vendor:/opt/ros/jazzy/opt/gz_physics_vendor:/opt/ros/jazzy/opt/sdformat_vendor:/opt/ros/jazzy/opt/gz_gui_vendor:/opt/ros/jazzy/opt/gz_transport_vendor:/opt/ros/jazzy/opt/gz_rendering_vendor:/opt/ros/jazzy/opt/gz_plugin_vendor:/opt/ros/jazzy/opt/gz_fuel_tools_vendor:/opt/ros/jazzy/opt/gz_msgs_vendor:/opt/ros/jazzy/opt/gz_common_vendor:/opt/ros/jazzy/opt/gz_math_vendor:/opt/ros/jazzy/opt/gz_utils_vendor:/opt/ros/jazzy/opt/gz_tools_vendor:/opt/ros/jazzy/opt/gz_ogre_next_vendor:/opt/ros/jazzy/opt/gz_dartsim_vendor:/opt/ros/jazzy/opt/gz_cmake_vendor:/opt/ros/jazzy DEBUGINFOD_URLS=https://debuginfod.ubuntu.com /usr/bin/cmake --install /home/mario/Desktop/MyS/Rover_modelado-simulaci-n/ros2_ws/build/rover_bringup
[0.651s] -- Install configuration: ""
[0.651s] -- Installing: /home/mario/Desktop/MyS/Rover_modelado-simulaci-n/ros2_ws/install/rover_bringup/share/rover_bringup/launch
[0.651s] -- Installing: /home/mario/Desktop/MyS/Rover_modelado-simulaci-n/ros2_ws/install/rover_bringup/share/rover_bringup/launch/robot_controllers.launch.py
[0.651s] -- Installing: /home/mario/Desktop/MyS/Rover_modelado-simulaci-n/ros2_ws/install/rover_bringup/share/rover_bringup/launch/robot_gazebo.launch.py
[0.651s] -- Installing: /home/mario/Desktop/MyS/Rover_modelado-simulaci-n/ros2_ws/install/rover_bringup/share/rover_bringup/config
[0.651s] -- Installing: /home/mario/Desktop/MyS/Rover_modelado-simulaci-n/ros2_ws/install/rover_bringup/share/rover_bringup/config/rover_bridge.yaml
[0.652s] -- Up-to-date: /home/mario/Desktop/MyS/Rover_modelado-simulaci-n/ros2_ws/install/rover_bringup/share/rover_bringup/config
[0.652s] -- Up-to-date: /home/mario/Desktop/MyS/Rover_modelado-simulaci-n/ros2_ws/install/rover_bringup/share/rover_bringup/config/rover_bridge.yaml
[0.652s] -- Installing: /home/mario/Desktop/MyS/Rover_modelado-simulaci-n/ros2_ws/install/rover_bringup/share/ament_index/resource_index/package_run_dependencies/rover_bringup
[0.652s] -- Installing: /home/mario/Desktop/MyS/Rover_modelado-simulaci-n/ros2_ws/install/rover_bringup/share/ament_index/resource_index/parent_prefix_path/rover_bringup
[0.652s] -- Installing: /home/mario/Desktop/MyS/Rover_modelado-simulaci-n/ros2_ws/install/rover_bringup/share/rover_bringup/environment/ament_prefix_path.sh
[0.652s] -- Installing: /home/mario/Desktop/MyS/Rover_modelado-simulaci-n/ros2_ws/install/rover_bringup/share/rover_bringup/environment/ament_prefix_path.dsv
[0.652s] -- Installing: /home/mario/Desktop/MyS/Rover_modelado-simulaci-n/ros2_ws/install/rover_bringup/share/rover_bringup/environment/path.sh
[0.652s] -- Installing: /home/mario/Desktop/MyS/Rover_modelado-simulaci-n/ros2_ws/install/rover_bringup/share/rover_bringup/environment/path.dsv
[0.652s] -- Installing: /home/mario/Desktop/MyS/Rover_modelado-simulaci-n/ros2_ws/install/rover_bringup/share/rover_bringup/local_setup.bash
[0.652s] -- Installing: /home/mario/Desktop/MyS/Rover_modelado-simulaci-n/ros2_ws/install/rover_bringup/share/rover_bringup/local_setup.sh
[0.652s] -- Installing: /home/mario/Desktop/MyS/Rover_modelado-simulaci-n/ros2_ws/install/rover_bringup/share/rover_bringup/local_setup.zsh
[0.653s] -- Installing: /home/mario/Desktop/MyS/Rover_modelado-simulaci-n/ros2_ws/install/rover_bringup/share/rover_bringup/local_setup.dsv
[0.653s] -- Installing: /home/mario/Desktop/MyS/Rover_modelado-simulaci-n/ros2_ws/install/rover_bringup/share/rover_bringup/package.dsv
[0.653s] -- Installing: /home/mario/Desktop/MyS/Rover_modelado-simulaci-n/ros2_ws/install/rover_bringup/share/ament_index/resource_index/packages/rover_bringup
[0.653s] -- Installing: /home/mario/Desktop/MyS/Rover_modelado-simulaci-n/ros2_ws/install/rover_bringup/share/rover_bringup/cmake/rover_bringupConfig.cmake
[0.653s] -- Installing: /home/mario/Desktop/MyS/Rover_modelado-simulaci-n/ros2_ws/install/rover_bringup/share/rover_bringup/cmake/rover_bringupConfig-version.cmake
[0.653s] -- Installing: /home/mario/Desktop/MyS/Rover_modelado-simulaci-n/ros2_ws/install/rover_bringup/share/rover_bringup/package.xml
[0.654s] Invoked command in '/home/mario/Desktop/MyS/Rover_modelado-simulaci-n/ros2_ws/build/rover_bringup' returned '0': AMENT_PREFIX_PATH=/home/mario/Desktop/MyS/Rover_modelado-simulaci-n/ros2_ws/install/rover_description:${AMENT_PREFIX_PATH} CMAKE_PREFIX_PATH=/home/mario/Desktop/MyS/Rover_modelado-simulaci-n/ros2_ws/install/rover_description:/opt/ros/jazzy/opt/gz_sim_vendor:/opt/ros/jazzy/opt/gz_sensors_vendor:/opt/ros/jazzy/opt/gz_physics_vendor:/opt/ros/jazzy/opt/sdformat_vendor:/opt/ros/jazzy/opt/gz_gui_vendor:/opt/ros/jazzy/opt/gz_transport_vendor:/opt/ros/jazzy/opt/gz_rendering_vendor:/opt/ros/jazzy/opt/gz_plugin_vendor:/opt/ros/jazzy/opt/gz_fuel_tools_vendor:/opt/ros/jazzy/opt/gz_msgs_vendor:/opt/ros/jazzy/opt/gz_common_vendor:/opt/ros/jazzy/opt/gz_math_vendor:/opt/ros/jazzy/opt/gz_utils_vendor:/opt/ros/jazzy/opt/gz_tools_vendor:/opt/ros/jazzy/opt/gz_ogre_next_vendor:/opt/ros/jazzy/opt/gz_dartsim_vendor:/opt/ros/jazzy/opt/gz_cmake_vendor:/opt/ros/jazzy DEBUGINFOD_URLS=https://debuginfod.ubuntu.com /usr/bin/cmake --install /home/mario/Desktop/MyS/Rover_modelado-simulaci-n/ros2_ws/build/rover_bringup
