[0.011s] Invoking command in '/home/mario/Desktop/MyS/Mario_Casero_Practica3/yet_another_ws/build/rover_description': DEBUGINFOD_URLS=https://debuginfod.ubuntu.com /usr/bin/cmake /home/mario/Desktop/MyS/Mario_Casero_Practica3/yet_another_ws/src/rover_description -DCMAKE_INSTALL_PREFIX=/home/mario/Desktop/MyS/Mario_Casero_Practica3/yet_another_ws/install/rover_description
[0.058s] -- The C compiler identification is GNU 13.3.0
[0.104s] -- The CXX compiler identification is GNU 13.3.0
[0.119s] -- Detecting C compiler ABI info
[0.193s] -- Detecting C compiler ABI info - done
[0.200s] -- Check for working C compiler: /usr/bin/cc - skipped
[0.200s] -- Detecting C compile features
[0.200s] -- Detecting C compile features - done
[0.209s] -- Detecting CXX compiler ABI info
[0.294s] -- Detecting CXX compiler ABI info - done
[0.303s] -- Check for working CXX compiler: /usr/bin/c++ - skipped
[0.303s] -- Detecting CXX compile features
[0.303s] -- Detecting CXX compile features - done
[0.306s] -- Found ament_cmake: 2.5.6 (/opt/ros/jazzy/share/ament_cmake/cmake)
[0.423s] -- Found Python3: /usr/bin/python3 (found version "3.12.3") found components: Interpreter 
[0.524s] -- Found ament_lint_auto: 0.17.5 (/opt/ros/jazzy/share/ament_lint_auto/cmake)
[0.580s] Error parsing '/home/mario/Desktop/MyS/Mario_Casero_Practica3/yet_another_ws/src/rover_description/package.xml':
[1.577s] Traceback (most recent call last):
[1.577s]   File "/opt/ros/jazzy/share/ament_cmake_core/cmake/core/package_xml_2_cmake.py", line 150, in <module>
[1.577s]     main()
[1.577s]   File "/opt/ros/jazzy/share/ament_cmake_core/cmake/core/package_xml_2_cmake.py", line 53, in main
[1.577s]     raise e
[1.577s]   File "/opt/ros/jazzy/share/ament_cmake_core/cmake/core/package_xml_2_cmake.py", line 49, in main
[1.577s]     package = parse_package_string(
[1.578s]               ^^^^^^^^^^^^^^^^^^^^^
[1.578s]   File "/usr/lib/python3/dist-packages/catkin_pkg/package.py", line 788, in parse_package_string
[1.578s]     pkg.validate(warnings=warnings)
[1.578s]   File "/usr/lib/python3/dist-packages/catkin_pkg/package.py", line 330, in validate
[1.578s]     raise InvalidPackage('\n'.join(errors), self.filename)
[1.578s] catkin_pkg.package.InvalidPackage: Error(s) in package '/home/mario/Desktop/MyS/Mario_Casero_Practica3/yet_another_ws/src/rover_description/package.xml':
[1.578s] Package 'rover_description' must declare at least one maintainer
[1.601s] -- Configuring incomplete, errors occurred!
[1.601s] [31mCMake Error at /opt/ros/jazzy/share/ament_cmake_core/cmake/core/ament_package_xml.cmake:95 (message):
[1.601s]   execute_process(/usr/bin/python3
[1.602s]   /opt/ros/jazzy/share/ament_cmake_core/cmake/core/package_xml_2_cmake.py
[1.602s]   /home/mario/Desktop/MyS/Mario_Casero_Practica3/yet_another_ws/src/rover_description/package.xml
[1.602s]   /home/mario/Desktop/MyS/Mario_Casero_Practica3/yet_another_ws/build/rover_description/ament_cmake_core/package.cmake)
[1.602s]   returned error code 1
[1.602s] Call Stack (most recent call first):
[1.602s]   /opt/ros/jazzy/share/ament_cmake_core/cmake/core/ament_package_xml.cmake:49 (_ament_package_xml)
[1.602s]   /opt/ros/jazzy/share/ament_lint_auto/cmake/ament_lint_auto_find_test_dependencies.cmake:31 (ament_package_xml)
[1.602s]   CMakeLists.txt:25 (ament_lint_auto_find_test_dependencies)
[1.602s] 
[1.602s] [0m
